2018-08-28 15:35:55.038565: I tensorflow/core/platform/cpu_feature_guard.cc:140] Your CPU supports instructions that this TensorFlow binary was not compiled to use: SSE4.1 SSE4.2
2018-08-28 15:35:56.214093: I tensorflow/stream_executor/cuda/cuda_gpu_executor.cc:898] successful NUMA node read from SysFS had negative value (-1), but there must be at least one NUMA node, so returning NUMA node zero
2018-08-28 15:35:56.215023: I tensorflow/core/common_runtime/gpu/gpu_device.cc:1356] Found device 0 with properties: 
name: GeForce GTX TITAN X major: 5 minor: 2 memoryClockRate(GHz): 1.076
pciBusID: 0000:05:00.0
totalMemory: 11.93GiB freeMemory: 11.81GiB
2018-08-28 15:35:56.383699: I tensorflow/stream_executor/cuda/cuda_gpu_executor.cc:898] successful NUMA node read from SysFS had negative value (-1), but there must be at least one NUMA node, so returning NUMA node zero
2018-08-28 15:35:56.384422: I tensorflow/core/common_runtime/gpu/gpu_device.cc:1356] Found device 1 with properties: 
name: GeForce GTX 980 Ti major: 5 minor: 2 memoryClockRate(GHz): 1.1395
pciBusID: 0000:07:00.0
totalMemory: 5.93GiB freeMemory: 5.83GiB
2018-08-28 15:35:56.384711: I tensorflow/core/common_runtime/gpu/gpu_device.cc:1435] Adding visible gpu devices: 0, 1
2018-08-28 15:36:01.157829: I tensorflow/core/common_runtime/gpu/gpu_device.cc:923] Device interconnect StreamExecutor with strength 1 edge matrix:
2018-08-28 15:36:01.157875: I tensorflow/core/common_runtime/gpu/gpu_device.cc:929]      0 1 
2018-08-28 15:36:01.157890: I tensorflow/core/common_runtime/gpu/gpu_device.cc:942] 0:   N Y 
2018-08-28 15:36:01.157901: I tensorflow/core/common_runtime/gpu/gpu_device.cc:942] 1:   Y N 
2018-08-28 15:36:01.169007: I tensorflow/core/common_runtime/gpu/gpu_device.cc:1053] Created TensorFlow device (/job:localhost/replica:0/task:0/device:GPU:0 with 11436 MB memory) -> physical GPU (device: 0, name: GeForce GTX TITAN X, pci bus id: 0000:05:00.0, compute capability: 5.2)
2018-08-28 15:36:01.349694: I tensorflow/core/common_runtime/gpu/gpu_device.cc:1053] Created TensorFlow device (/job:localhost/replica:0/task:0/device:GPU:1 with 5609 MB memory) -> physical GPU (device: 1, name: GeForce GTX 980 Ti, pci bus id: 0000:07:00.0, compute capability: 5.2)
Uppercase local vars:
	BATCH_SIZE: 64
	CRITIC_ITERS: 5
	DIM: 64
	ITERS: 100000
	LAMBDA: 10
	MODE: wgan-gp
	OUTPUT_DIM: 3072
Creating train generator with 139 samples.
iter 0	time	18.545695543289185	train disc cost	-2.3263847827911377
iter 1	time	16.22468852996826	train disc cost	-9.904102325439453
iter 2	time	15.498139381408691	train disc cost	-22.191387176513672
iter 3	time	14.930638551712036	train disc cost	-41.05691909790039
iter 4	time	15.18665862083435	train disc cost	-57.649471282958984
iter 99	time	11.63157154886346	train disc cost	-50.52292251586914	dev disc cost	-25.9644775390625
iter 199	time	10.958005833625794	train disc cost	-22.936906814575195	dev disc cost	-21.832035064697266
iter 299	time	11.026111168861389	train disc cost	-19.966445922851562	dev disc cost	-19.498050689697266
iter 399	time	11.041788561344147	train disc cost	-18.409582138061523	dev disc cost	-18.30105209350586
iter 499	time	11.057718067169189	train disc cost	-17.147008895874023	dev disc cost	-16.032352447509766
iter 599	time	11.035898439884186	train disc cost	-16.443626403808594	dev disc cost	-17.017635345458984
iter 699	time	11.065597012043	train disc cost	-15.704822540283203	dev disc cost	-14.201318740844727
iter 799	time	11.087267787456513	train disc cost	-15.067785263061523	dev disc cost	-13.148082733154297
iter 899	time	10.8654136800766	train disc cost	-14.538718223571777	dev disc cost	-14.376693725585938
iter 999	time	11.052939341068267	train disc cost	-13.983562469482422	dev disc cost	-14.189634323120117
iter 1099	time	11.042199709415435	train disc cost	-13.603925704956055	dev disc cost	-14.750754356384277
iter 1199	time	11.010919368267059	train disc cost	-13.20241928100586	dev disc cost	-11.803200721740723
iter 1299	time	11.117477247714996	train disc cost	-12.83236312866211	dev disc cost	-12.530710220336914
iter 1399	time	11.068621683120728	train disc cost	-12.57526969909668	dev disc cost	-12.161776542663574
iter 1499	time	11.070050909519196	train disc cost	-12.292837142944336	dev disc cost	-12.78048324584961
iter 1599	time	11.060209274291992	train disc cost	-12.040526390075684	dev disc cost	-11.659558296203613
iter 1699	time	11.17296838760376	train disc cost	-11.740823745727539	dev disc cost	-11.284303665161133
iter 1799	time	11.166618876457214	train disc cost	-11.683070182800293	dev disc cost	-12.099813461303711
iter 1899	time	11.128356974124909	train disc cost	-11.312226295471191	dev disc cost	-9.90890121459961
iter 1999	time	11.166809203624725	train disc cost	-11.168142318725586	dev disc cost	-10.646249771118164
iter 2099	time	11.148377702236175	train disc cost	-11.044227600097656	dev disc cost	-10.572874069213867
iter 2199	time	11.195669417381287	train disc cost	-10.787054061889648	dev disc cost	-11.092812538146973
iter 2299	time	11.153977537155152	train disc cost	-10.7708158493042	dev disc cost	-11.47065544128418
iter 2399	time	11.133551819324493	train disc cost	-10.715082168579102	dev disc cost	-11.197601318359375
iter 2499	time	11.108833568096161	train disc cost	-10.514026641845703	dev disc cost	-10.715384483337402
iter 2599	time	11.030094738006591	train disc cost	-10.35974407196045	dev disc cost	-10.07297134399414
iter 2699	time	11.062428390979766	train disc cost	-10.195117950439453	dev disc cost	-10.72413444519043
iter 2799	time	10.838832597732544	train disc cost	-10.034793853759766	dev disc cost	-9.82656478881836
iter 2899	time	10.971391339302063	train disc cost	-9.945528984069824	dev disc cost	-10.080531120300293
iter 2999	time	10.961321246623992	train disc cost	-9.861132621765137	dev disc cost	-9.520618438720703
iter 3099	time	10.944403736591338	train disc cost	-9.80653190612793	dev disc cost	-9.25770378112793
iter 3199	time	11.008928546905517	train disc cost	-9.885703086853027	dev disc cost	-10.778329849243164
iter 3299	time	11.023582966327668	train disc cost	-9.628682136535645	dev disc cost	-9.376130104064941
iter 3399	time	10.84635327577591	train disc cost	-9.533833503723145	dev disc cost	-9.53060531616211
iter 3499	time	10.888755648136138	train disc cost	-9.418963432312012	dev disc cost	-10.01193904876709
iter 3599	time	10.913126237392426	train disc cost	-9.429760932922363	dev disc cost	-9.6405668258667
iter 3699	time	11.05719820022583	train disc cost	-9.237483024597168	dev disc cost	-9.463382720947266
iter 3799	time	11.005093598365784	train disc cost	-9.197710990905762	dev disc cost	-9.119807243347168
iter 3899	time	10.910008652210236	train disc cost	-9.128698348999023	dev disc cost	-9.124682426452637
iter 3999	time	11.031556935310364	train disc cost	-8.997695922851562	dev disc cost	-8.96543025970459
iter 4099	time	11.08893440246582	train disc cost	-8.96519660949707	dev disc cost	-8.895846366882324
iter 4199	time	11.101505177021027	train disc cost	-8.866416931152344	dev disc cost	-8.69804573059082
iter 4299	time	10.960858013629913	train disc cost	-8.796175956726074	dev disc cost	-8.099392890930176
iter 4399	time	10.855811791419983	train disc cost	-8.747535705566406	dev disc cost	-9.021546363830566
iter 4499	time	10.913473162651062	train disc cost	-8.683697700500488	dev disc cost	-8.45494270324707
iter 4599	time	11.01045871257782	train disc cost	-8.615039825439453	dev disc cost	-8.768974304199219
iter 4699	time	10.948326876163483	train disc cost	-8.568583488464355	dev disc cost	-8.891018867492676
iter 4799	time	11.00422775030136	train disc cost	-8.54214096069336	dev disc cost	-8.37586498260498
iter 4899	time	10.891110153198243	train disc cost	-8.429256439208984	dev disc cost	-8.238651275634766
iter 4999	time	10.95204419851303	train disc cost	-8.376407623291016	dev disc cost	-8.50913143157959
iter 5099	time	10.844088656902313	train disc cost	-8.39569091796875	dev disc cost	-7.937183380126953
iter 5199	time	11.000844399929047	train disc cost	-8.345076560974121	dev disc cost	-7.9870100021362305
iter 5299	time	10.975150175094605	train disc cost	-8.324850082397461	dev disc cost	-8.782209396362305
iter 5399	time	11.063973369598388	train disc cost	-8.186902046203613	dev disc cost	-7.637697219848633
iter 5499	time	10.913587062358856	train disc cost	-8.133286476135254	dev disc cost	-7.659797668457031
iter 5599	time	11.114334435462952	train disc cost	-8.126709938049316	dev disc cost	-8.555891990661621
iter 5699	time	11.072440764904023	train disc cost	-8.019665718078613	dev disc cost	-7.812139511108398
iter 5799	time	11.082191345691681	train disc cost	-8.113880157470703	dev disc cost	-8.971423149108887
iter 5899	time	11.07550931930542	train disc cost	-7.997352123260498	dev disc cost	-7.805022239685059
iter 5999	time	11.163393492698669	train disc cost	-7.9432172775268555	dev disc cost	-7.577953815460205
iter 6099	time	10.963107419013976	train disc cost	-7.904801845550537	dev disc cost	-7.570230484008789
iter 6199	time	10.99748952627182	train disc cost	-7.855646133422852	dev disc cost	-8.011711120605469
iter 6299	time	10.977153408527375	train disc cost	-7.880342483520508	dev disc cost	-7.589886665344238
iter 6399	time	11.039099435806275	train disc cost	-7.7374725341796875	dev disc cost	-8.538023948669434
iter 6499	time	10.975236897468568	train disc cost	-7.762803554534912	dev disc cost	-7.587904930114746
iter 6599	time	10.99988967180252	train disc cost	-7.723944187164307	dev disc cost	-8.457622528076172
iter 6699	time	11.021683197021485	train disc cost	-7.698629856109619	dev disc cost	-7.2286834716796875
iter 6799	time	10.958228614330292	train disc cost	-7.543949127197266	dev disc cost	-8.040731430053711
iter 6899	time	10.921559545993805	train disc cost	-7.586468696594238	dev disc cost	-8.017186164855957
iter 6999	time	10.941670670509339	train disc cost	-7.548925399780273	dev disc cost	-7.460434436798096
iter 7099	time	11.048507227897645	train disc cost	-7.5248703956604	dev disc cost	-7.419442653656006
iter 7199	time	11.128689839839936	train disc cost	-7.517427444458008	dev disc cost	-8.248859405517578
iter 7299	time	11.06181599855423	train disc cost	-7.559502124786377	dev disc cost	-7.184001922607422
iter 7399	time	11.035100972652435	train disc cost	-7.4241042137146	dev disc cost	-6.954974174499512
iter 7499	time	11.030058913230896	train disc cost	-7.448228359222412	dev disc cost	-7.133595943450928
iter 7599	time	11.003026895523071	train disc cost	-7.4676833152771	dev disc cost	-7.261502742767334