2018-07-28 16:21:02.937238: I tensorflow/core/platform/cpu_feature_guard.cc:140] Your CPU supports instructions that this TensorFlow binary was not compiled to use: SSE4.1 SSE4.2
2018-07-28 16:21:04.135516: I tensorflow/stream_executor/cuda/cuda_gpu_executor.cc:898] successful NUMA node read from SysFS had negative value (-1), but there must be at least one NUMA node, so returning NUMA node zero
2018-07-28 16:21:04.136403: I tensorflow/core/common_runtime/gpu/gpu_device.cc:1356] Found device 0 with properties: 
name: GeForce GTX TITAN X major: 5 minor: 2 memoryClockRate(GHz): 1.076
pciBusID: 0000:05:00.0
totalMemory: 11.93GiB freeMemory: 11.81GiB
2018-07-28 16:21:04.304623: I tensorflow/stream_executor/cuda/cuda_gpu_executor.cc:898] successful NUMA node read from SysFS had negative value (-1), but there must be at least one NUMA node, so returning NUMA node zero
2018-07-28 16:21:04.305354: I tensorflow/core/common_runtime/gpu/gpu_device.cc:1356] Found device 1 with properties: 
name: GeForce GTX 980 Ti major: 5 minor: 2 memoryClockRate(GHz): 1.1395
pciBusID: 0000:07:00.0
totalMemory: 5.93GiB freeMemory: 5.83GiB
2018-07-28 16:21:04.305657: I tensorflow/core/common_runtime/gpu/gpu_device.cc:1435] Adding visible gpu devices: 0, 1
2018-07-28 16:21:04.854259: I tensorflow/core/common_runtime/gpu/gpu_device.cc:923] Device interconnect StreamExecutor with strength 1 edge matrix:
2018-07-28 16:21:04.854312: I tensorflow/core/common_runtime/gpu/gpu_device.cc:929]      0 1 
2018-07-28 16:21:04.854325: I tensorflow/core/common_runtime/gpu/gpu_device.cc:942] 0:   N Y 
2018-07-28 16:21:04.854335: I tensorflow/core/common_runtime/gpu/gpu_device.cc:942] 1:   Y N 
2018-07-28 16:21:04.854759: I tensorflow/core/common_runtime/gpu/gpu_device.cc:1053] Created TensorFlow device (/job:localhost/replica:0/task:0/device:GPU:0 with 11436 MB memory) -> physical GPU (device: 0, name: GeForce GTX TITAN X, pci bus id: 0000:05:00.0, compute capability: 5.2)
2018-07-28 16:21:05.023632: I tensorflow/core/common_runtime/gpu/gpu_device.cc:1053] Created TensorFlow device (/job:localhost/replica:0/task:0/device:GPU:1 with 5609 MB memory) -> physical GPU (device: 1, name: GeForce GTX 980 Ti, pci bus id: 0000:07:00.0, compute capability: 5.2)
Uppercase local vars:
	BATCH_SIZE: 64
	CRITIC_ITERS: 5
	DIM: 128
	ITERS: 200000
	LAMBDA: 10
	MODE: wgan-gp
	OUTPUT_DIM: 3072
Creating train generator with 110 samples.
iter 0	time	7.179395437240601	train disc cost	-7.970613479614258
iter 1	time	6.105360746383667	train disc cost	-20.553144454956055
iter 2	time	5.744469404220581	train disc cost	-27.10055160522461
iter 3	time	5.8467042446136475	train disc cost	-30.3829402923584
iter 4	time	5.772423982620239	train disc cost	-30.64651870727539
Creating test generator with 48 samples.
iter 99	dev disc cost	-17.82880973815918	time	5.76621574602629	train disc cost	-27.24170684814453
iter 199	dev disc cost	-8.96328353881836	time	5.747947082519532	train disc cost	-22.445802688598633
iter 299	dev disc cost	-5.293679237365723	time	5.665735814571381	train disc cost	-23.6955509185791
iter 399	dev disc cost	-4.945802688598633	time	5.706765084266663	train disc cost	-23.415403366088867
iter 499	dev disc cost	-3.4287827014923096	time	5.739706335067749	train disc cost	-23.983627319335938
iter 599	dev disc cost	-3.284165382385254	time	5.76206469297409	train disc cost	-23.945846557617188
iter 699	dev disc cost	1.2715015411376953	time	5.753278293609619	train disc cost	-24.16187286376953
iter 799	dev disc cost	-1.6466431617736816	time	5.769343147277832	train disc cost	-24.18439483642578
iter 899	dev disc cost	-1.085587501525879	time	5.731785383224487	train disc cost	-23.912744522094727
iter 999	dev disc cost	-0.013229608535766602	time	5.75227438211441	train disc cost	-23.93426513671875
iter 1099	dev disc cost	-3.220006227493286	time	5.735669021606445	train disc cost	-23.737098693847656
iter 1199	dev disc cost	-2.0294816493988037	time	5.762713787555694	train disc cost	-23.843738555908203
iter 1299	dev disc cost	-0.7870988845825195	time	5.775099573135376	train disc cost	-23.452831268310547
iter 1399	dev disc cost	1.7323212623596191	time	5.741857166290283	train disc cost	-23.312501907348633
iter 1499	dev disc cost	2.776421308517456	time	5.710790510177612	train disc cost	-23.281118392944336
iter 1599	dev disc cost	-1.3604421615600586	time	5.742854039669037	train disc cost	-22.816076278686523
iter 1699	dev disc cost	1.6647672653198242	time	5.798759310245514	train disc cost	-22.805002212524414
iter 1799	dev disc cost	-0.3075106143951416	time	5.765030035972595	train disc cost	-22.726158142089844
iter 1899	dev disc cost	1.690940499305725	time	5.701374795436859	train disc cost	-22.635290145874023
iter 1999	dev disc cost	1.3604815006256104	time	5.71048816204071	train disc cost	-22.225444793701172
iter 2099	dev disc cost	0.31490397453308105	time	5.683180735111237	train disc cost	-22.268522262573242
iter 2199	dev disc cost	3.5421712398529053	time	5.688527846336365	train disc cost	-21.835529327392578
iter 2299	dev disc cost	3.29482364654541	time	5.750172636508942	train disc cost	-21.81720733642578
iter 2399	dev disc cost	3.816621780395508	time	5.72965636253357	train disc cost	-21.710386276245117
iter 2499	dev disc cost	3.0004067420959473	time	5.701625351905823	train disc cost	-21.674785614013672
iter 2599	dev disc cost	1.1376922130584717	time	5.680518820285797	train disc cost	-21.380146026611328
iter 2699	dev disc cost	0.05371594429016113	time	5.688787591457367	train disc cost	-21.203935623168945
iter 2799	dev disc cost	4.628430366516113	time	5.660466048717499	train disc cost	-21.123706817626953
iter 2899	dev disc cost	5.32791805267334	time	5.666796126365662	train disc cost	-21.08135223388672
iter 2999	dev disc cost	2.3445188999176025	time	5.6249791169166565	train disc cost	-20.93307876586914
iter 3099	dev disc cost	0.6257176399230957	time	5.65265558719635	train disc cost	-20.871959686279297
iter 3199	dev disc cost	4.866988658905029	time	5.704522805213928	train disc cost	-20.834877014160156
iter 3299	dev disc cost	1.9809021949768066	time	5.752912826538086	train disc cost	-20.518827438354492
iter 3399	dev disc cost	2.9267120361328125	time	5.730900332927704	train disc cost	-20.397031784057617
iter 3499	dev disc cost	2.8534207344055176	time	5.732264103889466	train disc cost	-20.447799682617188
iter 3599	dev disc cost	1.3947864770889282	time	5.773385488986969	train disc cost	-20.153318405151367
iter 3699	dev disc cost	4.3652544021606445	time	5.633156664371491	train disc cost	-20.193742752075195
iter 3799	dev disc cost	2.456303596496582	time	5.718621056079865	train disc cost	-20.071216583251953
iter 3899	dev disc cost	2.0082197189331055	time	5.751410961151123	train disc cost	-19.98738670349121
iter 3999	dev disc cost	5.308102130889893	time	5.639302961826324	train disc cost	-19.839841842651367
iter 4099	dev disc cost	3.0936429500579834	time	5.67909149646759	train disc cost	-19.7905330657959
iter 4199	dev disc cost	4.037325859069824	time	5.673892483711243	train disc cost	-19.775182723999023
iter 4299	dev disc cost	2.8649511337280273	time	5.708956172466278	train disc cost	-19.679052352905273
iter 4399	dev disc cost	4.766714096069336	time	5.688659908771515	train disc cost	-19.548534393310547
iter 4499	dev disc cost	3.925450325012207	time	5.678849918842316	train disc cost	-19.495197296142578
iter 4599	dev disc cost	2.297741174697876	time	5.642963593006134	train disc cost	-19.160261154174805
iter 4699	dev disc cost	7.418451309204102	time	5.673984987735748	train disc cost	-19.232938766479492
iter 4799	dev disc cost	3.1407251358032227	time	5.6727583432197575	train disc cost	-19.360708236694336
iter 4899	dev disc cost	3.892695903778076	time	5.638105707168579	train disc cost	-19.22332000732422
iter 4999	dev disc cost	3.6954658031463623	time	5.754799375534057	train disc cost	-19.085224151611328
iter 5099	dev disc cost	2.964913845062256	time	5.7516983079910275	train disc cost	-18.857481002807617
iter 5199	dev disc cost	3.585664987564087	time	5.740630526542663	train disc cost	-18.940893173217773
iter 5299	dev disc cost	2.0369303226470947	time	5.74111525297165	train disc cost	-18.861757278442383
iter 5399	dev disc cost	4.225170135498047	time	5.639040634632111	train disc cost	-18.87152671813965
iter 5499	dev disc cost	1.5776413679122925	time	5.694302666187286	train disc cost	-18.59173011779785
iter 5599	dev disc cost	2.5206410884857178	time	5.638949089050293	train disc cost	-18.68195915222168
iter 5699	dev disc cost	3.3237030506134033	time	5.705683164596557	train disc cost	-18.632217407226562
iter 5799	dev disc cost	4.605605602264404	time	5.725316705703736	train disc cost	-18.279022216796875
iter 5899	dev disc cost	4.492664813995361	time	5.704601550102234	train disc cost	-18.347326278686523
iter 5999	dev disc cost	4.396888256072998	time	5.736203393936157	train disc cost	-18.196443557739258
iter 6099	dev disc cost	2.727078914642334	time	5.690647006034851	train disc cost	-18.162744522094727
iter 6199	dev disc cost	2.9921112060546875	time	5.672393341064453	train disc cost	-18.056865692138672
iter 6299	dev disc cost	2.932093620300293	time	5.693354551792145	train disc cost	-18.231037139892578
iter 6399	dev disc cost	2.191183090209961	time	5.71208214521408	train disc cost	-17.95290184020996
iter 6499	dev disc cost	5.157400608062744	time	5.702771558761596	train disc cost	-17.95125961303711
iter 6599	dev disc cost	5.967527389526367	time	5.719342176914215	train disc cost	-18.018640518188477
iter 6699	dev disc cost	4.3850250244140625	time	5.722102937698364	train disc cost	-17.666135787963867
iter 6799	dev disc cost	5.528127670288086	time	5.668692500591278	train disc cost	-17.690465927124023
iter 6899	dev disc cost	6.895417213439941	time	5.7102292323112485	train disc cost	-17.686067581176758
iter 6999	dev disc cost	3.6571147441864014	time	5.682904098033905	train disc cost	-17.550935745239258
iter 7099	dev disc cost	7.5021562576293945	time	5.699377698898315	train disc cost	-17.558216094970703
iter 7199	dev disc cost	4.445608139038086	time	5.7091029047966	train disc cost	-17.61909294128418
iter 7299	dev disc cost	3.903717517852783	time	5.659123256206512	train disc cost	-17.482240676879883
iter 7399	dev disc cost	7.367740631103516	time	5.683730340003967	train disc cost	-17.465333938598633
iter 7499	dev disc cost	3.5592103004455566	time	5.721643662452697	train disc cost	-17.020648956298828
iter 7599	dev disc cost	4.64084529876709	time	5.722691972255706	train disc cost	-17.275556564331055
iter 7699	dev disc cost	3.123514413833618	time	5.733654620647431	train disc cost	-17.120817184448242
iter 7799	dev disc cost	4.037343978881836	time	5.748419947624207	train disc cost	-17.156089782714844
iter 7899	dev disc cost	4.551271438598633	time	5.7426695108413695	train disc cost	-17.298688888549805
iter 7999	dev disc cost	5.638588905334473	time	5.6425724649429325	train disc cost	-17.025634765625
iter 8099	dev disc cost	2.3388113975524902	time	5.698620793819427	train disc cost	-16.963838577270508
iter 8199	dev disc cost	6.014461517333984	time	5.691062667369843	train disc cost	-17.12420082092285
iter 8299	dev disc cost	4.810419082641602	time	5.655575971603394	train disc cost	-16.83661651611328
iter 8399	dev disc cost	4.3502197265625	time	5.651054491996765	train disc cost	-16.814085006713867
iter 8499	dev disc cost	5.547202110290527	time	5.652487905025482	train disc cost	-17.105449676513672
iter 8599	dev disc cost	3.2540524005889893	time	5.711332664489746	train disc cost	-16.781692504882812
iter 8699	dev disc cost	4.319327354431152	time	5.700993990898132	train disc cost	-16.63359260559082
iter 8799	dev disc cost	6.319748878479004	time	5.675900914669037	train disc cost	-16.70014190673828
iter 8899	dev disc cost	4.374020099639893	time	5.706155083179474	train disc cost	-16.800264358520508
iter 8999	dev disc cost	4.845661640167236	time	5.7072252368927	train disc cost	-16.759990692138672
iter 9099	dev disc cost	4.677972793579102	time	5.714809942245483	train disc cost	-16.447858810424805
iter 9199	dev disc cost	6.064299583435059	time	5.705038967132569	train disc cost	-16.495044708251953
iter 9299	dev disc cost	4.838598728179932	time	5.696708259582519	train disc cost	-16.411035537719727
iter 9399	dev disc cost	6.069664001464844	time	5.7018616986274715	train disc cost	-16.51836395263672
iter 9499	dev disc cost	2.489027500152588	time	5.669682922363282	train disc cost	-16.388761520385742
iter 9599	dev disc cost	6.527331352233887	time	5.686408791542053	train disc cost	-16.229093551635742
iter 9699	dev disc cost	4.286272048950195	time	5.676527669429779	train disc cost	-16.263290405273438
iter 9799	dev disc cost	6.603761672973633	time	5.76472427368164	train disc cost	-16.296897888183594
iter 9899	dev disc cost	6.612509727478027	time	5.6785493755340575	train disc cost	-16.292701721191406
iter 9999	dev disc cost	4.78613805770874	time	5.718652656078339	train disc cost	-16.17140769958496
iter 10099	dev disc cost	4.304408073425293	time	5.7006555485725405	train disc cost	-16.345911026000977
iter 10199	dev disc cost	6.482714653015137	time	5.676740684509277	train disc cost	-16.167070388793945
iter 10299	dev disc cost	4.47831392288208	time	5.691645731925965	train disc cost	-16.109132766723633
iter 10399	dev disc cost	7.10836124420166	time	5.6745930099487305	train disc cost	-16.056734085083008
iter 10499	dev disc cost	6.348929405212402	time	5.606185204982758	train disc cost	-15.949545860290527
iter 10599	dev disc cost	3.7748920917510986	time	5.6600792956352235	train disc cost	-15.876967430114746
iter 10699	dev disc cost	3.3562846183776855	time	5.729915561676026	train disc cost	-15.93948745727539
iter 10799	dev disc cost	6.438991546630859	time	5.73242678642273	train disc cost	-15.536873817443848
iter 10899	dev disc cost	3.6179611682891846	time	5.70072413444519	train disc cost	-15.6580171585083
iter 10999	dev disc cost	5.564694881439209	time	5.6960474038124085	train disc cost	-15.837427139282227
iter 11099	dev disc cost	3.3675272464752197	time	5.644058270454407	train disc cost	-15.58751106262207
iter 11199	dev disc cost	7.439659595489502	time	5.69234011888504	train disc cost	-15.726363182067871
iter 11299	dev disc cost	5.038745880126953	time	5.6041174364089965	train disc cost	-15.666090965270996
iter 11399	dev disc cost	5.57231330871582	time	5.640908658504486	train disc cost	-15.566877365112305
iter 11499	dev disc cost	5.747167110443115	time	5.597170448303222	train disc cost	-15.503314018249512
iter 11599	dev disc cost	6.330909729003906	time	5.692278501987457	train disc cost	-15.480337142944336
iter 11699	dev disc cost	5.040894508361816	time	5.667014322280884	train disc cost	-15.453743934631348
iter 11799	dev disc cost	5.716628551483154	time	5.743836834430694	train disc cost	-15.438830375671387
iter 11899	dev disc cost	8.12820053100586	time	5.736038107872009	train disc cost	-15.327693939208984
iter 11999	dev disc cost	4.132976531982422	time	5.672456338405609	train disc cost	-15.485383033752441
iter 12099	dev disc cost	2.313760757446289	time	5.715238661766052	train disc cost	-15.376337051391602
iter 12199	dev disc cost	3.4092254638671875	time	5.699718244075775	train disc cost	-15.443490982055664
iter 12299	dev disc cost	7.321974754333496	time	5.691620316505432	train disc cost	-15.242807388305664
iter 12399	dev disc cost	5.960135459899902	time	5.720351650714874	train disc cost	-15.233223915100098
iter 12499	dev disc cost	5.87916374206543	time	5.6265433883666995	train disc cost	-15.173174858093262
iter 12599	dev disc cost	4.173861980438232	time	5.670714066028595	train disc cost	-15.134361267089844
iter 12699	dev disc cost	3.950972318649292	time	5.658598334789276	train disc cost	-15.110577583312988
iter 12799	dev disc cost	4.625466823577881	time	5.692532117366791	train disc cost	-15.065387725830078
iter 12899	dev disc cost	6.066971302032471	time	5.684525730609894	train disc cost	-15.11011028289795
iter 12999	dev disc cost	7.635866641998291	time	5.711939089298248	train disc cost	-14.897626876831055
iter 13099	dev disc cost	4.122623443603516	time	5.7012784695625305	train disc cost	-14.928288459777832
iter 13199	dev disc cost	2.513568162918091	time	5.634760963916778	train disc cost	-14.984048843383789
iter 13299	dev disc cost	4.568138122558594	time	5.689043135643005	train disc cost	-14.977045059204102
iter 13399	dev disc cost	4.399563312530518	time	5.706496682167053	train disc cost	-15.059469223022461
iter 13499	dev disc cost	6.187276840209961	time	5.629498469829559	train disc cost	-14.806252479553223
iter 13599	dev disc cost	4.634675979614258	time	5.705470056533813	train disc cost	-14.628650665283203
iter 13699	dev disc cost	4.153763771057129	time	5.671616187095642	train disc cost	-14.798040390014648
iter 13799	dev disc cost	4.795093059539795	time	5.673528451919555	train disc cost	-14.823535919189453
iter 13899	dev disc cost	6.182271957397461	time	5.748920588493347	train disc cost	-14.756936073303223
iter 13999	dev disc cost	4.892757415771484	time	5.7249925780296325	train disc cost	-14.862582206726074
iter 14099	dev disc cost	5.461737632751465	time	5.7400874376296995	train disc cost	-14.801936149597168
iter 14199	dev disc cost	2.811764717102051	time	5.712605438232422	train disc cost	-14.638821601867676
iter 14299	dev disc cost	7.918968200683594	time	5.704447569847107	train disc cost	-14.545926094055176
iter 14399	dev disc cost	7.213686943054199	time	5.631706545352936	train disc cost	-14.572352409362793
iter 14499	dev disc cost	2.538522243499756	time	5.692297370433807	train disc cost	-14.574875831604004
iter 14599	dev disc cost	6.844048500061035	time	5.612428944110871	train disc cost	-14.653861045837402
iter 14699	dev disc cost	6.544631481170654	time	5.6720528364181515	train disc cost	-14.65226936340332
iter 14799	dev disc cost	5.4169793128967285	time	5.647985458374023	train disc cost	-14.416403770446777
iter 14899	dev disc cost	5.560274600982666	time	5.646517248153686	train disc cost	-14.345808029174805
iter 14999	dev disc cost	5.3895087242126465	time	5.719576733112335	train disc cost	-14.419960021972656
iter 15099	dev disc cost	7.128176689147949	time	5.766899604797363	train disc cost	-14.40969467163086
iter 15199	dev disc cost	7.470849514007568	time	5.650554010868072	train disc cost	-14.364240646362305
iter 15299	dev disc cost	5.653896331787109	time	5.686185810565949	train disc cost	-14.262226104736328
iter 15399	dev disc cost	7.24388313293457	time	5.709268832206726	train disc cost	-14.210824012756348
iter 15499	dev disc cost	7.426799774169922	time	5.627644555568695	train disc cost	-14.228328704833984
iter 15599	dev disc cost	6.163290023803711	time	5.698897984027862	train disc cost	-14.139305114746094
iter 15699	dev disc cost	7.8971686363220215	time	5.66582736492157	train disc cost	-14.496060371398926
iter 15799	dev disc cost	6.01783561706543	time	5.678491623401642	train disc cost	-14.1553316116333
iter 15899	dev disc cost	4.227408409118652	time	5.657563374042511	train disc cost	-14.005157470703125
iter 15999	dev disc cost	5.586082935333252	time	5.7448418641090395	train disc cost	-14.227642059326172
iter 16099	dev disc cost	9.100927352905273	time	5.727669444084167	train disc cost	-14.32673454284668
iter 16199	dev disc cost	6.514801025390625	time	5.711177973747254	train disc cost	-13.94458293914795
iter 16299	dev disc cost	4.934919357299805	time	5.639984047412872	train disc cost	-14.162363052368164
iter 16399	dev disc cost	5.69039249420166	time	5.714311811923981	train disc cost	-13.94637680053711
iter 16499	dev disc cost	6.799673080444336	time	5.723191223144531	train disc cost	-13.956623077392578
iter 16599	dev disc cost	5.528521537780762	time	5.668384683132172	train disc cost	-13.920575141906738
iter 16699	dev disc cost	5.766730308532715	time	5.618614335060119	train disc cost	-13.953413009643555
iter 16799	dev disc cost	7.474176406860352	time	5.603824968338013	train disc cost	-13.917864799499512
iter 16899	dev disc cost	3.882294178009033	time	5.6821697282791135	train disc cost	-13.844970703125
iter 16999	dev disc cost	6.158364295959473	time	5.673762066364288	train disc cost	-13.938593864440918
iter 17099	dev disc cost	5.506813049316406	time	5.736987073421478	train disc cost	-13.881448745727539
iter 17199	dev disc cost	5.682476997375488	time	5.725042297840118	train disc cost	-13.83285903930664
iter 17299	dev disc cost	5.1192731857299805	time	5.647210352420807	train disc cost	-13.932368278503418
iter 17399	dev disc cost	4.845169544219971	time	5.715339136123657	train disc cost	-13.799053192138672
iter 17499	dev disc cost	5.750889778137207	time	5.720080733299255	train disc cost	-13.804944038391113
iter 17599	dev disc cost	5.087614059448242	time	5.677865948677063	train disc cost	-13.597931861877441
iter 17699	dev disc cost	9.33421516418457	time	5.668477289676666	train disc cost	-13.652295112609863
iter 17799	dev disc cost	6.065943241119385	time	5.699697122573853	train disc cost	-13.731695175170898
iter 17899	dev disc cost	7.77976131439209	time	5.698590180873871	train disc cost	-13.563332557678223
iter 17999	dev disc cost	5.317660808563232	time	5.659667847156524	train disc cost	-13.556601524353027
iter 18099	dev disc cost	5.939296245574951	time	5.610532393455506	train disc cost	-13.58804702758789
iter 18199	dev disc cost	6.828234672546387	time	5.68138168334961	train disc cost	-13.5977144241333
iter 18299	dev disc cost	6.871974945068359	time	5.672093117237091	train disc cost	-13.616155624389648
iter 18399	dev disc cost	3.910410165786743	time	5.665152714252472	train disc cost	-13.624107360839844
iter 18499	dev disc cost	5.795332908630371	time	5.641887414455414	train disc cost	-13.363265037536621
iter 18599	dev disc cost	4.547970771789551	time	5.709312820434571	train disc cost	-13.638559341430664
iter 18699	dev disc cost	6.568020820617676	time	5.648098709583283	train disc cost	-13.152071952819824
iter 18799	dev disc cost	8.230810165405273	time	5.691874272823334	train disc cost	-13.353612899780273
iter 18899	dev disc cost	5.244004249572754	time	5.692358319759369	train disc cost	-13.374777793884277
iter 18999	dev disc cost	9.617315292358398	time	5.629543282985687	train disc cost	-13.307195663452148
iter 19099	dev disc cost	5.833738327026367	time	5.6919614028930665	train disc cost	-13.529199600219727
iter 19199	dev disc cost	7.570706367492676	time	5.705365340709687	train disc cost	-13.352729797363281
iter 19299	dev disc cost	4.492600917816162	time	5.7037021040916445	train disc cost	-13.280394554138184
iter 19399	dev disc cost	5.84199857711792	time	5.75247433423996	train disc cost	-13.232344627380371
iter 19499	dev disc cost	6.941558837890625	time	5.743935244083405	train disc cost	-13.43267822265625
iter 19599	dev disc cost	8.999591827392578	time	5.72906268119812	train disc cost	-13.504389762878418
iter 19699	dev disc cost	7.633092403411865	time	5.724420781135559	train disc cost	-13.280980110168457
iter 19799	dev disc cost	6.961215496063232	time	5.745862951278687	train disc cost	-13.316210746765137
iter 19899	dev disc cost	6.369974613189697	time	5.7444396042823795	train disc cost	-13.15880012512207
iter 19999	dev disc cost	7.907168865203857	time	5.7000126767158505	train disc cost	-13.239535331726074
iter 20099	dev disc cost	4.355578422546387	time	5.670017712116241	train disc cost	-13.13636589050293
iter 20199	dev disc cost	6.131561756134033	time	5.68379974603653	train disc cost	-13.082733154296875
iter 20299	dev disc cost	7.901834964752197	time	5.7012111496925355	train disc cost	-13.196084976196289
iter 20399	dev disc cost	6.608687877655029	time	5.667159006595612	train disc cost	-13.279311180114746
iter 20499	dev disc cost	6.504207611083984	time	5.725561807155609	train disc cost	-13.164231300354004
iter 20599	dev disc cost	6.746516227722168	time	5.737800104618072	train disc cost	-13.010266304016113
iter 20699	dev disc cost	6.19263219833374	time	5.722369747161865	train disc cost	-12.98137092590332
iter 20799	dev disc cost	6.815264701843262	time	5.652267708778381	train disc cost	-13.041804313659668
iter 20899	dev disc cost	7.323265075683594	time	5.6845609784126285	train disc cost	-13.019401550292969
iter 20999	dev disc cost	8.153863906860352	time	5.696849203109741	train disc cost	-12.891862869262695
iter 21099	dev disc cost	5.062344074249268	time	5.714102320671081	train disc cost	-13.076738357543945
iter 21199	dev disc cost	7.680729866027832	time	5.678616256713867	train disc cost	-13.010573387145996
iter 21299	dev disc cost	7.400108337402344	time	5.687532775402069	train disc cost	-12.810543060302734
iter 21399	dev disc cost	5.851431369781494	time	5.710928471088409	train disc cost	-12.948138236999512
iter 21499	dev disc cost	8.685791015625	time	5.693916716575623	train disc cost	-12.9116792678833
iter 21599	dev disc cost	8.228670120239258	time	5.682604329586029	train disc cost	-12.979643821716309
iter 21699	dev disc cost	2.7293307781219482	time	5.760358548164367	train disc cost	-13.023689270019531
iter 21799	dev disc cost	6.694707870483398	time	5.779428598880767	train disc cost	-12.934659004211426
iter 21899	dev disc cost	8.657537460327148	time	5.739009709358215	train disc cost	-12.908557891845703
iter 21999	dev disc cost	4.937853813171387	time	5.72656614780426	train disc cost	-12.668395042419434
iter 22099	dev disc cost	6.984591484069824	time	5.719820590019226	train disc cost	-12.905643463134766
iter 22199	dev disc cost	8.614542007446289	time	5.642517945766449	train disc cost	-12.713881492614746
iter 22299	dev disc cost	5.410548210144043	time	5.705642476081848	train disc cost	-12.7354154586792
iter 22399	dev disc cost	6.73237419128418	time	5.686532099246978	train disc cost	-12.7450590133667
iter 22499	dev disc cost	6.7638959884643555	time	5.715181930065155	train disc cost	-12.66568374633789
iter 22599	dev disc cost	8.671195983886719	time	5.712931759357453	train disc cost	-12.929887771606445
iter 22699	dev disc cost	4.241121292114258	time	5.6884420561790465	train disc cost	-12.635826110839844
iter 22799	dev disc cost	7.36915397644043	time	5.7156700205802915	train disc cost	-12.666836738586426
iter 22899	dev disc cost	7.888889789581299	time	5.688488819599152	train disc cost	-12.635644912719727
iter 22999	dev disc cost	5.68199348449707	time	5.769579432010651	train disc cost	-12.751709938049316
iter 23099	dev disc cost	7.913130283355713	time	5.676382777690887	train disc cost	-12.625740051269531
iter 23199	dev disc cost	5.103690147399902	time	5.724508361816406	train disc cost	-12.608951568603516
iter 23299	dev disc cost	7.301061630249023	time	5.689487097263336	train disc cost	-12.678160667419434
iter 23399	dev disc cost	9.056550025939941	time	5.721807990074158	train disc cost	-12.514327049255371
iter 23499	dev disc cost	8.64899730682373	time	5.71036860704422	train disc cost	-12.702045440673828
iter 23599	dev disc cost	6.262434005737305	time	5.64223935842514	train disc cost	-12.583819389343262
iter 23699	dev disc cost	8.775943756103516	time	5.715114691257477	train disc cost	-12.726452827453613
iter 23799	dev disc cost	6.811161994934082	time	5.677824592590332	train disc cost	-12.501784324645996