2018-07-26 15:05:56.013960: I tensorflow/core/platform/cpu_feature_guard.cc:140] Your CPU supports instructions that this TensorFlow binary was not compiled to use: SSE4.1 SSE4.2
2018-07-26 15:05:57.198248: I tensorflow/stream_executor/cuda/cuda_gpu_executor.cc:898] successful NUMA node read from SysFS had negative value (-1), but there must be at least one NUMA node, so returning NUMA node zero
2018-07-26 15:05:57.199146: I tensorflow/core/common_runtime/gpu/gpu_device.cc:1356] Found device 0 with properties: 
name: GeForce GTX TITAN X major: 5 minor: 2 memoryClockRate(GHz): 1.076
pciBusID: 0000:05:00.0
totalMemory: 11.93GiB freeMemory: 11.81GiB
2018-07-26 15:05:57.371149: I tensorflow/stream_executor/cuda/cuda_gpu_executor.cc:898] successful NUMA node read from SysFS had negative value (-1), but there must be at least one NUMA node, so returning NUMA node zero
2018-07-26 15:05:57.371894: I tensorflow/core/common_runtime/gpu/gpu_device.cc:1356] Found device 1 with properties: 
name: GeForce GTX 980 Ti major: 5 minor: 2 memoryClockRate(GHz): 1.1395
pciBusID: 0000:07:00.0
totalMemory: 5.93GiB freeMemory: 5.83GiB
2018-07-26 15:05:57.372202: I tensorflow/core/common_runtime/gpu/gpu_device.cc:1435] Adding visible gpu devices: 0, 1
2018-07-26 15:05:57.918344: I tensorflow/core/common_runtime/gpu/gpu_device.cc:923] Device interconnect StreamExecutor with strength 1 edge matrix:
2018-07-26 15:05:57.918401: I tensorflow/core/common_runtime/gpu/gpu_device.cc:929]      0 1 
2018-07-26 15:05:57.918418: I tensorflow/core/common_runtime/gpu/gpu_device.cc:942] 0:   N Y 
2018-07-26 15:05:57.918430: I tensorflow/core/common_runtime/gpu/gpu_device.cc:942] 1:   Y N 
2018-07-26 15:05:57.918893: I tensorflow/core/common_runtime/gpu/gpu_device.cc:1053] Created TensorFlow device (/job:localhost/replica:0/task:0/device:GPU:0 with 11436 MB memory) -> physical GPU (device: 0, name: GeForce GTX TITAN X, pci bus id: 0000:05:00.0, compute capability: 5.2)
2018-07-26 15:05:58.087255: I tensorflow/core/common_runtime/gpu/gpu_device.cc:1053] Created TensorFlow device (/job:localhost/replica:0/task:0/device:GPU:1 with 5609 MB memory) -> physical GPU (device: 1, name: GeForce GTX 980 Ti, pci bus id: 0000:07:00.0, compute capability: 5.2)
Uppercase local vars:
	BATCH_SIZE: 64
	CRITIC_ITERS: 5
	DIM: 128
	ITERS: 200000
	LAMBDA: 10
	MODE: wgan-gp
	OUTPUT_DIM: 3072
Creating train generator with 7 samples.
iter 0	time	1.9110021591186523	train disc cost	-23.950714111328125
iter 1	time	0.8199670314788818	train disc cost	-81.47054290771484
iter 2	time	0.4948430061340332	train disc cost	-125.90892028808594
iter 3	time	0.5257227420806885	train disc cost	-143.92942810058594
iter 4	time	0.5007314682006836	train disc cost	-152.34288024902344
Creating train generator with 7 samples.
iter 99	dev disc cost	-33.722862243652344	time	0.5247245964251066	train disc cost	-57.206722259521484
iter 199	dev disc cost	-9.704994201660156	time	0.5501593613624572	train disc cost	-22.376707077026367
iter 299	dev disc cost	-0.015354172326624393	time	0.5502179527282715	train disc cost	-2.4512603282928467
iter 399	dev disc cost	0.0052443332970142365	time	0.5484371829032898	train disc cost	-0.00021895095414947718
iter 499	dev disc cost	0.0010129421716555953	time	0.5511986136436462	train disc cost	0.0012119105085730553
iter 599	dev disc cost	0.0021374498028308153	time	0.5500400686264038	train disc cost	0.002280547982081771
iter 699	dev disc cost	0.004153003450483084	time	0.548093421459198	train disc cost	0.0015564982313662767
iter 799	dev disc cost	0.001435231533832848	time	0.5529341864585876	train disc cost	0.0011448104633018374
iter 899	dev disc cost	0.00385848106816411	time	0.547867751121521	train disc cost	0.0011455673957243562
iter 999	dev disc cost	-0.0001239675038959831	time	0.547262544631958	train disc cost	0.0006361278938129544
iter 1099	dev disc cost	-0.0003031605447176844	time	0.5513431048393249	train disc cost	-0.00028366653714329004
iter 1199	dev disc cost	0.006418572273105383	time	0.5545045614242554	train disc cost	0.00044618427637033165
iter 1299	dev disc cost	-0.0003916311834473163	time	0.5473843502998352	train disc cost	0.0007054050220176578
iter 1399	dev disc cost	-0.0003944826021324843	time	0.5471836352348327	train disc cost	0.0007073950837366283
iter 1499	dev disc cost	0.006045805290341377	time	0.5495848274230957	train disc cost	0.0006529726670123637
iter 1599	dev disc cost	0.00018251652363687754	time	0.5478548526763916	train disc cost	0.00033766101114451885
iter 1699	dev disc cost	0.00673056673258543	time	0.5479461646080017	train disc cost	0.00015272651216946542
iter 1799	dev disc cost	0.0006693963659927249	time	0.5508532524108887	train disc cost	0.0003372988721821457
iter 1899	dev disc cost	-0.00012237335613463074	time	0.5488109111785888	train disc cost	-0.00029671567608602345
iter 1999	dev disc cost	0.000519238063134253	time	0.5491073751449584	train disc cost	-4.900278872810304e-05
iter 2099	dev disc cost	-5.5651835282333195e-05	time	0.5492918562889099	train disc cost	0.0006665438413619995
iter 2199	dev disc cost	0.004179955460131168	time	0.5521635317802429	train disc cost	0.000601026404183358
iter 2299	dev disc cost	-0.00031429892987944186	time	0.5500952315330505	train disc cost	-0.000447038997663185
iter 2399	dev disc cost	0.006407969165593386	time	0.5486343955993652	train disc cost	0.0007143057300709188
iter 2499	dev disc cost	-0.00012119563325541094	time	0.5474361109733582	train disc cost	-0.00028122239746153355
iter 2599	dev disc cost	-1.2206204701215029e-05	time	0.5480474257469177	train disc cost	0.00033867877209559083
iter 2699	dev disc cost	0.0003433867823332548	time	0.5518833637237549	train disc cost	-2.081457023450639e-05
iter 2799	dev disc cost	-4.7706089389976114e-05	time	0.5488783407211304	train disc cost	0.0004844030481763184
iter 2899	dev disc cost	0.001596528571099043	time	0.5530120801925659	train disc cost	0.0005035386420786381
iter 2999	dev disc cost	1.0157549695577472e-05	time	0.5495880103111267	train disc cost	-0.0013655973598361015
iter 3099	dev disc cost	-0.00024321218370459974	time	0.5493568372726441	train disc cost	0.0005493781645782292
iter 3199	dev disc cost	0.0031539208721369505	time	0.551490581035614	train disc cost	0.0003408573684282601
iter 3299	dev disc cost	-0.00023069379676599056	time	0.5517508554458618	train disc cost	-0.001401888090185821
iter 3399	dev disc cost	-0.0002657450386323035	time	0.5505438113212585	train disc cost	0.0006709684967063367
iter 3499	dev disc cost	0.0010585463605821133	time	0.5518657517433166	train disc cost	0.0003536372969392687
iter 3599	dev disc cost	0.0006566353258676827	time	0.5507593703269958	train disc cost	0.0003224428801331669
iter 3699	dev disc cost	-0.000233670900342986	time	0.5523280954360962	train disc cost	-0.00017494674830231816
iter 3799	dev disc cost	-0.00015500091831199825	time	0.5502694249153137	train disc cost	0.00041265421896241605
iter 3899	dev disc cost	0.0027253536973148584	time	0.5516637563705444	train disc cost	0.0005594990216195583
iter 3999	dev disc cost	-0.00027103579486720264	time	0.5505326461791992	train disc cost	0.00024169361859094352
iter 4099	dev disc cost	0.0002791016595438123	time	0.549689531326294	train disc cost	0.00041073060128837824
iter 4199	dev disc cost	-1.6544043319299817e-05	time	0.5524634218215942	train disc cost	0.00036579673178493977
iter 4299	dev disc cost	-2.6667752536013722e-05	time	0.5496932315826416	train disc cost	0.00040939508471637964
iter 4399	dev disc cost	-0.00017898960504680872	time	0.5499053287506104	train disc cost	0.00036762456875294447
iter 4499	dev disc cost	-0.0002371153823332861	time	0.5537250804901123	train disc cost	0.00045480369590222836
iter 4599	dev disc cost	-0.00016873498680070043	time	0.5554273438453674	train disc cost	0.000313511147396639
iter 4699	dev disc cost	0.0018937508575618267	time	0.5485640811920166	train disc cost	0.0004790907260030508
iter 4799	dev disc cost	-0.00019229859753977507	time	0.5490104341506958	train disc cost	0.00018398459360469133
iter 4899	dev disc cost	-0.00033813455956988037	time	0.5495436453819275	train disc cost	0.0005204325425438583
iter 4999	dev disc cost	-6.201487849466503e-05	time	0.5495092582702636	train disc cost	0.0003586040111258626
iter 5099	dev disc cost	3.001646837219596e-05	time	0.5527167367935181	train disc cost	0.0003419872373342514
iter 5199	dev disc cost	0.0012289134319871664	time	0.5514591407775878	train disc cost	0.00038504466647282243
iter 5299	dev disc cost	-0.00024178691091947258	time	0.5491717386245728	train disc cost	0.00029139238176867366
iter 5399	dev disc cost	-0.00011891109170392156	time	0.5489175629615783	train disc cost	0.00033698047627694905
iter 5499	dev disc cost	0.0004053636221215129	time	0.5493090176582336	train disc cost	0.00031768035842105746
iter 5599	dev disc cost	-0.00029050640296190977	time	0.5496003699302673	train disc cost	0.0002243812195956707
iter 5699	dev disc cost	-0.0001723851019050926	time	0.5502689027786255	train disc cost	0.0003269988810643554
iter 5799	dev disc cost	-0.00043063852353952825	time	0.555915105342865	train disc cost	0.0003713042533490807
iter 5899	dev disc cost	0.002085101092234254	time	0.5499210906028748	train disc cost	-0.0015624379739165306
iter 5999	dev disc cost	0.0005092504434287548	time	0.5506646251678466	train disc cost	0.0002135161339538172
iter 6099	dev disc cost	-5.236688593868166e-05	time	0.549108989238739	train disc cost	0.0004854770377278328
iter 6199	dev disc cost	-4.0451239328831434e-05	time	0.5488566207885742	train disc cost	0.0003188784176018089
iter 6299	dev disc cost	0.0003114627907052636	time	0.5500348448753357	train disc cost	0.0003918297297786921
iter 6399	dev disc cost	-0.00028867373475804925	time	0.5496013188362121	train disc cost	0.00019052559218835086
iter 6499	dev disc cost	-0.0025023980997502804	time	0.5494043111801148	train disc cost	0.0002679523022379726
iter 6599	dev disc cost	0.0011297203600406647	time	0.5499692583084106	train disc cost	0.00035246851621195674
iter 6699	dev disc cost	-0.0003176874597556889	time	0.5500410437583924	train disc cost	0.00022989659919403493
iter 6799	dev disc cost	0.00011925451690331101	time	0.548947479724884	train disc cost	0.0003749624593183398
iter 6899	dev disc cost	-0.00020093579951208085	time	0.5499434852600098	train disc cost	0.0003407781186979264
iter 6999	dev disc cost	0.0005316422320902348	time	0.548494873046875	train disc cost	0.00018153486598748714
iter 7099	dev disc cost	-7.904662925284356e-05	time	0.551759672164917	train disc cost	0.0001985151757253334
iter 7199	dev disc cost	-0.0002743101795203984	time	0.5517331719398498	train disc cost	0.00030281071667559445
iter 7299	dev disc cost	0.0011875116033479571	time	0.548711223602295	train disc cost	0.00023018628417048603
iter 7399	dev disc cost	-0.0001750364463077858	time	0.5490314126014709	train disc cost	0.00019988464191555977
iter 7499	dev disc cost	-4.9730035243555903e-05	time	0.5512786769866943	train disc cost	0.00028624627157114446
iter 7599	dev disc cost	0.0015592739218845963	time	0.5485510849952697	train disc cost	0.0001913714368129149
iter 7699	dev disc cost	-6.36709009995684e-05	time	0.5492397689819336	train disc cost	0.00033128191716969013
iter 7799	dev disc cost	-0.00011467827425803989	time	0.5498337602615356	train disc cost	0.00020644567848648876
iter 7899	dev disc cost	-0.00017146949539892375	time	0.5484204864501954	train disc cost	0.00025037836167030036
iter 7999	dev disc cost	-0.000324249267578125	time	0.5500455522537231	train disc cost	0.00032257012207992375
iter 8099	dev disc cost	-0.00026226381305605173	time	0.5480753660202027	train disc cost	0.0002762025687843561
iter 8199	dev disc cost	0.0004071760340593755	time	0.5492722272872925	train disc cost	0.00032229378120973706
iter 8299	dev disc cost	0.0005746149690821767	time	0.548149230480194	train disc cost	0.00017918387311510742
iter 8399	dev disc cost	0.0001190119655802846	time	0.5477165699005127	train disc cost	0.00015539504238404334
iter 8499	dev disc cost	-0.0003101812326349318	time	0.5469413495063782	train disc cost	0.00020414631580933928
iter 8599	dev disc cost	-0.0001881098869489506	time	0.5486232209205627	train disc cost	0.00030150459497235715
iter 8699	dev disc cost	0.0006193903973326087	time	0.5474362921714783	train disc cost	0.00021053306409157813
iter 8799	dev disc cost	-0.00023894163314253092	time	0.5502845406532287	train disc cost	0.00024386007862631232
iter 8899	dev disc cost	-8.782389340922236e-05	time	0.5474765920639038	train disc cost	0.00013072212459519506
iter 8999	dev disc cost	-0.0001333091058768332	time	0.5486425518989563	train disc cost	0.00029091493343003094
iter 9099	dev disc cost	-0.00027759638032875955	time	0.5484813976287842	train disc cost	0.0001597685768501833
iter 9199	dev disc cost	0.002735425950959325	time	0.5489634299278259	train disc cost	0.00014047586591914296
iter 9299	dev disc cost	-0.0002953211951535195	time	0.5504535126686096	train disc cost	0.0002970686473418027
iter 9399	dev disc cost	-5.3692638175562024e-05	time	0.5506963920593262	train disc cost	0.0001973601756617427
iter 9499	dev disc cost	0.0004855579463765025	time	0.5495176553726197	train disc cost	0.0001720402215141803
iter 9599	dev disc cost	-0.00023443133977707475	time	0.5532612037658692	train disc cost	0.00027248216792941093
iter 9699	dev disc cost	0.0011284064967185259	time	0.5533431887626648	train disc cost	0.0003733734483830631
iter 9799	dev disc cost	-0.00035417889012023807	time	0.5504524564743042	train disc cost	0.00026117049856111407
iter 9899	dev disc cost	6.409728666767478e-05	time	0.550564215183258	train disc cost	0.00020757649326696992
iter 9999	dev disc cost	-0.0002147020713891834	time	0.5497375512123108	train disc cost	0.00013376011338550597
iter 10099	dev disc cost	-0.0001709583739284426	time	0.5514560747146606	train disc cost	0.00027489912463352084
iter 10199	dev disc cost	-7.127525168471038e-05	time	0.5516891527175903	train disc cost	0.00019667125889100134
iter 10299	dev disc cost	-0.00012842105934396386	time	0.5515419387817383	train disc cost	0.00017142157594207674
iter 10399	dev disc cost	-0.00026166249881498516	time	0.5511426401138305	train disc cost	0.0002376519696554169
iter 10499	dev disc cost	2.843726542778313e-05	time	0.5514437913894653	train disc cost	0.00029205248574726284
iter 10599	dev disc cost	-0.0003001921868417412	time	0.5510628008842469	train disc cost	0.0001629228936508298
iter 10699	dev disc cost	-0.00010875373845919967	time	0.5511828565597534	train disc cost	0.0002697747841011733
iter 10799	dev disc cost	0.0005634716944769025	time	0.5518305397033691	train disc cost	0.0001970476150745526
iter 10899	dev disc cost	-0.00012778987002093345	time	0.5516447925567627	train disc cost	0.0002401699312031269
iter 10999	dev disc cost	-0.00018954295956064016	time	0.5517361664772034	train disc cost	0.00015347605221904814
iter 11099	dev disc cost	-0.00020781176863238215	time	0.5510826301574707	train disc cost	0.0001604223216418177
iter 11199	dev disc cost	0.0005176498671062291	time	0.5526775026321411	train disc cost	-0.0002897692611441016
iter 11299	dev disc cost	0.0004913214361295104	time	0.5509474205970765	train disc cost	0.0002084930456476286
iter 11399	dev disc cost	0.00026572542265057564	time	0.5515660285949707	train disc cost	0.00015645852545276284
iter 11499	dev disc cost	-0.00016024672368075699	time	0.5519898915290833	train disc cost	0.00018604118668008596
iter 11599	dev disc cost	-0.00033678344334475696	time	0.5516474533081055	train disc cost	0.00022267951862886548
iter 11699	dev disc cost	0.0007593166665174067	time	0.5516512799263	train disc cost	0.00017409180873073637
iter 11799	dev disc cost	0.0008245121571235359	time	0.5515819764137269	train disc cost	0.00017828354611992836
iter 11899	dev disc cost	-0.000115672912215814	time	0.5509979820251465	train disc cost	0.00012159406469436362
iter 11999	dev disc cost	0.0003471162635833025	time	0.5515847635269165	train disc cost	0.0003072909894399345
iter 12099	dev disc cost	-0.00013056077295914292	time	0.5525495719909668	train disc cost	0.00020836271869484335
iter 12199	dev disc cost	0.00022656694636680186	time	0.5518067359924317	train disc cost	0.00020798025070689619
iter 12299	dev disc cost	-4.864444781560451e-05	time	0.551720585823059	train disc cost	0.00025846107746474445
iter 12399	dev disc cost	-0.0003535555733833462	time	0.5535974645614624	train disc cost	0.0002422537509119138
iter 12499	dev disc cost	-0.00016487024549860507	time	0.5523190236091614	train disc cost	0.00022961957438383251
iter 12599	dev disc cost	0.0007028375985100865	time	0.5515465402603149	train disc cost	0.00017932243645191193
iter 12699	dev disc cost	-0.0003265554259996861	time	0.5507678532600403	train disc cost	0.0001344536431133747
iter 12799	dev disc cost	0.00017510162433609366	time	0.5513527178764344	train disc cost	0.00016152321768458933
iter 12899	dev disc cost	-0.00014945119619369507	time	0.55180326461792	train disc cost	0.00019208985031582415
iter 12999	dev disc cost	0.0010856809094548225	time	0.5532591605186462	train disc cost	0.0001844242651714012
iter 13099	dev disc cost	-0.0003020249423570931	time	0.5506730842590332	train disc cost	0.0001847221574280411
iter 13199	dev disc cost	0.0005481344414874911	time	0.55182856798172	train disc cost	0.00020848523126915097
iter 13299	dev disc cost	-0.00022073341824579984	time	0.5521732544898987	train disc cost	0.0001812217233236879
iter 13399	dev disc cost	-3.6131677916273475e-06	time	0.5524567317962646	train disc cost	0.00029945175629109144
iter 13499	dev disc cost	0.0009414958767592907	time	0.5506983375549317	train disc cost	0.000127090941532515
iter 13599	dev disc cost	0.0017740074545145035	time	0.5511539554595948	train disc cost	0.00012865578173659742
iter 13699	dev disc cost	-0.00032795467996038496	time	0.5518667030334473	train disc cost	0.00019617218640632927
iter 13799	dev disc cost	-0.0002448998566251248	time	0.5526926183700561	train disc cost	0.00017555642989464104
iter 13899	dev disc cost	-0.0002563520392868668	time	0.5527508378028869	train disc cost	0.0002311456628376618
iter 13999	dev disc cost	-0.00010907409887295216	time	0.5527037787437439	train disc cost	0.00022534874733537436
iter 14099	dev disc cost	0.00015220348723232746	time	0.5520307922363281	train disc cost	0.00019529023848008364
iter 14199	dev disc cost	2.6430905563756824e-05	time	0.5517843866348267	train disc cost	0.0002572252706158906
iter 14299	dev disc cost	-0.00026721105678007007	time	0.5519258236885071	train disc cost	0.0001780929451342672
iter 14399	dev disc cost	-0.00014574553642887622	time	0.5523603272438049	train disc cost	0.00022810063092038035
iter 14499	dev disc cost	-0.00017128032050095499	time	0.5510466361045837	train disc cost	0.00022042541240807623
iter 14599	dev disc cost	-0.00039241978083737195	time	0.551971333026886	train disc cost	0.00010599146480672061
iter 14699	dev disc cost	-0.00017843545356299728	time	0.5520119881629943	train disc cost	0.00022785941837355494
iter 14799	dev disc cost	0.000491020386107266	time	0.5505741262435913	train disc cost	0.00014252477558329701
iter 14899	dev disc cost	-0.00029975114739499986	time	0.5509522104263306	train disc cost	0.0001885412202682346
iter 14999	dev disc cost	-0.00016738871636334807	time	0.5518918752670288	train disc cost	0.00014285535144153982
iter 15099	dev disc cost	0.00030450255144387484	time	0.5520208406448365	train disc cost	0.00019413093104958534
iter 15199	dev disc cost	0.00014498154632747173	time	0.5520113754272461	train disc cost	0.00019714183872565627
iter 15299	dev disc cost	0.0011202357709407806	time	0.5536223387718201	train disc cost	0.00023048582079354674
iter 15399	dev disc cost	7.430245750583708e-05	time	0.5517361354827881	train disc cost	0.0001199984471895732
iter 15499	dev disc cost	-0.00041270244400948286	time	0.5548057842254639	train disc cost	0.00021013802324887365
iter 15599	dev disc cost	-0.00024856827803887427	time	0.551395833492279	train disc cost	0.00018638612527865916
iter 15699	dev disc cost	-0.00010508843115530908	time	0.5521533870697022	train disc cost	0.00015044325846247375
iter 15799	dev disc cost	-0.00022141712543088943	time	0.5514612197875977	train disc cost	0.0001458993647247553
iter 15899	dev disc cost	-0.00013741088332608342	time	0.5506984424591065	train disc cost	0.0002146840706700459
iter 15999	dev disc cost	-8.530796185368672e-05	time	0.5517269802093506	train disc cost	0.00012744081323035061
iter 16099	dev disc cost	-0.00022021192125976086	time	0.551634271144867	train disc cost	0.0001326050260104239
iter 16199	dev disc cost	0.0003946924116462469	time	0.5526229214668273	train disc cost	0.00018672578153200448
iter 16299	dev disc cost	-0.000246039911871776	time	0.5510579824447632	train disc cost	0.00012201196659589186
iter 16399	dev disc cost	-0.00022613562759943306	time	0.551436185836792	train disc cost	0.00012829009210690856
iter 16499	dev disc cost	-4.9876340199261904e-05	time	0.5517923784255981	train disc cost	0.00018100262968800962
iter 16599	dev disc cost	-0.0003251932212151587	time	0.5524801015853882	train disc cost	0.00019922848150599748
iter 16699	dev disc cost	-0.00013748026685789227	time	0.5508693146705628	train disc cost	7.465951784979552e-05
iter 16799	dev disc cost	-0.00011936882947338745	time	0.5521619319915771	train disc cost	0.0002421574608888477
iter 16899	dev disc cost	3.018451388925314e-05	time	0.5518207025527954	train disc cost	0.00015440471179317683
iter 16999	dev disc cost	-9.556497388985008e-05	time	0.5519213533401489	train disc cost	0.00011245156929362565
iter 17099	dev disc cost	-0.0003669267171062529	time	0.5514068603515625	train disc cost	0.0001975265477085486
iter 17199	dev disc cost	0.0007207285379990935	time	0.5522074794769287	train disc cost	0.00023376807803288102
iter 17299	dev disc cost	0.002059195889160037	time	0.5514180564880371	train disc cost	8.310079283546656e-05
iter 17399	dev disc cost	-0.000295089470455423	time	0.5517464280128479	train disc cost	0.00017909210873767734
iter 17499	dev disc cost	-0.0001487936096964404	time	0.5508981227874756	train disc cost	0.00017074203060474247
iter 17599	dev disc cost	0.0008225282654166222	time	0.551435489654541	train disc cost	0.0001685720490058884
iter 17699	dev disc cost	0.0010447718668729067	time	0.5506844615936279	train disc cost	0.00015927039203234017
iter 17799	dev disc cost	-6.594879232579842e-05	time	0.5513034391403199	train disc cost	9.027580381371081e-05
iter 17899	dev disc cost	0.0008924615103751421	time	0.5537872338294982	train disc cost	0.0001541706151328981
iter 17999	dev disc cost	6.246857810765505e-05	time	0.5506078767776489	train disc cost	7.232157804537565e-05
iter 18099	dev disc cost	8.232377876993269e-05	time	0.5517894268035889	train disc cost	0.00013028335524722934
iter 18199	dev disc cost	0.0018453506054356694	time	0.5516427803039551	train disc cost	0.00017177114204969257
iter 18299	dev disc cost	0.00018078205175697803	time	0.5517860984802246	train disc cost	0.00013928352564107627
iter 18399	dev disc cost	0.0014834858011454344	time	0.5519634890556335	train disc cost	0.00016274604422505945
iter 18499	dev disc cost	-0.0001548892178107053	time	0.5525069785118103	train disc cost	0.00018862090655602515
iter 18599	dev disc cost	-3.955906140618026e-05	time	0.5524263334274292	train disc cost	9.672982560005039e-05
iter 18699	dev disc cost	0.00026541081024333835	time	0.5519895935058594	train disc cost	0.0001517560740467161
iter 18799	dev disc cost	-0.00023059302475303411	time	0.5521641182899475	train disc cost	0.000159051051014103
iter 18899	dev disc cost	-0.0003451707016211003	time	0.5518267560005188	train disc cost	6.245872646104544e-05
iter 18999	dev disc cost	0.0003011623630300164	time	0.5568519353866577	train disc cost	0.00020713181584142148
iter 19099	dev disc cost	-1.1067866580560803e-05	time	0.551842143535614	train disc cost	0.0001258049305761233
iter 19199	dev disc cost	0.00012639202759601176	time	0.551873288154602	train disc cost	0.00015542820619884878
iter 19299	dev disc cost	-0.00018198059115093201	time	0.5509151339530944	train disc cost	7.425520016113296e-05
iter 19399	dev disc cost	0.001899232855066657	time	0.5523048901557922	train disc cost	0.00013442648923955858
iter 19499	dev disc cost	-0.00039902006392367184	time	0.5519440078735351	train disc cost	8.847339813655708e-06
iter 19599	dev disc cost	-4.4443237129598856e-05	time	0.552243549823761	train disc cost	0.00023587611212860793
iter 19699	dev disc cost	-0.00019874374265782535	time	0.5518445539474487	train disc cost	0.0001385902869515121
iter 19799	dev disc cost	0.0010217922972515225	time	0.5523556804656983	train disc cost	0.00017003496759571135
iter 19899	dev disc cost	-0.00016516813775524497	time	0.5512513709068299	train disc cost	0.00021210507838986814
iter 19999	dev disc cost	0.0027180113829672337	time	0.5523090887069703	train disc cost	0.00019224239804316312
iter 20099	dev disc cost	-4.234135849401355e-05	time	0.5515414476394653	train disc cost	0.00010850354010472074
iter 20199	dev disc cost	-3.581870987545699e-05	time	0.552045066356659	train disc cost	0.0001238842523889616
iter 20299	dev disc cost	0.00018240619101561606	time	0.5517758798599243	train disc cost	1.5927911590551957e-05
iter 20399	dev disc cost	-0.00016474572475999594	time	0.5519148135185241	train disc cost	0.00020177192345727235
iter 20499	dev disc cost	-0.0006529490347020328	time	0.5520133066177368	train disc cost	0.00017720980395097286
iter 20599	dev disc cost	-0.0008102444116957486	time	0.5520413184165954	train disc cost	0.0002160975127480924
iter 20699	dev disc cost	-0.00031388705247081816	time	0.5519513821601868	train disc cost	0.00024701873189769685
iter 20799	dev disc cost	-0.0001672697253525257	time	0.5517854642868042	train disc cost	0.00010316135012544692
iter 20899	dev disc cost	0.001080176094546914	time	0.5516101932525634	train disc cost	8.840054215397686e-05
iter 20999	dev disc cost	0.00021356026991270483	time	0.5508339285850525	train disc cost	0.00018319918308407068
iter 21099	dev disc cost	-0.00020303741621319205	time	0.5522235751152038	train disc cost	0.00028362340526655316
iter 21199	dev disc cost	9.383540600538254e-05	time	0.5518532466888427	train disc cost	4.8538724513491616e-05
iter 21299	dev disc cost	9.585729276295751e-05	time	0.5523452377319336	train disc cost	0.0001366651413263753
iter 21399	dev disc cost	-0.0003074966080021113	time	0.5525170636177062	train disc cost	0.00011422806710470468
iter 21499	dev disc cost	-3.732545883394778e-05	time	0.5516028213500976	train disc cost	0.000174325643456541
iter 21599	dev disc cost	0.0006432653171941638	time	0.552505898475647	train disc cost	0.0001738551800372079
iter 21699	dev disc cost	-1.955249172169715e-05	time	0.5532094001770019	train disc cost	0.00017333411960862577
iter 21799	dev disc cost	-2.577673876658082e-05	time	0.5520842289924621	train disc cost	0.00010473924339748919
iter 21899	dev disc cost	0.00023918587248772383	time	0.5519560098648071	train disc cost	0.00017554771329741925
iter 21999	dev disc cost	0.00017120150732807815	time	0.5516422152519226	train disc cost	0.00015575344150420278
iter 22099	dev disc cost	1.7561338609084487e-05	time	0.5517047071456909	train disc cost	0.00014743272913619876