2018-07-24 15:32:47.990931: I tensorflow/core/platform/cpu_feature_guard.cc:140] Your CPU supports instructions that this TensorFlow binary was not compiled to use: SSE4.1 SSE4.2
2018-07-24 15:32:49.185908: I tensorflow/stream_executor/cuda/cuda_gpu_executor.cc:898] successful NUMA node read from SysFS had negative value (-1), but there must be at least one NUMA node, so returning NUMA node zero
2018-07-24 15:32:49.186801: I tensorflow/core/common_runtime/gpu/gpu_device.cc:1356] Found device 0 with properties: 
name: GeForce GTX TITAN X major: 5 minor: 2 memoryClockRate(GHz): 1.076
pciBusID: 0000:05:00.0
totalMemory: 11.93GiB freeMemory: 11.81GiB
2018-07-24 15:32:49.358965: I tensorflow/stream_executor/cuda/cuda_gpu_executor.cc:898] successful NUMA node read from SysFS had negative value (-1), but there must be at least one NUMA node, so returning NUMA node zero
2018-07-24 15:32:49.359696: I tensorflow/core/common_runtime/gpu/gpu_device.cc:1356] Found device 1 with properties: 
name: GeForce GTX 980 Ti major: 5 minor: 2 memoryClockRate(GHz): 1.1395
pciBusID: 0000:07:00.0
totalMemory: 5.93GiB freeMemory: 5.83GiB
2018-07-24 15:32:49.360000: I tensorflow/core/common_runtime/gpu/gpu_device.cc:1435] Adding visible gpu devices: 0, 1
2018-07-24 15:32:49.916937: I tensorflow/core/common_runtime/gpu/gpu_device.cc:923] Device interconnect StreamExecutor with strength 1 edge matrix:
2018-07-24 15:32:49.916986: I tensorflow/core/common_runtime/gpu/gpu_device.cc:929]      0 1 
2018-07-24 15:32:49.916999: I tensorflow/core/common_runtime/gpu/gpu_device.cc:942] 0:   N Y 
2018-07-24 15:32:49.917009: I tensorflow/core/common_runtime/gpu/gpu_device.cc:942] 1:   Y N 
2018-07-24 15:32:49.917436: I tensorflow/core/common_runtime/gpu/gpu_device.cc:1053] Created TensorFlow device (/job:localhost/replica:0/task:0/device:GPU:0 with 11436 MB memory) -> physical GPU (device: 0, name: GeForce GTX TITAN X, pci bus id: 0000:05:00.0, compute capability: 5.2)
2018-07-24 15:32:50.086451: I tensorflow/core/common_runtime/gpu/gpu_device.cc:1053] Created TensorFlow device (/job:localhost/replica:0/task:0/device:GPU:1 with 5609 MB memory) -> physical GPU (device: 1, name: GeForce GTX 980 Ti, pci bus id: 0000:07:00.0, compute capability: 5.2)
Uppercase local vars:
	BATCH_SIZE: 64
	CRITIC_ITERS: 5
	DATA_DIR: /home/linkermann/opticalFlow/opticalFlowGAN/cifardata/cifar-10-batches-py
	DIM: 128
	ITERS: 200000
	LAMBDA: 10
	MODE: wgan-gp
	OUTPUT_DIM: 3072
iter 0	train disc cost	-8.569125175476074	time	1.8482754230499268
iter 1	train disc cost	-24.192543029785156	time	0.6402981281280518
iter 2	train disc cost	-31.283283233642578	time	0.34941530227661133
iter 3	train disc cost	-34.883872985839844	time	0.3465440273284912
iter 4	train disc cost	-39.47650146484375	time	0.3525125980377197
(128, 3072)
iter 99	train disc cost	-29.020801544189453	time	0.37378946856448525	dev disc cost	-14.379206657409668
(128, 3072)
iter 199	train disc cost	-11.353619575500488	time	0.40295483827590944	dev disc cost	-9.357685089111328
(128, 3072)
iter 299	train disc cost	-7.653260707855225	time	0.40167711973190307	dev disc cost	-6.969949722290039
(128, 3072)
iter 399	train disc cost	-6.679174900054932	time	0.40292609453201295	dev disc cost	-6.690212249755859
(128, 3072)
iter 499	train disc cost	-6.812061309814453	time	0.40305357456207275	dev disc cost	-7.176705360412598
(128, 3072)
iter 599	train disc cost	-7.091246128082275	time	0.4019472885131836	dev disc cost	-6.976042747497559
(128, 3072)
iter 699	train disc cost	-7.140954971313477	time	0.40321669340133665	dev disc cost	-7.312905311584473
(128, 3072)
iter 799	train disc cost	-7.121702194213867	time	0.4032312321662903	dev disc cost	-6.801580905914307
(128, 3072)
iter 899	train disc cost	-7.074586391448975	time	0.4020750164985657	dev disc cost	-7.297702789306641
(128, 3072)
iter 999	train disc cost	-6.929388999938965	time	0.4032397627830505	dev disc cost	-6.772973537445068
(128, 3072)
iter 1099	train disc cost	-6.644474506378174	time	0.40309345483779907	dev disc cost	-6.588470458984375
(128, 3072)
iter 1199	train disc cost	-6.0771002769470215	time	0.4020457339286804	dev disc cost	-6.147698402404785
(128, 3072)
iter 1299	train disc cost	-5.698904991149902	time	0.4032349348068237	dev disc cost	-5.395895957946777
(128, 3072)
iter 1399	train disc cost	-5.360687732696533	time	0.4022008752822876	dev disc cost	-5.498157501220703
(128, 3072)
iter 1499	train disc cost	-5.2553229331970215	time	0.40335646390914914	dev disc cost	-5.862877368927002
(128, 3072)
iter 1599	train disc cost	-5.247188091278076	time	0.40324068784713746	dev disc cost	-5.2914323806762695
(128, 3072)
iter 1699	train disc cost	-5.183307647705078	time	0.4022027063369751	dev disc cost	-5.328810691833496
(128, 3072)
iter 1799	train disc cost	-5.06079626083374	time	0.4032828164100647	dev disc cost	-4.8818559646606445
(128, 3072)
iter 1899	train disc cost	-4.989599227905273	time	0.40328302145004274	dev disc cost	-5.095367431640625
(128, 3072)
iter 1999	train disc cost	-4.948940277099609	time	0.4022655415534973	dev disc cost	-5.364858627319336
(128, 3072)
iter 2099	train disc cost	-5.021877765655518	time	0.4033516049385071	dev disc cost	-5.046169757843018
(128, 3072)
iter 2199	train disc cost	-4.924250602722168	time	0.4033229088783264	dev disc cost	-4.977496147155762
(128, 3072)
iter 2299	train disc cost	-4.841183662414551	time	0.402231707572937	dev disc cost	-5.051156044006348
(128, 3072)
iter 2399	train disc cost	-4.806727409362793	time	0.4033421540260315	dev disc cost	-4.842933654785156
(128, 3072)
iter 2499	train disc cost	-4.682714462280273	time	0.40335806131362917	dev disc cost	-4.853986740112305
(128, 3072)
iter 2599	train disc cost	-4.612228870391846	time	0.40236679315567014	dev disc cost	-4.760744094848633
(128, 3072)
iter 2699	train disc cost	-4.664123058319092	time	0.403232524394989	dev disc cost	-4.416486740112305
(128, 3072)
iter 2799	train disc cost	-4.588403701782227	time	0.40196551084518434	dev disc cost	-4.892858982086182
(128, 3072)
iter 2899	train disc cost	-4.5545973777771	time	0.4031963324546814	dev disc cost	-4.417192459106445
(128, 3072)
iter 2999	train disc cost	-4.5248308181762695	time	0.4033080530166626	dev disc cost	-4.686662673950195
(128, 3072)
iter 3099	train disc cost	-4.37984037399292	time	0.40223371982574463	dev disc cost	-4.381080150604248
(128, 3072)
iter 3199	train disc cost	-4.43563175201416	time	0.4033289361000061	dev disc cost	-4.68751335144043
(128, 3072)
iter 3299	train disc cost	-4.295059680938721	time	0.4032015037536621	dev disc cost	-4.503652572631836
(128, 3072)
iter 3399	train disc cost	-4.315524578094482	time	0.4023264336585999	dev disc cost	-4.0489182472229
(128, 3072)
iter 3499	train disc cost	-4.244886875152588	time	0.40349880456924436	dev disc cost	-4.335880756378174
(128, 3072)
iter 3599	train disc cost	-4.245410442352295	time	0.40347437143325804	dev disc cost	-4.08723258972168
(128, 3072)
iter 3699	train disc cost	-4.238358020782471	time	0.4023437213897705	dev disc cost	-4.153976917266846
(128, 3072)
iter 3799	train disc cost	-4.154374122619629	time	0.4035927367210388	dev disc cost	-3.9899089336395264
(128, 3072)
iter 3899	train disc cost	-4.173418045043945	time	0.40263373374938966	dev disc cost	-4.19253396987915
(128, 3072)
iter 3999	train disc cost	-4.14154577255249	time	0.4037678050994873	dev disc cost	-4.17540979385376
(128, 3072)
iter 4099	train disc cost	-4.127169609069824	time	0.40359806299209594	dev disc cost	-4.114544868469238
(128, 3072)
iter 4199	train disc cost	-4.051297664642334	time	0.40256610631942746	dev disc cost	-4.13246488571167
(128, 3072)
iter 4299	train disc cost	-4.003321647644043	time	0.4034874415397644	dev disc cost	-4.122498989105225
(128, 3072)
iter 4399	train disc cost	-3.9975621700286865	time	0.40351903438568115	dev disc cost	-4.079509735107422
(128, 3072)
iter 4499	train disc cost	-4.012491226196289	time	0.40232131004333493	dev disc cost	-4.077169895172119
(128, 3072)
iter 4599	train disc cost	-3.984677791595459	time	0.40337610721588135	dev disc cost	-4.117884635925293
(128, 3072)
iter 4699	train disc cost	-3.952129602432251	time	0.4033168601989746	dev disc cost	-4.08751916885376
(128, 3072)
iter 4799	train disc cost	-3.88346791267395	time	0.40226375102996825	dev disc cost	-3.7845280170440674
(128, 3072)
iter 4899	train disc cost	-3.891941785812378	time	0.403386070728302	dev disc cost	-4.297213554382324
(128, 3072)
iter 4999	train disc cost	-3.8514797687530518	time	0.4033369517326355	dev disc cost	-4.043944358825684
(128, 3072)
iter 5099	train disc cost	-3.8366870880126953	time	0.4021717834472656	dev disc cost	-3.8101978302001953
(128, 3072)
iter 5199	train disc cost	-3.7405147552490234	time	0.40328120708465576	dev disc cost	-3.688129186630249
(128, 3072)
iter 5299	train disc cost	-3.7740354537963867	time	0.40213751077651977	dev disc cost	-3.850935220718384
(128, 3072)
iter 5399	train disc cost	-3.717256546020508	time	0.4032147479057312	dev disc cost	-3.731475830078125
(128, 3072)
iter 5499	train disc cost	-3.80745792388916	time	0.4032927584648132	dev disc cost	-3.6972343921661377
(128, 3072)
iter 5599	train disc cost	-3.743149995803833	time	0.40223303318023684	dev disc cost	-3.501512289047241
(128, 3072)
iter 5699	train disc cost	-3.7338457107543945	time	0.4033122396469116	dev disc cost	-3.5766758918762207
(128, 3072)
iter 5799	train disc cost	-3.66788911819458	time	0.4034636163711548	dev disc cost	-3.570796012878418
(128, 3072)
iter 5899	train disc cost	-3.6596872806549072	time	0.4023268103599548	dev disc cost	-3.827669620513916
(128, 3072)
iter 5999	train disc cost	-3.6242990493774414	time	0.40340680837631226	dev disc cost	-3.739607572555542
(128, 3072)
iter 6099	train disc cost	-3.6304268836975098	time	0.4034753489494324	dev disc cost	-3.417686939239502
(128, 3072)
iter 6199	train disc cost	-3.625746965408325	time	0.40230933666229246	dev disc cost	-3.376481771469116
(128, 3072)
iter 6299	train disc cost	-3.6135413646698	time	0.40334779024124146	dev disc cost	-4.031991004943848
(128, 3072)
iter 6399	train disc cost	-3.5981626510620117	time	0.40222633838653565	dev disc cost	-3.4210364818573
(128, 3072)
iter 6499	train disc cost	-3.5716359615325928	time	0.40348037481307986	dev disc cost	-3.9360828399658203
(128, 3072)
iter 6599	train disc cost	-3.5861401557922363	time	0.4036786150932312	dev disc cost	-3.639171838760376
(128, 3072)
iter 6699	train disc cost	-3.5237855911254883	time	0.402699728012085	dev disc cost	-3.4503138065338135
(128, 3072)
iter 6799	train disc cost	-3.5182862281799316	time	0.4036828875541687	dev disc cost	-3.5427589416503906
(128, 3072)
iter 6899	train disc cost	-3.600341796875	time	0.40366769313812256	dev disc cost	-3.6172759532928467
(128, 3072)
iter 6999	train disc cost	-3.4822800159454346	time	0.4025535416603088	dev disc cost	-3.5908026695251465
(128, 3072)
iter 7099	train disc cost	-3.3977341651916504	time	0.40379809379577636	dev disc cost	-3.321185827255249
(128, 3072)
iter 7199	train disc cost	-3.4746551513671875	time	0.40358963012695315	dev disc cost	-3.594038724899292
(128, 3072)
iter 7299	train disc cost	-3.482884168624878	time	0.40235295057296755	dev disc cost	-3.703411340713501
(128, 3072)
iter 7399	train disc cost	-3.4242379665374756	time	0.40353225231170653	dev disc cost	-3.247738838195801
(128, 3072)
iter 7499	train disc cost	-3.4415271282196045	time	0.403568422794342	dev disc cost	-3.303169012069702
(128, 3072)
iter 7599	train disc cost	-3.4098477363586426	time	0.40254236459732057	dev disc cost	-3.224717378616333
(128, 3072)
iter 7699	train disc cost	-3.4246065616607666	time	0.40352601528167725	dev disc cost	-3.3216552734375
(128, 3072)
iter 7799	train disc cost	-3.3494272232055664	time	0.4022413349151611	dev disc cost	-3.1792614459991455
(128, 3072)
iter 7899	train disc cost	-3.427144765853882	time	0.40324257373809813	dev disc cost	-3.459721565246582
(128, 3072)
iter 7999	train disc cost	-3.3209445476531982	time	0.40337576389312746	dev disc cost	-3.170950174331665
(128, 3072)
iter 8099	train disc cost	-3.334385633468628	time	0.40218209981918335	dev disc cost	-3.3797075748443604
(128, 3072)
iter 8199	train disc cost	-3.351322889328003	time	0.4036318588256836	dev disc cost	-3.088300943374634
(128, 3072)
iter 8299	train disc cost	-3.3454666137695312	time	0.40365716218948366	dev disc cost	-3.2750566005706787
(128, 3072)
iter 8399	train disc cost	-3.3274452686309814	time	0.4025138258934021	dev disc cost	-3.3382861614227295
(128, 3072)
iter 8499	train disc cost	-3.2744569778442383	time	0.40366259813308714	dev disc cost	-3.2689990997314453
(128, 3072)
iter 8599	train disc cost	-3.333702802658081	time	0.40354027509689333	dev disc cost	-3.278695821762085
(128, 3072)
iter 8699	train disc cost	-3.327915906906128	time	0.40247880697250366	dev disc cost	-3.4054791927337646
(128, 3072)
iter 8799	train disc cost	-3.222667932510376	time	0.40378437042236326	dev disc cost	-3.249300718307495
(128, 3072)
iter 8899	train disc cost	-3.30816650390625	time	0.4026783394813538	dev disc cost	-3.1713573932647705
(128, 3072)
iter 8999	train disc cost	-3.2591283321380615	time	0.40366300582885745	dev disc cost	-3.340947151184082
(128, 3072)
iter 9099	train disc cost	-3.277125597000122	time	0.4034209370613098	dev disc cost	-3.183708667755127
(128, 3072)
iter 9199	train disc cost	-3.261195182800293	time	0.40247406005859376	dev disc cost	-3.329951286315918
(128, 3072)
iter 9299	train disc cost	-3.24021577835083	time	0.4036363410949707	dev disc cost	-2.999157667160034
(128, 3072)
iter 9399	train disc cost	-3.2217025756835938	time	0.4037268900871277	dev disc cost	-3.1790528297424316
(128, 3072)
iter 9499	train disc cost	-3.283487319946289	time	0.4024990630149841	dev disc cost	-3.27921462059021
(128, 3072)
iter 9599	train disc cost	-3.2098069190979004	time	0.40365827798843384	dev disc cost	-3.3289690017700195
(128, 3072)
iter 9699	train disc cost	-3.2138242721557617	time	0.4035729956626892	dev disc cost	-3.3240723609924316
(128, 3072)
iter 9799	train disc cost	-3.2472357749938965	time	0.40233717679977415	dev disc cost	-3.1853222846984863
(128, 3072)
iter 9899	train disc cost	-3.231876850128174	time	0.4036304140090942	dev disc cost	-3.0383591651916504
(128, 3072)
iter 9999	train disc cost	-3.218553066253662	time	0.40383301496505736	dev disc cost	-3.4502782821655273
(128, 3072)
iter 10099	train disc cost	-3.1261463165283203	time	0.4025301718711853	dev disc cost	-3.209038019180298
(128, 3072)
iter 10199	train disc cost	-3.215712308883667	time	0.40379141092300413	dev disc cost	-3.252866268157959
(128, 3072)
iter 10299	train disc cost	-3.1338744163513184	time	0.40271575927734377	dev disc cost	-3.0740532875061035
(128, 3072)
iter 10399	train disc cost	-3.1312568187713623	time	0.4038478183746338	dev disc cost	-3.142852306365967
(128, 3072)
iter 10499	train disc cost	-3.1484692096710205	time	0.40369531631469724	dev disc cost	-2.936837911605835
(128, 3072)
iter 10599	train disc cost	-3.186627149581909	time	0.4024602270126343	dev disc cost	-3.0969767570495605
(128, 3072)
iter 10699	train disc cost	-3.1905622482299805	time	0.4034429168701172	dev disc cost	-3.1884942054748535
(128, 3072)
iter 10799	train disc cost	-3.204882860183716	time	0.4034551119804382	dev disc cost	-3.0999581813812256
(128, 3072)
iter 10899	train disc cost	-3.0971767902374268	time	0.40230257987976076	dev disc cost	-3.044896364212036
(128, 3072)
iter 10999	train disc cost	-3.132098913192749	time	0.40332119941711425	dev disc cost	-3.0752451419830322
(128, 3072)
iter 11099	train disc cost	-3.115330457687378	time	0.40330328941345217	dev disc cost	-3.059255838394165
(128, 3072)
iter 11199	train disc cost	-3.0961763858795166	time	0.40212263584136965	dev disc cost	-3.053673028945923
(128, 3072)
iter 11299	train disc cost	-3.135249137878418	time	0.4033095908164978	dev disc cost	-2.8326377868652344
(128, 3072)
iter 11399	train disc cost	-3.1083590984344482	time	0.4022140741348267	dev disc cost	-3.0274174213409424
(128, 3072)
iter 11499	train disc cost	-3.114292860031128	time	0.403469398021698	dev disc cost	-3.0505104064941406
(128, 3072)
iter 11599	train disc cost	-3.0910086631774902	time	0.40343753814697264	dev disc cost	-3.004493474960327
(128, 3072)
iter 11699	train disc cost	-3.0942459106445312	time	0.402215313911438	dev disc cost	-2.795410633087158
(128, 3072)
iter 11799	train disc cost	-3.080138921737671	time	0.40325907230377195	dev disc cost	-2.8476860523223877
(128, 3072)
iter 11899	train disc cost	-2.9798202514648438	time	0.4034567904472351	dev disc cost	-2.992823362350464
(128, 3072)
iter 11999	train disc cost	-3.0628345012664795	time	0.4023852205276489	dev disc cost	-3.0745418071746826
(128, 3072)
iter 12099	train disc cost	-3.0214853286743164	time	0.4035939335823059	dev disc cost	-3.0098345279693604
(128, 3072)
iter 12199	train disc cost	-3.0220448970794678	time	0.40346488952636717	dev disc cost	-2.9966962337493896
(128, 3072)
iter 12299	train disc cost	-3.0782196521759033	time	0.4022262191772461	dev disc cost	-3.3175785541534424
(128, 3072)
iter 12399	train disc cost	-3.0825769901275635	time	0.4033375906944275	dev disc cost	-2.84969162940979
(128, 3072)
iter 12499	train disc cost	-3.0143239498138428	time	0.4032615351676941	dev disc cost	-3.1063482761383057
(128, 3072)
iter 12599	train disc cost	-3.023437738418579	time	0.40212484121322634	dev disc cost	-3.1550512313842773
(128, 3072)
iter 12699	train disc cost	-3.004957914352417	time	0.40332218885421756	dev disc cost	-3.169053554534912
(128, 3072)
iter 12799	train disc cost	-2.9972753524780273	time	0.4021236228942871	dev disc cost	-2.975748300552368
(128, 3072)
iter 12899	train disc cost	-3.050137519836426	time	0.40308283805847167	dev disc cost	-2.951788902282715
(128, 3072)
iter 12999	train disc cost	-2.9490652084350586	time	0.4032718563079834	dev disc cost	-2.8703794479370117
(128, 3072)
iter 13099	train disc cost	-2.9881093502044678	time	0.4022081732749939	dev disc cost	-2.8020269870758057
(128, 3072)
iter 13199	train disc cost	-3.0023679733276367	time	0.40345240592956544	dev disc cost	-2.68436336517334
(128, 3072)
iter 13299	train disc cost	-2.9844319820404053	time	0.4034738063812256	dev disc cost	-2.7803008556365967
(128, 3072)
iter 13399	train disc cost	-2.9800727367401123	time	0.40233473539352416	dev disc cost	-2.904036045074463
(128, 3072)
iter 13499	train disc cost	-2.9702577590942383	time	0.4037142181396484	dev disc cost	-2.939981460571289
(128, 3072)
iter 13599	train disc cost	-2.9311511516571045	time	0.4034843707084656	dev disc cost	-2.9676427841186523
(128, 3072)
iter 13699	train disc cost	-2.9323694705963135	time	0.40245068550109864	dev disc cost	-2.824444532394409
(128, 3072)
iter 13799	train disc cost	-2.9695558547973633	time	0.40360225439071656	dev disc cost	-2.8313910961151123
(128, 3072)
iter 13899	train disc cost	-2.9600625038146973	time	0.4023561429977417	dev disc cost	-2.7423713207244873
(128, 3072)
iter 13999	train disc cost	-2.9580514430999756	time	0.40361226320266724	dev disc cost	-2.8626949787139893
(128, 3072)
iter 14099	train disc cost	-2.946394443511963	time	0.4036734080314636	dev disc cost	-2.9493584632873535
(128, 3072)
iter 14199	train disc cost	-2.9713375568389893	time	0.4025841760635376	dev disc cost	-2.8716044425964355
(128, 3072)
iter 14299	train disc cost	-2.926251173019409	time	0.4036609220504761	dev disc cost	-2.814702272415161
(128, 3072)
iter 14399	train disc cost	-2.9063916206359863	time	0.4035708260536194	dev disc cost	-2.7776243686676025
(128, 3072)
iter 14499	train disc cost	-2.8776278495788574	time	0.4024322557449341	dev disc cost	-2.708627462387085
(128, 3072)
iter 14599	train disc cost	-2.9295947551727295	time	0.40358015298843386	dev disc cost	-2.5671684741973877
(128, 3072)
iter 14699	train disc cost	-2.887251377105713	time	0.4037844967842102	dev disc cost	-2.759904146194458
(128, 3072)
iter 14799	train disc cost	-2.9070804119110107	time	0.4027011060714722	dev disc cost	-2.7354016304016113
(128, 3072)
iter 14899	train disc cost	-2.891333818435669	time	0.4038315749168396	dev disc cost	-2.6101362705230713
(128, 3072)
iter 14999	train disc cost	-2.9088661670684814	time	0.4038640236854553	dev disc cost	-2.831510543823242
(128, 3072)
iter 15099	train disc cost	-2.9009149074554443	time	0.4027755832672119	dev disc cost	-2.8707170486450195
(128, 3072)
iter 15199	train disc cost	-2.8771963119506836	time	0.40383072137832643	dev disc cost	-2.8995702266693115
(128, 3072)
iter 15299	train disc cost	-2.8481388092041016	time	0.4027314519882202	dev disc cost	-2.738755941390991
(128, 3072)
iter 15399	train disc cost	-2.8485028743743896	time	0.4038078737258911	dev disc cost	-3.1554250717163086
(128, 3072)
iter 15499	train disc cost	-2.8872857093811035	time	0.40399550199508666	dev disc cost	-3.022789478302002
(128, 3072)
iter 15599	train disc cost	-2.8689615726470947	time	0.40271234035491943	dev disc cost	-2.7826170921325684
(128, 3072)
iter 15699	train disc cost	-2.8443338871002197	time	0.4038739728927612	dev disc cost	-2.7262678146362305
(128, 3072)
iter 15799	train disc cost	-2.8582217693328857	time	0.4037905955314636	dev disc cost	-2.6434166431427
(128, 3072)
iter 15899	train disc cost	-2.815077304840088	time	0.40286171913146973	dev disc cost	-2.7732093334198
(128, 3072)
iter 15999	train disc cost	-2.8648693561553955	time	0.40390978336334227	dev disc cost	-2.9213287830352783
(128, 3072)
iter 16099	train disc cost	-2.8458709716796875	time	0.40392467975616453	dev disc cost	-2.889047145843506
(128, 3072)
iter 16199	train disc cost	-2.7718465328216553	time	0.4027691745758057	dev disc cost	-2.880955934524536
(128, 3072)
iter 16299	train disc cost	-2.8589813709259033	time	0.4036957573890686	dev disc cost	-3.0147387981414795
(128, 3072)
iter 16399	train disc cost	-2.8221683502197266	time	0.40260802030563353	dev disc cost	-2.58419132232666
(128, 3072)
iter 16499	train disc cost	-2.83956241607666	time	0.4038285994529724	dev disc cost	-2.8047826290130615
(128, 3072)
iter 16599	train disc cost	-2.8608322143554688	time	0.40398974657058717	dev disc cost	-2.6618223190307617
(128, 3072)
iter 16699	train disc cost	-2.873288154602051	time	0.40295737743377685	dev disc cost	-2.6703686714172363
(128, 3072)
iter 16799	train disc cost	-2.8589165210723877	time	0.4040321946144104	dev disc cost	-2.731318712234497
(128, 3072)
iter 16899	train disc cost	-2.789853811264038	time	0.4040230345726013	dev disc cost	-2.805037260055542
(128, 3072)
iter 16999	train disc cost	-2.8036181926727295	time	0.402683527469635	dev disc cost	-2.8644726276397705
(128, 3072)
iter 17099	train disc cost	-2.7745485305786133	time	0.403898983001709	dev disc cost	-2.8611936569213867
(128, 3072)
iter 17199	train disc cost	-2.812154531478882	time	0.40425923347473147	dev disc cost	-2.905977964401245
(128, 3072)
iter 17299	train disc cost	-2.798936128616333	time	0.4029901361465454	dev disc cost	-2.8132858276367188
(128, 3072)
iter 17399	train disc cost	-2.815214157104492	time	0.404276921749115	dev disc cost	-2.59366774559021
(128, 3072)
iter 17499	train disc cost	-2.792855739593506	time	0.40432085514068605	dev disc cost	-2.875534772872925
(128, 3072)
iter 17599	train disc cost	-2.8493106365203857	time	0.40306859970092773	dev disc cost	-2.6844427585601807
(128, 3072)
iter 17699	train disc cost	-2.8233730792999268	time	0.4042093467712402	dev disc cost	-2.6072773933410645
(128, 3072)
iter 17799	train disc cost	-2.8240251541137695	time	0.40297617197036745	dev disc cost	-2.5816564559936523
(128, 3072)
iter 17899	train disc cost	-2.836663007736206	time	0.4039470744132996	dev disc cost	-2.6380083560943604
(128, 3072)
iter 17999	train disc cost	-2.7870893478393555	time	0.4040003609657288	dev disc cost	-2.9163339138031006
(128, 3072)
iter 18099	train disc cost	-2.7752017974853516	time	0.4027922511100769	dev disc cost	-2.733327627182007
(128, 3072)
iter 18199	train disc cost	-2.7491579055786133	time	0.40397134780883787	dev disc cost	-2.529463291168213
(128, 3072)
iter 18299	train disc cost	-2.758063554763794	time	0.4039863085746765	dev disc cost	-2.6250157356262207
(128, 3072)
iter 18399	train disc cost	-2.817617416381836	time	0.4030269122123718	dev disc cost	-2.6249287128448486
(128, 3072)
iter 18499	train disc cost	-2.793565273284912	time	0.40414063930511473	dev disc cost	-2.589519739151001
(128, 3072)
iter 18599	train disc cost	-2.731811285018921	time	0.4041700601577759	dev disc cost	-2.5903754234313965
(128, 3072)
iter 18699	train disc cost	-2.7682132720947266	time	0.40304662227630617	dev disc cost	-2.5779521465301514
(128, 3072)
iter 18799	train disc cost	-2.7498786449432373	time	0.40416178226470945	dev disc cost	-2.5660626888275146
(128, 3072)
iter 18899	train disc cost	-2.7135229110717773	time	0.40318610191345217	dev disc cost	-2.7909932136535645
(128, 3072)
iter 18999	train disc cost	-2.74808931350708	time	0.40433019876480103	dev disc cost	-2.782409191131592
(128, 3072)
iter 19099	train disc cost	-2.758286476135254	time	0.40418850660324096	dev disc cost	-2.448730945587158
(128, 3072)
iter 19199	train disc cost	-2.7611756324768066	time	0.4030024266242981	dev disc cost	-2.8165364265441895
(128, 3072)
iter 19299	train disc cost	-2.730678081512451	time	0.4041741371154785	dev disc cost	-2.511793851852417
(128, 3072)
iter 19399	train disc cost	-2.730558156967163	time	0.4039460587501526	dev disc cost	-2.671062469482422
(128, 3072)
iter 19499	train disc cost	-2.6859641075134277	time	0.4027742528915405	dev disc cost	-2.7119317054748535
(128, 3072)
iter 19599	train disc cost	-2.7506508827209473	time	0.4037116551399231	dev disc cost	-2.709996223449707
(128, 3072)
iter 19699	train disc cost	-2.7896480560302734	time	0.40371625185012816	dev disc cost	-2.635863780975342
(128, 3072)
iter 19799	train disc cost	-2.708836317062378	time	0.4026035308837891	dev disc cost	-2.567375898361206
(128, 3072)
iter 19899	train disc cost	-2.7653005123138428	time	0.40373916625976564	dev disc cost	-2.6175739765167236
(128, 3072)
iter 19999	train disc cost	-2.720790147781372	time	0.40383742094039915	dev disc cost	-2.4693679809570312
(128, 3072)
iter 20099	train disc cost	-2.7059590816497803	time	0.4027072048187256	dev disc cost	-2.493323802947998
(128, 3072)
iter 20199	train disc cost	-2.7117865085601807	time	0.4038951659202576	dev disc cost	-2.5562617778778076
(128, 3072)
iter 20299	train disc cost	-2.6917243003845215	time	0.40279446601867674	dev disc cost	-2.4378573894500732
(128, 3072)
iter 20399	train disc cost	-2.6980361938476562	time	0.4041518402099609	dev disc cost	-2.53957462310791
(128, 3072)
iter 20499	train disc cost	-2.7144036293029785	time	0.4039735198020935	dev disc cost	-2.6600453853607178
(128, 3072)
iter 20599	train disc cost	-2.7182347774505615	time	0.40280168294906615	dev disc cost	-2.562140941619873
(128, 3072)
iter 20699	train disc cost	-2.6658706665039062	time	0.4039889597892761	dev disc cost	-2.569577693939209
(128, 3072)
iter 20799	train disc cost	-2.663087844848633	time	0.404010694026947	dev disc cost	-2.5292656421661377
(128, 3072)
iter 20899	train disc cost	-2.706707715988159	time	0.4029411768913269	dev disc cost	-2.545927047729492