2018-08-28 15:49:49.804339: I tensorflow/stream_executor/cuda/cuda_gpu_executor.cc:897] successful NUMA node read from SysFS had negative value (-1), but there must be at least one NUMA node, so returning NUMA node zero
2018-08-28 15:49:49.804828: I tensorflow/core/common_runtime/gpu/gpu_device.cc:1405] Found device 0 with properties: 
name: GeForce GTX 960 major: 5 minor: 2 memoryClockRate(GHz): 1.228
pciBusID: 0000:01:00.0
totalMemory: 1,95GiB freeMemory: 1,62GiB
2018-08-28 15:49:49.804855: I tensorflow/core/common_runtime/gpu/gpu_device.cc:1484] Adding visible gpu devices: 0
2018-08-28 15:49:50.041305: I tensorflow/core/common_runtime/gpu/gpu_device.cc:965] Device interconnect StreamExecutor with strength 1 edge matrix:
2018-08-28 15:49:50.041363: I tensorflow/core/common_runtime/gpu/gpu_device.cc:971]      0 
2018-08-28 15:49:50.041373: I tensorflow/core/common_runtime/gpu/gpu_device.cc:984] 0:   N 
2018-08-28 15:49:50.041552: I tensorflow/core/common_runtime/gpu/gpu_device.cc:1097] Created TensorFlow device (/job:localhost/replica:0/task:0/device:GPU:0 with 1366 MB memory) -> physical GPU (device: 0, name: GeForce GTX 960, pci bus id: 0000:01:00.0, compute capability: 5.2)
Uppercase local vars:
	BATCH_SIZE: 64
	CRITIC_ITERS: 5
	DIM: 64
	IM_DIM: 32
	ITERS: 100000
	LAMBDA: 10
	MODE: wgan-gp
	OUTPUT_DIM: 3072
Creating train generator with 1041 samples.
iter 0	time	13.03397536277771	train disc cost	-5.181112289428711
iter 1	time	13.006604671478271	train disc cost	-18.019655227661133
iter 2	time	12.063823223114014	train disc cost	-36.9208984375
iter 3	time	11.882812738418579	train disc cost	-68.40740203857422
iter 4	time	11.79647445678711	train disc cost	-90.14315795898438
iter 99	time	11.48900085499412	train disc cost	-46.0019416809082	dev disc cost	-19.92357635498047
iter 199	time	11.36330272436142	train disc cost	-15.725330352783203	dev disc cost	-11.805356979370117
iter 299	time	11.35151935338974	train disc cost	-12.457038879394531	dev disc cost	-12.299604415893555
iter 399	time	11.43953006029129	train disc cost	-11.778881072998047	dev disc cost	-10.606605529785156
iter 499	time	11.400893819332122	train disc cost	-11.219869613647461	dev disc cost	-11.029016494750977
iter 599	time	11.358262734413147	train disc cost	-10.780994415283203	dev disc cost	-10.139994621276855
iter 699	time	11.452824127674102	train disc cost	-10.477766036987305	dev disc cost	-11.197717666625977
iter 799	time	11.467084188461303	train disc cost	-10.230271339416504	dev disc cost	-10.065645217895508
iter 899	time	11.32586366891861	train disc cost	-10.250846862792969	dev disc cost	-10.37160873413086
iter 999	time	11.31945641040802	train disc cost	-10.16341781616211	dev disc cost	-10.95914077758789
iter 1099	time	11.34949450492859	train disc cost	-10.013774871826172	dev disc cost	-10.411670684814453
iter 1199	time	11.321043591499329	train disc cost	-9.926216125488281	dev disc cost	-9.659646034240723
iter 1299	time	11.42041971206665	train disc cost	-9.917278289794922	dev disc cost	-9.411327362060547
iter 1399	time	11.436698698997498	train disc cost	-9.701600074768066	dev disc cost	-10.062152862548828
iter 1499	time	11.48141820192337	train disc cost	-9.668379783630371	dev disc cost	-9.015331268310547
iter 1599	time	11.436799688339233	train disc cost	-9.520058631896973	dev disc cost	-10.040138244628906
iter 1699	time	11.448320927619934	train disc cost	-9.513781547546387	dev disc cost	-8.889728546142578
iter 1799	time	11.405786290168763	train disc cost	-9.364642143249512	dev disc cost	-9.42000675201416
iter 1899	time	11.413414351940155	train disc cost	-9.200174331665039	dev disc cost	-8.809551239013672
iter 1999	time	11.402740149497985	train disc cost	-9.008194923400879	dev disc cost	-9.540071487426758
iter 2099	time	11.424215064048767	train disc cost	-8.990558624267578	dev disc cost	-9.195576667785645
iter 2199	time	11.48602401971817	train disc cost	-8.965210914611816	dev disc cost	-8.18986988067627
iter 2299	time	11.45821881055832	train disc cost	-8.652329444885254	dev disc cost	-9.004833221435547
iter 2399	time	11.438038787841798	train disc cost	-8.756471633911133	dev disc cost	-8.17325210571289
iter 2499	time	11.446445276737213	train disc cost	-8.614718437194824	dev disc cost	-9.124505996704102
iter 2599	time	11.391005275249482	train disc cost	-8.69792652130127	dev disc cost	-8.21779727935791
iter 2699	time	11.371083402633667	train disc cost	-8.561668395996094	dev disc cost	-7.985821723937988
iter 2799	time	11.381168692111968	train disc cost	-8.397597312927246	dev disc cost	-8.506180763244629
iter 2899	time	11.432608437538146	train disc cost	-8.328335762023926	dev disc cost	-8.547433853149414
iter 2999	time	11.537684464454651	train disc cost	-8.386187553405762	dev disc cost	-7.270534038543701
iter 3099	time	11.52111136674881	train disc cost	-8.211189270019531	dev disc cost	-8.151007652282715
iter 3199	time	11.535054001808167	train disc cost	-8.131808280944824	dev disc cost	-7.62838077545166
iter 3299	time	11.493742363452911	train disc cost	-8.089041709899902	dev disc cost	-8.529531478881836
iter 3399	time	11.498889453411103	train disc cost	-8.083353042602539	dev disc cost	-8.247228622436523
iter 3499	time	11.542811436653137	train disc cost	-7.9780659675598145	dev disc cost	-7.699716567993164
iter 3599	time	11.402349441051483	train disc cost	-7.95814323425293	dev disc cost	-8.00049114227295
iter 3699	time	11.495055520534516	train disc cost	-7.821602821350098	dev disc cost	-7.295754432678223
iter 3799	time	11.487460470199585	train disc cost	-7.803283214569092	dev disc cost	-7.666332721710205
iter 3899	time	11.480049152374267	train disc cost	-7.8218207359313965	dev disc cost	-7.857807159423828
iter 3999	time	11.496403305530547	train disc cost	-7.676199913024902	dev disc cost	-7.823709964752197
iter 4099	time	11.431672859191895	train disc cost	-7.715511322021484	dev disc cost	-7.215021133422852
iter 4199	time	11.390740225315094	train disc cost	-7.598140716552734	dev disc cost	-7.15434455871582
iter 4299	time	11.435355665683746	train disc cost	-7.454553604125977	dev disc cost	-7.742208003997803
iter 4399	time	11.463820011615754	train disc cost	-7.433496475219727	dev disc cost	-7.2642035484313965
iter 4499	time	11.525039730072022	train disc cost	-7.446130752563477	dev disc cost	-6.8957200050354
iter 4599	time	11.35443979024887	train disc cost	-7.24049186706543	dev disc cost	-7.764496326446533
iter 4699	time	11.550127096176148	train disc cost	-7.321502685546875	dev disc cost	-6.926366806030273
iter 4799	time	11.537534301280976	train disc cost	-7.2484588623046875	dev disc cost	-7.505160331726074
iter 4899	time	11.450468735694885	train disc cost	-7.13724422454834	dev disc cost	-6.909411907196045
iter 4999	time	11.458708081245423	train disc cost	-7.117621898651123	dev disc cost	-7.010507106781006
iter 5099	time	11.361929278373719	train disc cost	-7.021822452545166	dev disc cost	-7.194222927093506
iter 5199	time	11.490814318656922	train disc cost	-6.963707447052002	dev disc cost	-6.809864044189453
iter 5299	time	11.478030347824097	train disc cost	-6.97039794921875	dev disc cost	-6.626763820648193
iter 5399	time	11.54373200416565	train disc cost	-6.921573638916016	dev disc cost	-6.733840465545654
iter 5499	time	11.633607182502747	train disc cost	-6.918835639953613	dev disc cost	-6.832747936248779
iter 5599	time	11.474575066566468	train disc cost	-6.7888712882995605	dev disc cost	-6.430727005004883
iter 5699	time	11.545955181121826	train disc cost	-6.702157974243164	dev disc cost	-5.962634086608887
iter 5799	time	11.713692374229431	train disc cost	-6.619864463806152	dev disc cost	-6.162121772766113
iter 5899	time	11.470112957954406	train disc cost	-6.575495719909668	dev disc cost	-6.613912105560303
iter 5999	time	11.486722326278686	train disc cost	-6.586408615112305	dev disc cost	-7.571097373962402
iter 6099	time	11.607362630367279	train disc cost	-6.492457866668701	dev disc cost	-6.132076740264893
iter 6199	time	11.666359915733338	train disc cost	-6.313875675201416	dev disc cost	-6.401858806610107
iter 6299	time	12.033436222076416	train disc cost	-6.549793243408203	dev disc cost	-6.165129661560059
iter 6399	time	11.538232033252717	train disc cost	-6.32697868347168	dev disc cost	-5.954620838165283
iter 6499	time	11.524845736026764	train disc cost	-6.309273719787598	dev disc cost	-5.671660423278809
iter 6599	time	11.516403176784515	train disc cost	-6.2147369384765625	dev disc cost	-5.892711639404297
iter 6699	time	11.43779599905014	train disc cost	-6.154102325439453	dev disc cost	-6.0013251304626465
iter 6799	time	11.35304280757904	train disc cost	-6.0961995124816895	dev disc cost	-6.813588619232178
iter 6899	time	11.39339337348938	train disc cost	-6.07662296295166	dev disc cost	-6.1549787521362305
iter 6999	time	11.345776159763336	train disc cost	-6.103962421417236	dev disc cost	-5.223910331726074
iter 7099	time	11.346028065681457	train disc cost	-5.926762580871582	dev disc cost	-5.4885334968566895
iter 7199	time	11.44428773880005	train disc cost	-5.980377674102783	dev disc cost	-5.526299476623535
iter 7299	time	11.57120216846466	train disc cost	-5.868582725524902	dev disc cost	-5.591782093048096
iter 7399	time	11.62110116481781	train disc cost	-5.869235038757324	dev disc cost	-5.719674587249756
iter 7499	time	11.554926354885101	train disc cost	-5.8880462646484375	dev disc cost	-5.649662017822266
iter 7599	time	11.718875386714934	train disc cost	-5.80546760559082	dev disc cost	-6.114945888519287