2018-07-30 14:00:31.117150: I tensorflow/core/platform/cpu_feature_guard.cc:140] Your CPU supports instructions that this TensorFlow binary was not compiled to use: SSE4.1 SSE4.2
2018-07-30 14:00:32.274305: I tensorflow/stream_executor/cuda/cuda_gpu_executor.cc:898] successful NUMA node read from SysFS had negative value (-1), but there must be at least one NUMA node, so returning NUMA node zero
2018-07-30 14:00:32.275224: I tensorflow/core/common_runtime/gpu/gpu_device.cc:1356] Found device 0 with properties: 
name: GeForce GTX TITAN X major: 5 minor: 2 memoryClockRate(GHz): 1.076
pciBusID: 0000:05:00.0
totalMemory: 11.93GiB freeMemory: 11.81GiB
2018-07-30 14:00:32.446651: I tensorflow/stream_executor/cuda/cuda_gpu_executor.cc:898] successful NUMA node read from SysFS had negative value (-1), but there must be at least one NUMA node, so returning NUMA node zero
2018-07-30 14:00:32.447403: I tensorflow/core/common_runtime/gpu/gpu_device.cc:1356] Found device 1 with properties: 
name: GeForce GTX 980 Ti major: 5 minor: 2 memoryClockRate(GHz): 1.1395
pciBusID: 0000:07:00.0
totalMemory: 5.93GiB freeMemory: 5.83GiB
2018-07-30 14:00:32.447716: I tensorflow/core/common_runtime/gpu/gpu_device.cc:1435] Adding visible gpu devices: 0, 1
2018-07-30 14:00:33.043892: I tensorflow/core/common_runtime/gpu/gpu_device.cc:923] Device interconnect StreamExecutor with strength 1 edge matrix:
2018-07-30 14:00:33.043953: I tensorflow/core/common_runtime/gpu/gpu_device.cc:929]      0 1 
2018-07-30 14:00:33.043968: I tensorflow/core/common_runtime/gpu/gpu_device.cc:942] 0:   N Y 
2018-07-30 14:00:33.043980: I tensorflow/core/common_runtime/gpu/gpu_device.cc:942] 1:   Y N 
2018-07-30 14:00:33.044425: I tensorflow/core/common_runtime/gpu/gpu_device.cc:1053] Created TensorFlow device (/job:localhost/replica:0/task:0/device:GPU:0 with 11436 MB memory) -> physical GPU (device: 0, name: GeForce GTX TITAN X, pci bus id: 0000:05:00.0, compute capability: 5.2)
2018-07-30 14:00:33.219614: I tensorflow/core/common_runtime/gpu/gpu_device.cc:1053] Created TensorFlow device (/job:localhost/replica:0/task:0/device:GPU:1 with 5609 MB memory) -> physical GPU (device: 1, name: GeForce GTX 980 Ti, pci bus id: 0000:07:00.0, compute capability: 5.2)
Uppercase local vars:
	BATCH_SIZE: 64
	CRITIC_ITERS: 5
	DIM: 128
	ITERS: 200000
	LAMBDA: 10
	MODE: wgan-gp
	OUTPUT_DIM: 3072
Creating train generator with 226 samples.
iter 0	time	13.663180112838745	train disc cost	-11.348078727722168
iter 1	time	11.74357295036316	train disc cost	-28.211503982543945
iter 2	time	11.236284017562866	train disc cost	-35.159568786621094
iter 3	time	11.050618886947632	train disc cost	-42.325782775878906
iter 4	time	10.899858236312866	train disc cost	-46.89649963378906
Creating test generator with 84 samples.
iter 99	time	10.389590732674849	dev disc cost	-17.89328384399414	train disc cost	-31.34683609008789
iter 199	time	9.513464350700378	dev disc cost	-12.849868774414062	train disc cost	-18.983861923217773
iter 299	time	9.072285885810851	dev disc cost	-9.518940925598145	train disc cost	-15.816661834716797
iter 399	time	9.006076903343201	dev disc cost	-10.534996032714844	train disc cost	-14.187019348144531
iter 499	time	8.780940420627594	dev disc cost	-10.135882377624512	train disc cost	-13.651540756225586
iter 599	time	8.775157976150513	dev disc cost	-10.45730972290039	train disc cost	-12.376800537109375
iter 699	time	8.680086810588836	dev disc cost	-9.923666000366211	train disc cost	-12.711050987243652
iter 799	time	8.795702011585236	dev disc cost	-9.421839714050293	train disc cost	-12.877141952514648
iter 899	time	8.75906635761261	dev disc cost	-9.878602981567383	train disc cost	-12.645146369934082
iter 999	time	8.74683400630951	dev disc cost	-9.437556266784668	train disc cost	-12.535606384277344
iter 1099	time	8.789345259666442	dev disc cost	-8.876554489135742	train disc cost	-12.635720252990723
iter 1199	time	8.708382489681243	dev disc cost	-9.288896560668945	train disc cost	-12.618417739868164
iter 1299	time	8.747581057548523	dev disc cost	-9.377988815307617	train disc cost	-12.598315238952637
iter 1399	time	8.71633146047592	dev disc cost	-8.424190521240234	train disc cost	-12.461206436157227
iter 1499	time	8.6939182305336	dev disc cost	-9.617825508117676	train disc cost	-12.474499702453613
iter 1599	time	8.715228142738342	dev disc cost	-8.508363723754883	train disc cost	-12.532354354858398
iter 1699	time	8.70042741537094	dev disc cost	-7.060265064239502	train disc cost	-12.444202423095703
iter 1799	time	8.762846696376801	dev disc cost	-5.620109558105469	train disc cost	-12.547907829284668
iter 1899	time	8.71170693874359	dev disc cost	-6.483187198638916	train disc cost	-12.528730392456055
iter 1999	time	8.583487756252289	dev disc cost	-7.267424583435059	train disc cost	-12.517502784729004
iter 2099	time	8.576668510437012	dev disc cost	-6.3443284034729	train disc cost	-12.567449569702148
iter 2199	time	8.66302746772766	dev disc cost	-8.623634338378906	train disc cost	-12.342670440673828
iter 2299	time	8.706066873073578	dev disc cost	-7.6406683921813965	train disc cost	-12.603525161743164
iter 2399	time	8.688072135448456	dev disc cost	-4.790949821472168	train disc cost	-12.25171184539795
iter 2499	time	8.657292459011078	dev disc cost	-5.550006866455078	train disc cost	-12.364660263061523
iter 2599	time	8.706680061817169	dev disc cost	-5.264937400817871	train disc cost	-12.485346794128418
iter 2699	time	8.657140879631042	dev disc cost	-8.515911102294922	train disc cost	-12.575604438781738
iter 2799	time	8.727423851490022	dev disc cost	-5.716955184936523	train disc cost	-12.699492454528809
iter 2899	time	8.651514768600464	dev disc cost	-6.0395097732543945	train disc cost	-12.824420928955078
iter 2999	time	8.660693426132202	dev disc cost	-5.803372383117676	train disc cost	-12.486627578735352
iter 3099	time	8.694627268314362	dev disc cost	-5.598289489746094	train disc cost	-12.460190773010254
iter 3199	time	8.58598623752594	dev disc cost	-5.30498743057251	train disc cost	-12.36828899383545
iter 3299	time	8.72961490392685	dev disc cost	-4.385856628417969	train disc cost	-12.353715896606445
iter 3399	time	8.751196584701539	dev disc cost	-6.030310153961182	train disc cost	-12.572029113769531
iter 3499	time	8.669949486255646	dev disc cost	-5.286764621734619	train disc cost	-12.341809272766113
iter 3599	time	8.541584620475769	dev disc cost	-5.458672046661377	train disc cost	-12.388479232788086
iter 3699	time	8.677466022968293	dev disc cost	-6.692898750305176	train disc cost	-12.591769218444824
iter 3799	time	8.595979344844817	dev disc cost	-5.4380035400390625	train disc cost	-12.56692886352539
iter 3899	time	8.660639839172363	dev disc cost	-4.453660488128662	train disc cost	-12.422075271606445
iter 3999	time	8.576812856197357	dev disc cost	-5.046219348907471	train disc cost	-12.39694595336914
iter 4099	time	8.677407369613647	dev disc cost	-5.698185920715332	train disc cost	-12.352527618408203
iter 4199	time	8.724083425998687	dev disc cost	-4.9526777267456055	train disc cost	-12.309667587280273
iter 4299	time	8.739763803482056	dev disc cost	-5.698289394378662	train disc cost	-12.470795631408691
iter 4399	time	8.717726037502288	dev disc cost	-6.24635124206543	train disc cost	-12.210833549499512
iter 4499	time	8.699853065013885	dev disc cost	-5.298690319061279	train disc cost	-12.188462257385254
iter 4599	time	8.763128702640534	dev disc cost	-5.5990753173828125	train disc cost	-12.37484359741211
iter 4699	time	8.72123783826828	dev disc cost	-5.55909538269043	train disc cost	-12.307147026062012
iter 4799	time	8.773854095935821	dev disc cost	-4.2675275802612305	train disc cost	-12.29998779296875
iter 4899	time	8.681785187721253	dev disc cost	-5.779594421386719	train disc cost	-12.312891960144043
iter 4999	time	8.627173838615418	dev disc cost	-5.86893367767334	train disc cost	-12.445345878601074
iter 5099	time	8.72269134759903	dev disc cost	-5.936124801635742	train disc cost	-12.29845905303955
iter 5199	time	8.658379352092743	dev disc cost	-5.553635597229004	train disc cost	-12.274968147277832
iter 5299	time	8.76261673927307	dev disc cost	-5.740806579589844	train disc cost	-12.289960861206055
iter 5399	time	8.722192339897155	dev disc cost	-4.58449125289917	train disc cost	-12.085954666137695
iter 5499	time	8.65323799610138	dev disc cost	-3.455395221710205	train disc cost	-12.138615608215332
iter 5599	time	8.815128107070922	dev disc cost	-5.029296875	train disc cost	-12.253745079040527
iter 5699	time	8.771773388385773	dev disc cost	-5.257704257965088	train disc cost	-11.97472858428955
iter 5799	time	8.82994811296463	dev disc cost	-2.885650634765625	train disc cost	-12.3251371383667
iter 5899	time	8.646059372425078	dev disc cost	-4.257224082946777	train disc cost	-12.278251647949219
iter 5999	time	8.820378239154815	dev disc cost	-3.971435785293579	train disc cost	-12.085293769836426
iter 6099	time	8.698829987049102	dev disc cost	-5.675827503204346	train disc cost	-12.23758316040039
iter 6199	time	8.867149183750152	dev disc cost	-5.308091640472412	train disc cost	-12.28120231628418
iter 6299	time	8.634881253242492	dev disc cost	-4.614048957824707	train disc cost	-12.370039939880371
iter 6399	time	8.787117459774016	dev disc cost	-5.3494672775268555	train disc cost	-12.1088285446167
iter 6499	time	8.768574485778808	dev disc cost	-4.869990348815918	train disc cost	-12.081306457519531
iter 6599	time	8.751630041599274	dev disc cost	-4.037104606628418	train disc cost	-11.983901023864746
iter 6699	time	8.798127291202546	dev disc cost	-4.106937408447266	train disc cost	-12.219566345214844
iter 6799	time	8.798803925514221	dev disc cost	-2.7566981315612793	train disc cost	-12.1718168258667
iter 6899	time	8.846128976345062	dev disc cost	-5.323847770690918	train disc cost	-12.264389991760254
iter 6999	time	8.796756434440614	dev disc cost	-3.516580820083618	train disc cost	-12.255248069763184
iter 7099	time	8.814885118007659	dev disc cost	-4.456391334533691	train disc cost	-12.100162506103516
iter 7199	time	8.850491070747376	dev disc cost	-4.243678092956543	train disc cost	-11.959660530090332
iter 7299	time	8.842550346851349	dev disc cost	-3.9654359817504883	train disc cost	-12.320903778076172
iter 7399	time	8.630164568424226	dev disc cost	-3.8823330402374268	train disc cost	-12.373674392700195
iter 7499	time	8.802358696460724	dev disc cost	-4.023777008056641	train disc cost	-12.221975326538086
iter 7599	time	8.679862413406372	dev disc cost	-3.502176523208618	train disc cost	-12.010241508483887