2018-08-24 11:18:59.333483: I tensorflow/stream_executor/cuda/cuda_gpu_executor.cc:897] successful NUMA node read from SysFS had negative value (-1), but there must be at least one NUMA node, so returning NUMA node zero
2018-08-24 11:18:59.343812: I tensorflow/core/common_runtime/gpu/gpu_device.cc:1405] Found device 0 with properties: 
name: GeForce GTX 960 major: 5 minor: 2 memoryClockRate(GHz): 1.228
pciBusID: 0000:01:00.0
totalMemory: 1,95GiB freeMemory: 1,68GiB
2018-08-24 11:18:59.343833: I tensorflow/core/common_runtime/gpu/gpu_device.cc:1484] Adding visible gpu devices: 0
2018-08-24 11:19:05.721787: I tensorflow/core/common_runtime/gpu/gpu_device.cc:965] Device interconnect StreamExecutor with strength 1 edge matrix:
2018-08-24 11:19:05.721836: I tensorflow/core/common_runtime/gpu/gpu_device.cc:971]      0 
2018-08-24 11:19:05.721846: I tensorflow/core/common_runtime/gpu/gpu_device.cc:984] 0:   N 
2018-08-24 11:19:05.733377: I tensorflow/core/common_runtime/gpu/gpu_device.cc:1097] Created TensorFlow device (/job:localhost/replica:0/task:0/device:GPU:0 with 1432 MB memory) -> physical GPU (device: 0, name: GeForce GTX 960, pci bus id: 0000:01:00.0, compute capability: 5.2)
Uppercase local vars:
	BATCH_SIZE: 50
	CRITIC_ITERS: 5
	DIM: 64
	ITERS: 200000
	LAMBDA: 10
	MODE: wgan-gp
	OUTPUT_DIM: 784
Couldn't find MNIST dataset in /tmp, downloading...
iter 0	time	8.171288967132568	train disc cost	-0.9052022695541382
iter 1	time	0.3770911693572998	train disc cost	-4.198670864105225
iter 2	time	0.18784666061401367	train disc cost	-7.500473499298096
iter 3	time	0.18797087669372559	train disc cost	-10.234436988830566
iter 4	time	0.18879461288452148	train disc cost	-12.437061309814453
iter 99	time	0.1875773128710295	dev disc cost	-7.573085784912109	train disc cost	-10.049398422241211
iter 199	time	0.1876521062850952	dev disc cost	-4.887391567230225	train disc cost	-5.7798380851745605
iter 299	time	0.18883593559265135	dev disc cost	-3.9883832931518555	train disc cost	-4.348012924194336
iter 399	time	0.18797574758529664	dev disc cost	-3.532238245010376	train disc cost	-3.6842713356018066
iter 499	time	0.188812780380249	dev disc cost	-3.317042827606201	train disc cost	-3.372377872467041
iter 599	time	0.1879606819152832	dev disc cost	-3.235454797744751	train disc cost	-3.2117865085601807
iter 699	time	0.1890476179122925	dev disc cost	-3.2250137329101562	train disc cost	-3.1640572547912598
iter 799	time	0.18828797578811646	dev disc cost	-3.116809129714966	train disc cost	-3.1349401473999023
iter 899	time	0.1891835355758667	dev disc cost	-3.0511412620544434	train disc cost	-3.0649428367614746
iter 999	time	0.18997323751449585	dev disc cost	-3.0069286823272705	train disc cost	-3.057415246963501
iter 1099	time	0.19049344778060914	dev disc cost	-3.0252082347869873	train disc cost	-2.994509220123291
iter 1199	time	0.18921193361282349	dev disc cost	-2.913259983062744	train disc cost	-2.9410736560821533
iter 1299	time	0.19001716136932373	dev disc cost	-2.848297119140625	train disc cost	-2.8606789112091064
iter 1399	time	0.19104645252227784	dev disc cost	-2.7514448165893555	train disc cost	-2.7798454761505127
iter 1499	time	0.1947698712348938	dev disc cost	-2.6568117141723633	train disc cost	-2.6783697605133057
iter 1599	time	0.18945081472396852	dev disc cost	-2.636657476425171	train disc cost	-2.6153664588928223
iter 1699	time	0.19243736505508424	dev disc cost	-2.4774413108825684	train disc cost	-2.5169923305511475
iter 1799	time	0.19047239780426026	dev disc cost	-2.4160165786743164	train disc cost	-2.453617811203003
iter 1899	time	0.19372657537460328	dev disc cost	-2.3054728507995605	train disc cost	-2.398946762084961
iter 1999	time	0.18917529582977294	dev disc cost	-2.272451400756836	train disc cost	-2.34613037109375
iter 2099	time	0.18947396516799928	dev disc cost	-2.2241721153259277	train disc cost	-2.272735834121704
iter 2199	time	0.18828473806381227	dev disc cost	-2.1758413314819336	train disc cost	-2.218876838684082
iter 2299	time	0.1891833257675171	dev disc cost	-2.156435251235962	train disc cost	-2.162703037261963
iter 2399	time	0.188449444770813	dev disc cost	-2.120373487472534	train disc cost	-2.1376497745513916
iter 2499	time	0.18934347867965698	dev disc cost	-2.043405532836914	train disc cost	-2.121229887008667
iter 2599	time	0.18849900722503662	dev disc cost	-2.028688430786133	train disc cost	-2.0855977535247803
iter 2699	time	0.18939645290374757	dev disc cost	-1.9929333925247192	train disc cost	-2.0451467037200928
iter 2799	time	0.1884506869316101	dev disc cost	-1.9264968633651733	train disc cost	-2.0200605392456055
iter 2899	time	0.1894296860694885	dev disc cost	-1.979087471961975	train disc cost	-1.9673020839691162
iter 2999	time	0.18926896810531615	dev disc cost	-1.8756518363952637	train disc cost	-1.9365105628967285
iter 3099	time	0.18978703260421753	dev disc cost	-1.912369966506958	train disc cost	-1.888094425201416
iter 3199	time	0.18843786001205445	dev disc cost	-1.896925687789917	train disc cost	-1.8887922763824463
iter 3299	time	0.1894351840019226	dev disc cost	-1.8604174852371216	train disc cost	-1.8734279870986938
iter 3399	time	0.18904447078704834	dev disc cost	-1.8285133838653564	train disc cost	-1.8602075576782227
iter 3499	time	0.1894445824623108	dev disc cost	-1.7767088413238525	train disc cost	-1.841590166091919
iter 3599	time	0.18850785970687867	dev disc cost	-1.8099758625030518	train disc cost	-1.7652380466461182
iter 3699	time	0.18930699110031127	dev disc cost	-1.810364842414856	train disc cost	-1.761337161064148
iter 3799	time	0.18875943422317504	dev disc cost	-1.7676092386245728	train disc cost	-1.7522932291030884
iter 3899	time	0.1894706654548645	dev disc cost	-1.6878695487976074	train disc cost	-1.7450445890426636
iter 3999	time	0.18882903814315796	dev disc cost	-1.7249360084533691	train disc cost	-1.7514257431030273
iter 4099	time	0.18978575944900514	dev disc cost	-1.687770128250122	train disc cost	-1.7452876567840576
iter 4199	time	0.18850475549697876	dev disc cost	-1.6699340343475342	train disc cost	-1.6723524332046509
iter 4299	time	0.18958224296569826	dev disc cost	-1.6275922060012817	train disc cost	-1.661286473274231
iter 4399	time	0.18892088413238525	dev disc cost	-1.6656088829040527	train disc cost	-1.7017627954483032
iter 4499	time	0.18987574815750122	dev disc cost	-1.591941237449646	train disc cost	-1.65285325050354
iter 4599	time	0.18897948741912843	dev disc cost	-1.6814504861831665	train disc cost	-1.6186776161193848
iter 4699	time	0.18961037158966065	dev disc cost	-1.5381568670272827	train disc cost	-1.6339051723480225
iter 4799	time	0.1886076831817627	dev disc cost	-1.6009973287582397	train disc cost	-1.5946588516235352
iter 4899	time	0.189571795463562	dev disc cost	-1.5650608539581299	train disc cost	-1.5824333429336548
iter 4999	time	0.18898992776870727	dev disc cost	-1.5389540195465088	train disc cost	-1.55686616897583
iter 5099	time	0.18992056131362914	dev disc cost	-1.5997506380081177	train disc cost	-1.5957492589950562
iter 5199	time	0.1887052321434021	dev disc cost	-1.5234085321426392	train disc cost	-1.5433056354522705
iter 5299	time	0.19014662504196167	dev disc cost	-1.4514025449752808	train disc cost	-1.5237988233566284
iter 5399	time	0.18875996589660646	dev disc cost	-1.4993352890014648	train disc cost	-1.526929497718811
iter 5499	time	0.189678111076355	dev disc cost	-1.5800912380218506	train disc cost	-1.5596450567245483
iter 5599	time	0.1885874390602112	dev disc cost	-1.4859869480133057	train disc cost	-1.4688724279403687
iter 5699	time	0.19009017944335938	dev disc cost	-1.4428925514221191	train disc cost	-1.4859510660171509
iter 5799	time	0.18893203020095825	dev disc cost	-1.4421879053115845	train disc cost	-1.4909723997116089
iter 5899	time	0.18943422555923461	dev disc cost	-1.4719595909118652	train disc cost	-1.4884650707244873
iter 5999	time	0.1885768675804138	dev disc cost	-1.476720929145813	train disc cost	-1.470542311668396
iter 6099	time	0.18948571443557738	dev disc cost	-1.5419204235076904	train disc cost	-1.42314875125885
iter 6199	time	0.18915430307388306	dev disc cost	-1.3791744709014893	train disc cost	-1.4171732664108276
iter 6299	time	0.18978708028793334	dev disc cost	-1.41733980178833	train disc cost	-1.4485664367675781
iter 6399	time	0.18845271587371826	dev disc cost	-1.3398590087890625	train disc cost	-1.4161274433135986
iter 6499	time	0.18945229291915894	dev disc cost	-1.4077517986297607	train disc cost	-1.4076166152954102
iter 6599	time	0.18897368431091308	dev disc cost	-1.3806606531143188	train disc cost	-1.3444687128067017
iter 6699	time	0.18940738201141358	dev disc cost	-1.3827786445617676	train disc cost	-1.386560082435608
iter 6799	time	0.18924792766571044	dev disc cost	-1.3397414684295654	train disc cost	-1.3966914415359497
iter 6899	time	0.1900261950492859	dev disc cost	-1.3479286432266235	train disc cost	-1.352353811264038
iter 6999	time	0.1886997938156128	dev disc cost	-1.3375719785690308	train disc cost	-1.3520642518997192
iter 7099	time	0.18966236114501953	dev disc cost	-1.3572211265563965	train disc cost	-1.388273000717163
iter 7199	time	0.1892093276977539	dev disc cost	-1.2745997905731201	train disc cost	-1.339421272277832
iter 7299	time	0.18950548648834228	dev disc cost	-1.3641998767852783	train disc cost	-1.3283823728561401
iter 7399	time	0.18916990756988525	dev disc cost	-1.277907371520996	train disc cost	-1.3285194635391235
iter 7499	time	0.19001264095306397	dev disc cost	-1.2505645751953125	train disc cost	-1.308488368988037
iter 7599	time	0.18905441761016845	dev disc cost	-1.2452647686004639	train disc cost	-1.3350335359573364
iter 7699	time	0.1899750280380249	dev disc cost	-1.3117437362670898	train disc cost	-1.2553437948226929
iter 7799	time	0.1889168381690979	dev disc cost	-1.193764090538025	train disc cost	-1.2868913412094116
iter 7899	time	0.19015291929244996	dev disc cost	-1.2073848247528076	train disc cost	-1.259513020515442
iter 7999	time	0.18868046283721923	dev disc cost	-1.1309540271759033	train disc cost	-1.2575651407241821
iter 8099	time	0.19018168687820436	dev disc cost	-1.2203623056411743	train disc cost	-1.2711247205734253
iter 8199	time	0.18874081134796142	dev disc cost	-1.3334792852401733	train disc cost	-1.2785584926605225
iter 8299	time	0.19008492469787597	dev disc cost	-1.244584560394287	train disc cost	-1.2205626964569092
iter 8399	time	0.18885728359222412	dev disc cost	-1.2060257196426392	train disc cost	-1.2602064609527588
iter 8499	time	0.19000362396240233	dev disc cost	-1.1836912631988525	train disc cost	-1.218612551689148
iter 8599	time	0.18939798355102538	dev disc cost	-1.1742568016052246	train disc cost	-1.270379662513733
iter 8699	time	0.1894264793395996	dev disc cost	-1.1255040168762207	train disc cost	-1.2587143182754517
iter 8799	time	0.18920870065689088	dev disc cost	-1.2071025371551514	train disc cost	-1.1930822134017944
iter 8899	time	0.18932199239730835	dev disc cost	-1.1671864986419678	train disc cost	-1.233046293258667
iter 8999	time	0.1891797423362732	dev disc cost	-1.1341328620910645	train disc cost	-1.193272352218628
iter 9099	time	0.19012378215789794	dev disc cost	-1.2099627256393433	train disc cost	-1.2021609544754028
iter 9199	time	0.1892924165725708	dev disc cost	-1.1871620416641235	train disc cost	-1.191789150238037
iter 9299	time	0.18959335803985597	dev disc cost	-1.1522160768508911	train disc cost	-1.195493221282959
iter 9399	time	0.18881103038787841	dev disc cost	-1.1299705505371094	train disc cost	-1.0999696254730225
iter 9499	time	0.18996134519577026	dev disc cost	-1.1279840469360352	train disc cost	-1.1743024587631226
iter 9599	time	0.18915991067886354	dev disc cost	-1.1692378520965576	train disc cost	-1.1501384973526
iter 9699	time	0.19022388458251954	dev disc cost	-1.071132779121399	train disc cost	-1.1789629459381104
iter 9799	time	0.18929751873016357	dev disc cost	-1.0612647533416748	train disc cost	-1.12517511844635
iter 9899	time	0.19026768684387207	dev disc cost	-1.1450790166854858	train disc cost	-1.1443384885787964
iter 9999	time	0.1888532042503357	dev disc cost	-1.1174192428588867	train disc cost	-1.1478759050369263
iter 10099	time	0.18994402885437012	dev disc cost	-1.106364130973816	train disc cost	-1.1077117919921875
iter 10199	time	0.1893646812438965	dev disc cost	-1.1144120693206787	train disc cost	-1.1369539499282837
iter 10299	time	0.19000308513641356	dev disc cost	-1.1006927490234375	train disc cost	-1.1016138792037964
iter 10399	time	0.18923382997512816	dev disc cost	-1.027457594871521	train disc cost	-1.1109591722488403
iter 10499	time	0.18998199462890625	dev disc cost	-1.0571379661560059	train disc cost	-1.1002707481384277
iter 10599	time	0.18925514221191406	dev disc cost	-1.1479732990264893	train disc cost	-1.1156400442123413
iter 10699	time	0.19011467456817627	dev disc cost	-1.102277159690857	train disc cost	-1.0965842008590698
iter 10799	time	0.1890708589553833	dev disc cost	-1.0308109521865845	train disc cost	-1.0662959814071655
iter 10899	time	0.1901426863670349	dev disc cost	-1.036393404006958	train disc cost	-1.0918489694595337
iter 10999	time	0.18936918020248414	dev disc cost	-1.0777846574783325	train disc cost	-1.0883238315582275
iter 11099	time	0.19007245779037477	dev disc cost	-1.0717674493789673	train disc cost	-1.060864806175232
iter 11199	time	0.18935706377029418	dev disc cost	-1.040350317955017	train disc cost	-1.0438241958618164
iter 11299	time	0.18985703468322754	dev disc cost	-1.0022907257080078	train disc cost	-1.0865155458450317
iter 11399	time	0.1889288306236267	dev disc cost	-0.9213964939117432	train disc cost	-1.0834219455718994
iter 11499	time	0.19023967027664185	dev disc cost	-0.9999485611915588	train disc cost	-1.049713134765625
iter 11599	time	0.18927833557128906	dev disc cost	-1.098017692565918	train disc cost	-1.0431129932403564
iter 11699	time	0.19022809028625487	dev disc cost	-0.9708465337753296	train disc cost	-1.0758696794509888
iter 11799	time	0.18874760150909423	dev disc cost	-1.0176182985305786	train disc cost	-1.0295624732971191
iter 11899	time	0.19027913570404054	dev disc cost	-0.994650661945343	train disc cost	-1.0277162790298462
iter 11999	time	0.1894439697265625	dev disc cost	-0.9656846523284912	train disc cost	-1.0489568710327148
iter 12099	time	0.18949689626693725	dev disc cost	-0.9563230872154236	train disc cost	-1.0315024852752686
iter 12199	time	0.18908427715301512	dev disc cost	-0.9593786597251892	train disc cost	-1.0337376594543457
iter 12299	time	0.1902276659011841	dev disc cost	-0.9623867869377136	train disc cost	-1.015830636024475
iter 12399	time	0.18935206651687622	dev disc cost	-1.0863691568374634	train disc cost	-1.019004225730896
iter 12499	time	0.1901175260543823	dev disc cost	-0.9577873349189758	train disc cost	-1.0200676918029785
iter 12599	time	0.18893927574157715	dev disc cost	-0.9257870316505432	train disc cost	-1.0174062252044678
iter 12699	time	0.1901491904258728	dev disc cost	-0.9706485271453857	train disc cost	-1.01246976852417
iter 12799	time	0.18935609579086304	dev disc cost	-0.9579896330833435	train disc cost	-0.9696759581565857
iter 12899	time	0.19008682489395143	dev disc cost	-0.9575227499008179	train disc cost	-0.9997395277023315
iter 12999	time	0.18922597408294678	dev disc cost	-1.0464874505996704	train disc cost	-0.9512889981269836
iter 13099	time	0.1902394962310791	dev disc cost	-0.921204686164856	train disc cost	-1.005692958831787
iter 13199	time	0.18936218023300172	dev disc cost	-1.013505220413208	train disc cost	-0.9687190055847168
iter 13299	time	0.19013224124908448	dev disc cost	-0.8565492033958435	train disc cost	-0.9482282996177673
iter 13399	time	0.18924333810806274	dev disc cost	-0.9625875949859619	train disc cost	-0.943732500076294
iter 13499	time	0.19014403820037842	dev disc cost	-0.9327738881111145	train disc cost	-0.9975822567939758
iter 13599	time	0.18924898386001587	dev disc cost	-0.9393139481544495	train disc cost	-0.9858744740486145
iter 13699	time	0.19019742250442506	dev disc cost	-0.9138529896736145	train disc cost	-0.9614739418029785
iter 13799	time	0.18904392480850218	dev disc cost	-0.9708307385444641	train disc cost	-0.9413901567459106
iter 13899	time	0.1901072669029236	dev disc cost	-1.0749657154083252	train disc cost	-0.9606010317802429
iter 13999	time	0.18932157039642333	dev disc cost	-0.8897802233695984	train disc cost	-0.9278948903083801
iter 14099	time	0.1902107048034668	dev disc cost	-0.9717238545417786	train disc cost	-0.9494307041168213
iter 14199	time	0.18936829566955565	dev disc cost	-0.9633679986000061	train disc cost	-0.9517321586608887
iter 14299	time	0.19004981279373168	dev disc cost	-0.9490743279457092	train disc cost	-0.9382175207138062
iter 14399	time	0.18933829307556152	dev disc cost	-0.8753674030303955	train disc cost	-0.9936389923095703
iter 14499	time	0.19009274244308472	dev disc cost	-0.8982151746749878	train disc cost	-0.9756180047988892
iter 14599	time	0.1894040274620056	dev disc cost	-0.8088810443878174	train disc cost	-0.9269431233406067
iter 14699	time	0.19029269933700563	dev disc cost	-0.8499672412872314	train disc cost	-0.9452195167541504
iter 14799	time	0.18915535211563111	dev disc cost	-0.8679506182670593	train disc cost	-0.9379079937934875
iter 14899	time	0.1902257990837097	dev disc cost	-0.8712940216064453	train disc cost	-0.90520840883255
iter 14999	time	0.18841934204101562	dev disc cost	-0.9359687566757202	train disc cost	-0.8877662420272827
iter 15099	time	0.1898307180404663	dev disc cost	-0.8453083634376526	train disc cost	-0.9601312875747681
iter 15199	time	0.18934826135635377	dev disc cost	-0.8560386896133423	train disc cost	-0.917042076587677
iter 15299	time	0.1901953387260437	dev disc cost	-0.9037262201309204	train disc cost	-0.9286190867424011
iter 15399	time	0.1893579840660095	dev disc cost	-0.8739008903503418	train disc cost	-0.918212354183197
iter 15499	time	0.19023528337478637	dev disc cost	-0.9079563021659851	train disc cost	-0.9025706648826599
iter 15599	time	0.18923475503921508	dev disc cost	-0.8855147361755371	train disc cost	-0.8961473107337952
iter 15699	time	0.1901911449432373	dev disc cost	-0.7701883912086487	train disc cost	-0.9200145602226257
iter 15799	time	0.18929470777511598	dev disc cost	-0.7677668929100037	train disc cost	-0.9114216566085815
iter 15899	time	0.19010222673416138	dev disc cost	-0.883317232131958	train disc cost	-0.9182572960853577
iter 15999	time	0.18934205055236816	dev disc cost	-0.9531898498535156	train disc cost	-0.8870120048522949
iter 16099	time	0.19029516696929932	dev disc cost	-0.9017968773841858	train disc cost	-0.8969089388847351
iter 16199	time	0.18926462411880493	dev disc cost	-0.8304367065429688	train disc cost	-0.9231812357902527
iter 16299	time	0.19030040264129638	dev disc cost	-0.8004825711250305	train disc cost	-0.8805449604988098
iter 16399	time	0.18868536472320557	dev disc cost	-0.870866060256958	train disc cost	-0.8696373105049133
iter 16499	time	0.19031452655792236	dev disc cost	-0.8012717366218567	train disc cost	-0.9035142660140991
iter 16599	time	0.18911568880081175	dev disc cost	-0.8356747627258301	train disc cost	-0.8943514227867126
iter 16699	time	0.19019726276397705	dev disc cost	-0.8073108792304993	train disc cost	-0.8666534423828125
iter 16799	time	0.1893785285949707	dev disc cost	-0.8140581250190735	train disc cost	-0.8528212904930115
iter 16899	time	0.19031614303588867	dev disc cost	-0.8190934658050537	train disc cost	-0.8765751123428345
iter 16999	time	0.18932862281799318	dev disc cost	-0.7916576862335205	train disc cost	-0.8941131830215454
iter 17099	time	0.1902683973312378	dev disc cost	-0.832654595375061	train disc cost	-0.8871166110038757
iter 17199	time	0.18932626962661744	dev disc cost	-0.8823820352554321	train disc cost	-0.8369091749191284
iter 17299	time	0.1898968768119812	dev disc cost	-0.8160755634307861	train disc cost	-0.8426132202148438
iter 17399	time	0.18929367303848266	dev disc cost	-0.7993595600128174	train disc cost	-0.8591967821121216
iter 17499	time	0.19017092943191527	dev disc cost	-0.7579472064971924	train disc cost	-0.8635703325271606
iter 17599	time	0.18932283878326417	dev disc cost	-0.8075735569000244	train disc cost	-0.8621456623077393
iter 17699	time	0.19023458957672118	dev disc cost	-0.7787722945213318	train disc cost	-0.8526796102523804
iter 17799	time	0.18915489435195923	dev disc cost	-0.8038876056671143	train disc cost	-0.8667900562286377
iter 17899	time	0.19023524284362792	dev disc cost	-0.8051754832267761	train disc cost	-0.8683813214302063
iter 17999	time	0.18929409980773926	dev disc cost	-0.7271490693092346	train disc cost	-0.8714010119438171
iter 18099	time	0.1901472020149231	dev disc cost	-0.9133421182632446	train disc cost	-0.8562769889831543
iter 18199	time	0.18927419185638428	dev disc cost	-0.7478428483009338	train disc cost	-0.816303014755249
iter 18299	time	0.19016353845596312	dev disc cost	-0.8139929175376892	train disc cost	-0.8424171209335327
iter 18399	time	0.18917311668395997	dev disc cost	-0.8364378213882446	train disc cost	-0.8477808237075806
iter 18499	time	0.19028522491455077	dev disc cost	-0.7855513095855713	train disc cost	-0.8544892072677612
iter 18599	time	0.18932760000228882	dev disc cost	-0.7790617346763611	train disc cost	-0.8455927968025208
iter 18699	time	0.19014371156692506	dev disc cost	-0.8178255558013916	train disc cost	-0.8574346303939819
iter 18799	time	0.18932409048080445	dev disc cost	-0.7928774952888489	train disc cost	-0.8509257435798645
iter 18899	time	0.190107843875885	dev disc cost	-0.7653152346611023	train disc cost	-0.8066441416740417
iter 18999	time	0.18937059879302978	dev disc cost	-0.7892903089523315	train disc cost	-0.836729884147644
iter 19099	time	0.19024257898330688	dev disc cost	-0.7481968402862549	train disc cost	-0.8191185593605042
iter 19199	time	0.18922446727752684	dev disc cost	-0.8326106071472168	train disc cost	-0.8250830769538879
iter 19299	time	0.19032182931900024	dev disc cost	-0.713263988494873	train disc cost	-0.852741003036499
iter 19399	time	0.18867862701416016	dev disc cost	-0.7872872948646545	train disc cost	-0.8304085731506348
iter 19499	time	0.19004292726516725	dev disc cost	-0.7596876621246338	train disc cost	-0.8332064747810364
iter 19599	time	0.18936628580093384	dev disc cost	-0.7458370923995972	train disc cost	-0.8425930142402649
iter 19699	time	0.19027493000030518	dev disc cost	-0.8051994442939758	train disc cost	-0.8106798529624939
iter 19799	time	0.1894086217880249	dev disc cost	-0.7260863780975342	train disc cost	-0.8157463073730469
iter 19899	time	0.1903163266181946	dev disc cost	-0.737306535243988	train disc cost	-0.8179416656494141
iter 19999	time	0.18931922912597657	dev disc cost	-0.7710392475128174	train disc cost	-0.8270900845527649
iter 20099	time	0.19022574186325072	dev disc cost	-0.7444545030593872	train disc cost	-0.8328368663787842
iter 20199	time	0.18933924674987793	dev disc cost	-0.689393937587738	train disc cost	-0.8048956990242004
iter 20299	time	0.19025179624557495	dev disc cost	-0.7376651167869568	train disc cost	-0.8084306120872498
iter 20399	time	0.18925879955291747	dev disc cost	-0.821449875831604	train disc cost	-0.8082570433616638
iter 20499	time	0.19028146982192992	dev disc cost	-0.720335066318512	train disc cost	-0.8235083818435669
iter 20599	time	0.1892684841156006	dev disc cost	-0.7860287427902222	train disc cost	-0.7870771288871765
iter 20699	time	0.18935369491577148	dev disc cost	-0.7511218190193176	train disc cost	-0.8185588121414185
iter 20799	time	0.18909966468811035	dev disc cost	-0.7101932764053345	train disc cost	-0.7924160957336426
iter 20899	time	0.19061355113983156	dev disc cost	-0.7242802977561951	train disc cost	-0.8026708364486694
iter 20999	time	0.1948700714111328	dev disc cost	-0.8086581230163574	train disc cost	-0.768415093421936
iter 21099	time	0.19212311744689942	dev disc cost	-0.7873902916908264	train disc cost	-0.797624945640564
iter 21199	time	0.19108228206634523	dev disc cost	-0.7127969264984131	train disc cost	-0.7909858226776123
iter 21299	time	0.19097071647644043	dev disc cost	-0.6904493570327759	train disc cost	-0.8206609487533569
iter 21399	time	0.19284817695617676	dev disc cost	-0.7875715494155884	train disc cost	-0.7770301699638367
iter 21499	time	0.1922598099708557	dev disc cost	-0.6641300916671753	train disc cost	-0.7873004078865051
iter 21599	time	0.1892542791366577	dev disc cost	-0.6338047981262207	train disc cost	-0.8127256035804749
iter 21699	time	0.18965227127075196	dev disc cost	-0.7419123649597168	train disc cost	-0.7749261260032654
iter 21799	time	0.1892306089401245	dev disc cost	-0.7088643908500671	train disc cost	-0.7338332533836365
iter 21899	time	0.18992641925811768	dev disc cost	-0.6654324531555176	train disc cost	-0.7715519666671753
iter 21999	time	0.18886898279190065	dev disc cost	-0.7258865237236023	train disc cost	-0.7408908009529114
iter 22099	time	0.18980663061141967	dev disc cost	-0.7382998466491699	train disc cost	-0.7817127704620361
iter 22199	time	0.18873467922210693	dev disc cost	-0.6805180311203003	train disc cost	-0.767805278301239
iter 22299	time	0.18966382265090942	dev disc cost	-0.6964910626411438	train disc cost	-0.7506015300750732
iter 22399	time	0.18877816677093506	dev disc cost	-0.7191760540008545	train disc cost	-0.7677727341651917
iter 22499	time	0.18993403911590576	dev disc cost	-0.7179933190345764	train disc cost	-0.7691165804862976
iter 22599	time	0.18875269412994386	dev disc cost	-0.6819198727607727	train disc cost	-0.7461302280426025
iter 22699	time	0.19030870914459228	dev disc cost	-0.6917711496353149	train disc cost	-0.7746649384498596
iter 22799	time	0.18880001068115235	dev disc cost	-0.6455764770507812	train disc cost	-0.7358899116516113
iter 22899	time	0.19039469242095947	dev disc cost	-0.6849908232688904	train disc cost	-0.7506925463676453
iter 22999	time	0.1886505341529846	dev disc cost	-0.7756580114364624	train disc cost	-0.7648582458496094
iter 23099	time	0.18959035634994506	dev disc cost	-0.673768937587738	train disc cost	-0.7678389549255371
iter 23199	time	0.18890844345092772	dev disc cost	-0.6335798501968384	train disc cost	-0.7481067776679993
iter 23299	time	0.18982826232910155	dev disc cost	-0.6901936531066895	train disc cost	-0.7610541582107544
iter 23399	time	0.19081273555755615	dev disc cost	-0.6585386395454407	train disc cost	-0.7587022185325623
iter 23499	time	0.18984347820281983	dev disc cost	-0.6940727233886719	train disc cost	-0.7303410172462463
iter 23599	time	0.18911834239959716	dev disc cost	-0.7548320293426514	train disc cost	-0.767010509967804
iter 23699	time	0.18988758325576782	dev disc cost	-0.7316442728042603	train disc cost	-0.7754514217376709
iter 23799	time	0.1892411494255066	dev disc cost	-0.7173358798027039	train disc cost	-0.7535147070884705
iter 23899	time	0.18972329378128053	dev disc cost	-0.7392309308052063	train disc cost	-0.7482765913009644
iter 23999	time	0.18886815309524535	dev disc cost	-0.6464641690254211	train disc cost	-0.7408997416496277
iter 24099	time	0.19008558511734008	dev disc cost	-0.5644764304161072	train disc cost	-0.723469078540802
iter 24199	time	0.1922008752822876	dev disc cost	-0.6574063301086426	train disc cost	-0.7450492978096008
iter 24299	time	0.19073455333709716	dev disc cost	-0.650977373123169	train disc cost	-0.7152711749076843
iter 24399	time	0.18883357048034669	dev disc cost	-0.6634369492530823	train disc cost	-0.7277740240097046
iter 24499	time	0.18974090099334717	dev disc cost	-0.6997114419937134	train disc cost	-0.758476197719574
iter 24599	time	0.18938079595565796	dev disc cost	-0.7012591361999512	train disc cost	-0.7310083508491516
iter 24699	time	0.19021963596343994	dev disc cost	-0.6390617489814758	train disc cost	-0.758744478225708
iter 24799	time	0.18940234661102295	dev disc cost	-0.6179342865943909	train disc cost	-0.7014939785003662
iter 24899	time	0.1899227285385132	dev disc cost	-0.6221075654029846	train disc cost	-0.711119532585144
iter 24999	time	0.18945500135421753	dev disc cost	-0.6310607194900513	train disc cost	-0.7151975035667419
iter 25099	time	0.19026660919189453	dev disc cost	-0.6925660967826843	train disc cost	-0.7381112575531006
iter 25199	time	0.18932582378387453	dev disc cost	-0.600840151309967	train disc cost	-0.7191121578216553
iter 25299	time	0.1898344326019287	dev disc cost	-0.6445085406303406	train disc cost	-0.744797945022583
iter 25399	time	0.18948160886764526	dev disc cost	-0.7161201238632202	train disc cost	-0.753984808921814
iter 25499	time	0.1900516390800476	dev disc cost	-0.6642460823059082	train disc cost	-0.7174583673477173
iter 25599	time	0.1905643367767334	dev disc cost	-0.8058690428733826	train disc cost	-0.7123522162437439
iter 25699	time	0.18983635663986206	dev disc cost	-0.638797402381897	train disc cost	-0.7576475739479065
iter 25799	time	0.18867861986160278	dev disc cost	-0.6523905992507935	train disc cost	-0.7108774781227112
iter 25899	time	0.18959566354751586	dev disc cost	-0.6807774305343628	train disc cost	-0.7117265462875366
iter 25999	time	0.18877414226531983	dev disc cost	-0.5934516191482544	train disc cost	-0.7008447051048279
iter 26099	time	0.18962461233139039	dev disc cost	-0.6681022644042969	train disc cost	-0.7203502655029297
iter 26199	time	0.1886810564994812	dev disc cost	-0.7312964797019958	train disc cost	-0.700203001499176
iter 26299	time	0.1900909399986267	dev disc cost	-0.7778738141059875	train disc cost	-0.7105088233947754
iter 26399	time	0.18876945972442627	dev disc cost	-0.6559576392173767	train disc cost	-0.7271625995635986
iter 26499	time	0.1900879645347595	dev disc cost	-0.5649374127388	train disc cost	-0.7266741394996643
iter 26599	time	0.18935668468475342	dev disc cost	-0.6507397294044495	train disc cost	-0.6903992295265198
iter 26699	time	0.18962484121322631	dev disc cost	-0.6648659706115723	train disc cost	-0.6908128261566162
iter 26799	time	0.18943508148193358	dev disc cost	-0.6838406324386597	train disc cost	-0.7226452827453613
iter 26899	time	0.19027185440063477	dev disc cost	-0.6995546221733093	train disc cost	-0.696829617023468
iter 26999	time	0.18924331426620483	dev disc cost	-0.5759438872337341	train disc cost	-0.7076497673988342
iter 27099	time	0.18998595714569091	dev disc cost	-0.6543277502059937	train disc cost	-0.7179731726646423
iter 27199	time	0.18937418937683106	dev disc cost	-0.6518356204032898	train disc cost	-0.6973464488983154
iter 27299	time	0.1896456217765808	dev disc cost	-0.6297602653503418	train disc cost	-0.6916512250900269
iter 27399	time	0.18925613403320313	dev disc cost	-0.6503328084945679	train disc cost	-0.7105528116226196
iter 27499	time	0.18970011234283446	dev disc cost	-0.6563345193862915	train disc cost	-0.7072412371635437
iter 27599	time	0.18865031242370606	dev disc cost	-0.7105079889297485	train disc cost	-0.6990492939949036
iter 27699	time	0.1896692156791687	dev disc cost	-0.5961825251579285	train disc cost	-0.6974416971206665
iter 27799	time	0.18909900665283202	dev disc cost	-0.5979512929916382	train disc cost	-0.6687003374099731
iter 27899	time	0.19013552904129027	dev disc cost	-0.6092284917831421	train disc cost	-0.6802277565002441
iter 27999	time	0.18942670106887818	dev disc cost	-0.587368369102478	train disc cost	-0.6958779096603394
iter 28099	time	0.1902441906929016	dev disc cost	-0.5737227201461792	train disc cost	-0.7038884162902832
iter 28199	time	0.1886684012413025	dev disc cost	-0.5995652675628662	train disc cost	-0.6605632901191711
iter 28299	time	0.1901492190361023	dev disc cost	-0.6206235289573669	train disc cost	-0.6716103553771973
iter 28399	time	0.189330530166626	dev disc cost	-0.6120834350585938	train disc cost	-0.6834807395935059
iter 28499	time	0.18968957424163818	dev disc cost	-0.5458312034606934	train disc cost	-0.6676576733589172
iter 28599	time	0.1891935396194458	dev disc cost	-0.6009802222251892	train disc cost	-0.7142507433891296
iter 28699	time	0.19026761770248413	dev disc cost	-0.5058236122131348	train disc cost	-0.6795419454574585
iter 28799	time	0.18936760663986207	dev disc cost	-0.6087086796760559	train disc cost	-0.6635901927947998
iter 28899	time	0.18967068672180176	dev disc cost	-0.5387292504310608	train disc cost	-0.7089206576347351
iter 28999	time	0.1887720036506653	dev disc cost	-0.6220341920852661	train disc cost	-0.6810910701751709
iter 29099	time	0.18971019744873047	dev disc cost	-0.6426067352294922	train disc cost	-0.6930392980575562
iter 29199	time	0.18863826751708984	dev disc cost	-0.5418117642402649	train disc cost	-0.6735526323318481
iter 29299	time	0.18951364040374755	dev disc cost	-0.5760261416435242	train disc cost	-0.6756945848464966
iter 29399	time	0.18928253889083863	dev disc cost	-0.6542015075683594	train disc cost	-0.6714760065078735
iter 29499	time	0.19013205766677857	dev disc cost	-0.5908781290054321	train disc cost	-0.6321575045585632
iter 29599	time	0.1893642783164978	dev disc cost	-0.5718019604682922	train disc cost	-0.6582481861114502
iter 29699	time	0.19015369176864624	dev disc cost	-0.5978949666023254	train disc cost	-0.6754289269447327
iter 29799	time	0.18872862100601195	dev disc cost	-0.6034193634986877	train disc cost	-0.6581922173500061
iter 29899	time	0.19019165754318237	dev disc cost	-0.5971438884735107	train disc cost	-0.655957043170929
iter 29999	time	0.1895062518119812	dev disc cost	-0.5975326299667358	train disc cost	-0.6438615322113037
iter 30099	time	0.18959892749786378	dev disc cost	-0.5868721604347229	train disc cost	-0.6919419765472412
iter 30199	time	0.189437153339386	dev disc cost	-0.6243550777435303	train disc cost	-0.6737297773361206
iter 30299	time	0.19027923107147215	dev disc cost	-0.5707958340644836	train disc cost	-0.6634107828140259
iter 30399	time	0.18864697694778443	dev disc cost	-0.5711140632629395	train disc cost	-0.6351981163024902
iter 30499	time	0.19034019947052003	dev disc cost	-0.5348110795021057	train disc cost	-0.6792207360267639
iter 30599	time	0.18952539443969726	dev disc cost	-0.5993511080741882	train disc cost	-0.6516675353050232
iter 30699	time	0.1894283723831177	dev disc cost	-0.6652565002441406	train disc cost	-0.6554535031318665
iter 30799	time	0.1894158411026001	dev disc cost	-0.543469250202179	train disc cost	-0.6591312885284424
iter 30899	time	0.1895958161354065	dev disc cost	-0.5656735301017761	train disc cost	-0.6344606280326843
iter 30999	time	0.1884222984313965	dev disc cost	-0.5329569578170776	train disc cost	-0.6713720560073853