2018-07-31 15:18:34.527104: I tensorflow/core/platform/cpu_feature_guard.cc:140] Your CPU supports instructions that this TensorFlow binary was not compiled to use: SSE4.1 SSE4.2
2018-07-31 15:18:35.693949: I tensorflow/stream_executor/cuda/cuda_gpu_executor.cc:898] successful NUMA node read from SysFS had negative value (-1), but there must be at least one NUMA node, so returning NUMA node zero
2018-07-31 15:18:35.694853: I tensorflow/core/common_runtime/gpu/gpu_device.cc:1356] Found device 0 with properties: 
name: GeForce GTX TITAN X major: 5 minor: 2 memoryClockRate(GHz): 1.076
pciBusID: 0000:05:00.0
totalMemory: 11.93GiB freeMemory: 11.81GiB
2018-07-31 15:18:35.879303: I tensorflow/stream_executor/cuda/cuda_gpu_executor.cc:898] successful NUMA node read from SysFS had negative value (-1), but there must be at least one NUMA node, so returning NUMA node zero
2018-07-31 15:18:35.880071: I tensorflow/core/common_runtime/gpu/gpu_device.cc:1356] Found device 1 with properties: 
name: GeForce GTX 980 Ti major: 5 minor: 2 memoryClockRate(GHz): 1.1395
pciBusID: 0000:07:00.0
totalMemory: 5.93GiB freeMemory: 5.83GiB
2018-07-31 15:18:35.880375: I tensorflow/core/common_runtime/gpu/gpu_device.cc:1435] Adding visible gpu devices: 0, 1
2018-07-31 15:18:36.477468: I tensorflow/core/common_runtime/gpu/gpu_device.cc:923] Device interconnect StreamExecutor with strength 1 edge matrix:
2018-07-31 15:18:36.477525: I tensorflow/core/common_runtime/gpu/gpu_device.cc:929]      0 1 
2018-07-31 15:18:36.477542: I tensorflow/core/common_runtime/gpu/gpu_device.cc:942] 0:   N Y 
2018-07-31 15:18:36.477553: I tensorflow/core/common_runtime/gpu/gpu_device.cc:942] 1:   Y N 
2018-07-31 15:18:36.477983: I tensorflow/core/common_runtime/gpu/gpu_device.cc:1053] Created TensorFlow device (/job:localhost/replica:0/task:0/device:GPU:0 with 11436 MB memory) -> physical GPU (device: 0, name: GeForce GTX TITAN X, pci bus id: 0000:05:00.0, compute capability: 5.2)
2018-07-31 15:18:36.645745: I tensorflow/core/common_runtime/gpu/gpu_device.cc:1053] Created TensorFlow device (/job:localhost/replica:0/task:0/device:GPU:1 with 5609 MB memory) -> physical GPU (device: 1, name: GeForce GTX 980 Ti, pci bus id: 0000:07:00.0, compute capability: 5.2)
Uppercase local vars:
	BATCH_SIZE: 64
	CRITIC_ITERS: 5
	DIM: 64
	ITERS: 200000
	LAMBDA: 10
	MODE: wgan-gp
	N_GPUS: 2
	OUTPUT_DIM: 12288
real data
(32, 12288)
fake data
(32, 12288)
real data
(32, 12288)
fake data
(32, 12288)
Creating train generator with 76 samples.
iter 0	train disc cost	-50.79415512084961	time	25.68801522254944
iter 1	train disc cost	-76.47651672363281	time	16.57496213912964
iter 2	train disc cost	-83.05390930175781	time	13.670315027236938
iter 3	train disc cost	-73.57855224609375	time	13.829705953598022
iter 4	train disc cost	-68.20951080322266	time	13.71193242073059
Creating test generator with 20 samples.
iter 199	train disc cost	-39.798988342285156	time	13.64269027465429	dev disc cost	-42.337799072265625
iter 399	train disc cost	-34.84061813354492	time	13.695761004686355	dev disc cost	-25.62872314453125
iter 599	train disc cost	-33.72025680541992	time	13.696180295944213	dev disc cost	-33.327415466308594
iter 799	train disc cost	-31.33190155029297	time	13.734088988304139	dev disc cost	-37.96588897705078
iter 999	train disc cost	-28.813657760620117	time	13.698005713224411	dev disc cost	-33.780540466308594
iter 1199	train disc cost	-25.2210636138916	time	13.725568556785584	dev disc cost	-24.815677642822266
iter 1399	train disc cost	-24.383949279785156	time	13.752703503370284	dev disc cost	-24.76836585998535
iter 1599	train disc cost	-22.041221618652344	time	13.728540282249451	dev disc cost	-21.939523696899414
iter 1799	train disc cost	-22.2318172454834	time	13.744626152515412	dev disc cost	-8.937973022460938
iter 1999	train disc cost	-21.892963409423828	time	13.810426588058471	dev disc cost	-23.993650436401367
iter 2199	train disc cost	-20.770090103149414	time	13.665596067905426	dev disc cost	-12.913276672363281
iter 2399	train disc cost	-20.114702224731445	time	13.721881086826324	dev disc cost	-12.687829971313477
iter 2599	train disc cost	-19.481595993041992	time	13.613921149969102	dev disc cost	-15.932046890258789
iter 2799	train disc cost	-19.36664390563965	time	13.701857668161392	dev disc cost	-10.199783325195312
iter 2999	train disc cost	-19.521432876586914	time	13.794701076745987	dev disc cost	-8.413849830627441
iter 3199	train disc cost	-19.573200225830078	time	13.873084748983382	dev disc cost	-9.80953311920166
iter 3399	train disc cost	-19.30592155456543	time	13.824853941202164	dev disc cost	-8.035979270935059
iter 3599	train disc cost	-19.24864387512207	time	13.829640972614289	dev disc cost	-7.418724060058594
iter 3799	train disc cost	-18.88605499267578	time	13.765810462236404	dev disc cost	-4.909170150756836
iter 3999	train disc cost	-18.951953887939453	time	13.785674178600312	dev disc cost	-1.2041265964508057
iter 4199	train disc cost	-18.53215789794922	time	13.821329433917999	dev disc cost	-13.90220832824707
iter 4399	train disc cost	-18.464616775512695	time	13.782439484596253	dev disc cost	-5.499488830566406
iter 4599	train disc cost	-18.118867874145508	time	13.762671948671342	dev disc cost	-1.4726619720458984
iter 4799	train disc cost	-18.258773803710938	time	13.649021059274673	dev disc cost	-12.355610847473145
iter 4999	train disc cost	-17.687015533447266	time	13.838552581071854	dev disc cost	3.0531868934631348
iter 5199	train disc cost	-17.596960067749023	time	13.793463393449784	dev disc cost	-1.7592288255691528
iter 5399	train disc cost	-17.702451705932617	time	13.730850085020066	dev disc cost	6.089550971984863
iter 5599	train disc cost	-17.368288040161133	time	13.741043074131012	dev disc cost	-6.839176177978516
iter 5799	train disc cost	-16.33955192565918	time	13.72560028553009	dev disc cost	-1.4987623691558838
iter 5999	train disc cost	-16.41981315612793	time	13.754129042625427	dev disc cost	-2.342388153076172
iter 6199	train disc cost	-15.851838111877441	time	13.766636216640473	dev disc cost	3.45440673828125
iter 6399	train disc cost	-15.888431549072266	time	13.768667939901352	dev disc cost	-12.640755653381348
iter 6599	train disc cost	-16.0308895111084	time	13.704394382238387	dev disc cost	1.1567978858947754
iter 6799	train disc cost	-16.189966201782227	time	13.78228792667389	dev disc cost	7.311675071716309
iter 6999	train disc cost	-15.918378829956055	time	13.733265879154205	dev disc cost	0.03979921340942383
iter 7199	train disc cost	-15.706103324890137	time	13.748497016429901	dev disc cost	-3.5357227325439453
iter 7399	train disc cost	-15.456565856933594	time	13.599394781589508	dev disc cost	8.46753215789795
iter 7599	train disc cost	-15.715666770935059	time	13.771366921663285	dev disc cost	9.85882568359375
iter 7799	train disc cost	-15.458020210266113	time	13.791633657217027	dev disc cost	-6.2386155128479
iter 7999	train disc cost	-15.268263816833496	time	13.63088811635971	dev disc cost	-5.110286712646484
iter 8199	train disc cost	-15.304028511047363	time	13.524688278436662	dev disc cost	18.733612060546875
iter 8399	train disc cost	-14.950735092163086	time	13.657772053480148	dev disc cost	-6.542980194091797
iter 8599	train disc cost	-15.242450714111328	time	13.712422958612443	dev disc cost	6.011731147766113
iter 8799	train disc cost	-15.02807331085205	time	13.555658767223358	dev disc cost	-0.04417109489440918
iter 8999	train disc cost	-14.781147003173828	time	13.556423643827438	dev disc cost	3.2265405654907227
iter 9199	train disc cost	-14.797755241394043	time	13.64605771780014	dev disc cost	-6.251494884490967
iter 9399	train disc cost	-14.746639251708984	time	13.664466652870178	dev disc cost	7.144275188446045
iter 9599	train disc cost	-14.530867576599121	time	13.678819596767426	dev disc cost	8.509974479675293
iter 9799	train disc cost	-14.791735649108887	time	13.67548828125	dev disc cost	13.778365135192871
iter 9999	train disc cost	-14.18341064453125	time	13.67693101286888	dev disc cost	8.080440521240234
iter 10199	train disc cost	-14.179792404174805	time	13.67018107175827	dev disc cost	3.360050678253174
iter 10399	train disc cost	-13.857129096984863	time	13.477386658191682	dev disc cost	6.077526092529297
iter 10599	train disc cost	-13.78921890258789	time	13.60738176703453	dev disc cost	6.148200035095215
iter 10799	train disc cost	-13.623852729797363	time	13.482370895147323	dev disc cost	6.98832893371582
iter 10999	train disc cost	-13.431221961975098	time	13.473091478347778	dev disc cost	7.358466148376465
iter 11199	train disc cost	-13.491079330444336	time	13.597023659944535	dev disc cost	1.825157642364502
iter 11399	train disc cost	-13.478405952453613	time	13.649557172060012	dev disc cost	2.5313076972961426
iter 11599	train disc cost	-13.452156066894531	time	13.628991075754165	dev disc cost	2.436293840408325
iter 11799	train disc cost	-13.389643669128418	time	13.633690229654313	dev disc cost	10.57353401184082
iter 11999	train disc cost	-13.49201774597168	time	13.454205904006958	dev disc cost	4.352202415466309
iter 12199	train disc cost	-13.238999366760254	time	13.589853497743606	dev disc cost	6.7950592041015625
iter 12399	train disc cost	-13.249019622802734	time	13.579069168567658	dev disc cost	8.277503967285156
iter 12599	train disc cost	-13.233136177062988	time	13.5160489320755	dev disc cost	12.840070724487305
iter 12799	train disc cost	-13.191008567810059	time	13.54567468047142	dev disc cost	-4.130043029785156
iter 12999	train disc cost	-13.219452857971191	time	13.605399619340897	dev disc cost	6.740024089813232
iter 13199	train disc cost	-13.03609848022461	time	13.732104601860046	dev disc cost	1.6908841133117676
iter 13399	train disc cost	-13.031452178955078	time	13.785267244577408	dev disc cost	-0.488720178604126
iter 13599	train disc cost	-12.930712699890137	time	13.636617214679719	dev disc cost	7.450850486755371
iter 13799	train disc cost	-12.791884422302246	time	13.755431479215622	dev disc cost	4.399515151977539
iter 13999	train disc cost	-12.656719207763672	time	13.876828203201294	dev disc cost	1.468946933746338
iter 14199	train disc cost	-12.788857460021973	time	13.73016971707344	dev disc cost	10.974542617797852
iter 14399	train disc cost	-12.465571403503418	time	13.800430337190628	dev disc cost	0.7092097401618958
iter 14599	train disc cost	-12.525103569030762	time	13.796550276279449	dev disc cost	8.65841293334961
iter 14799	train disc cost	-12.459242820739746	time	13.789985134601594	dev disc cost	18.109798431396484
iter 14999	train disc cost	-12.463005065917969	time	13.724709092378616	dev disc cost	9.202005386352539
iter 15199	train disc cost	-12.516091346740723	time	13.673083595037461	dev disc cost	5.185624599456787
iter 15399	train disc cost	-12.401741027832031	time	13.762911703586578	dev disc cost	7.972635269165039
iter 15599	train disc cost	-12.271361351013184	time	13.582770800590515	dev disc cost	9.262062072753906
iter 15799	train disc cost	-12.243468284606934	time	13.717468099594116	dev disc cost	7.80660343170166
iter 15999	train disc cost	-12.29304313659668	time	13.716890258789062	dev disc cost	4.61146879196167
iter 16199	train disc cost	-12.08675765991211	time	13.73788326382637	dev disc cost	15.99893856048584
iter 16399	train disc cost	-11.995339393615723	time	13.560506900548935	dev disc cost	0.2602705955505371
iter 16599	train disc cost	-11.849323272705078	time	13.822548640966415	dev disc cost	10.178016662597656
iter 16799	train disc cost	-11.8427152633667	time	13.81765527009964	dev disc cost	10.70097541809082
iter 16999	train disc cost	-12.029640197753906	time	13.638113535642624	dev disc cost	-2.072141170501709
iter 17199	train disc cost	-11.601580619812012	time	13.659906661510467	dev disc cost	17.694265365600586
iter 17399	train disc cost	-11.560157775878906	time	13.680637044906616	dev disc cost	9.151020050048828
iter 17599	train disc cost	-11.3634672164917	time	13.74144040107727	dev disc cost	15.39422607421875
iter 17799	train disc cost	-11.5031099319458	time	13.679596698284149	dev disc cost	9.41404914855957
iter 17999	train disc cost	-11.462023735046387	time	13.656209270954133	dev disc cost	11.593549728393555
iter 18199	train disc cost	-11.129120826721191	time	13.649834762811661	dev disc cost	13.155463218688965
iter 18399	train disc cost	-11.029526710510254	time	13.5893428003788	dev disc cost	9.21082878112793
iter 18599	train disc cost	-11.132275581359863	time	13.60070520401001	dev disc cost	11.605793952941895
iter 18799	train disc cost	-11.055045127868652	time	13.64840047955513	dev disc cost	9.896990776062012
iter 18999	train disc cost	-10.858983993530273	time	13.566686897277831	dev disc cost	13.061213493347168
iter 19199	train disc cost	-11.171229362487793	time	13.568642647266389	dev disc cost	3.615532875061035
iter 19399	train disc cost	-10.804460525512695	time	13.597505683898925	dev disc cost	16.15474510192871
iter 19599	train disc cost	-10.96440315246582	time	13.626823045015335	dev disc cost	9.124513626098633
iter 19799	train disc cost	-10.72540283203125	time	13.663710485696793	dev disc cost	12.285675048828125
iter 19999	train disc cost	-10.710424423217773	time	13.682060533761979	dev disc cost	9.696199417114258
iter 20199	train disc cost	-10.36559772491455	time	13.482370318174363	dev disc cost	7.681150436401367
iter 20399	train disc cost	-10.705678939819336	time	13.503054155111313	dev disc cost	3.2206363677978516
iter 20599	train disc cost	-10.440788269042969	time	13.6486070561409	dev disc cost	11.077265739440918
iter 20799	train disc cost	-10.680655479431152	time	13.72127346277237	dev disc cost	12.97344970703125
iter 20999	train disc cost	-10.765172958374023	time	13.61373566865921	dev disc cost	2.5420098304748535
iter 21199	train disc cost	-10.605968475341797	time	13.479987688064575	dev disc cost	12.109621047973633
iter 21399	train disc cost	-10.230795860290527	time	13.6055746114254	dev disc cost	19.79328155517578
iter 21599	train disc cost	-10.343911170959473	time	13.586140578985214	dev disc cost	15.980615615844727
iter 21799	train disc cost	-10.35717487335205	time	13.562596347332	dev disc cost	6.388731956481934
iter 21999	train disc cost	-10.298349380493164	time	13.5876138317585	dev disc cost	14.041780471801758
iter 22199	train disc cost	-10.140247344970703	time	13.545250263214111	dev disc cost	6.705305099487305
iter 22399	train disc cost	-10.300727844238281	time	13.73908330321312	dev disc cost	15.411917686462402
iter 22599	train disc cost	-10.003223419189453	time	13.8111363530159	dev disc cost	12.044013977050781
iter 22799	train disc cost	-10.188416481018066	time	13.917262091636658	dev disc cost	23.04507827758789
iter 22999	train disc cost	-10.355587005615234	time	13.98870526790619	dev disc cost	16.05067253112793
iter 23199	train disc cost	-10.172821998596191	time	13.983753703832626	dev disc cost	14.127485275268555
iter 23399	train disc cost	-10.18103313446045	time	13.978788627386093	dev disc cost	15.34628677368164
iter 23599	train disc cost	-10.047961235046387	time	13.954241820573806	dev disc cost	13.440572738647461
iter 23799	train disc cost	-10.31441879272461	time	13.982737296819687	dev disc cost	12.12692642211914
iter 23999	train disc cost	-10.206988334655762	time	13.7961275100708	dev disc cost	11.230395317077637
iter 24199	train disc cost	-10.175309181213379	time	13.922132422924042	dev disc cost	1.6680552959442139
iter 24399	train disc cost	-10.019002914428711	time	13.864443148374557	dev disc cost	17.534208297729492
iter 24599	train disc cost	-9.914114952087402	time	13.844380843639374	dev disc cost	18.33041763305664
iter 24799	train disc cost	-9.89487075805664	time	13.847423295974732	dev disc cost	18.339508056640625
iter 24999	train disc cost	-9.90395450592041	time	13.810211423635483	dev disc cost	11.149445533752441
iter 25199	train disc cost	-9.887494087219238	time	13.648156912326813	dev disc cost	5.047645568847656
iter 25399	train disc cost	-9.944652557373047	time	13.850566780567169	dev disc cost	13.53105354309082
iter 25599	train disc cost	-9.878792762756348	time	13.792254756689072	dev disc cost	8.74629020690918
iter 25799	train disc cost	-9.90633773803711	time	13.695731836557389	dev disc cost	14.598474502563477
iter 25999	train disc cost	-10.10368537902832	time	13.678070437908172	dev disc cost	17.326404571533203
iter 26199	train disc cost	-9.931868553161621	time	13.535487681627274	dev disc cost	11.730645179748535
iter 26399	train disc cost	-9.972393035888672	time	13.665522116422654	dev disc cost	10.346961975097656
iter 26599	train disc cost	-9.917802810668945	time	13.66595981478691	dev disc cost	17.60037612915039
iter 26799	train disc cost	-9.887429237365723	time	13.659305589199066	dev disc cost	9.719972610473633
iter 26999	train disc cost	-9.99325180053711	time	13.63847519993782	dev disc cost	17.442428588867188
iter 27199	train disc cost	-9.880340576171875	time	13.645991258621216	dev disc cost	15.921777725219727
iter 27399	train disc cost	-10.111413955688477	time	13.655280619859695	dev disc cost	7.2371978759765625
iter 27599	train disc cost	-9.952617645263672	time	13.664598380327226	dev disc cost	8.246213912963867
iter 27799	train disc cost	-10.017248153686523	time	13.645036262273788	dev disc cost	11.662683486938477
iter 27999	train disc cost	-10.168285369873047	time	13.645103033781051	dev disc cost	18.596946716308594
iter 28199	train disc cost	-10.137513160705566	time	13.5909878718853	dev disc cost	20.32974624633789
iter 28399	train disc cost	-10.242951393127441	time	13.612497225999832	dev disc cost	16.062938690185547
iter 28599	train disc cost	-10.111976623535156	time	13.508601566553116	dev disc cost	15.949464797973633
iter 28799	train disc cost	-10.226351737976074	time	13.651098625659943	dev disc cost	18.292396545410156
iter 28999	train disc cost	-9.911900520324707	time	13.619226613044738	dev disc cost	10.41808795928955
iter 29199	train disc cost	-10.224861145019531	time	13.578859236240387	dev disc cost	12.17611312866211
iter 29399	train disc cost	-9.998848915100098	time	13.538464229106904	dev disc cost	14.427446365356445
iter 29599	train disc cost	-10.0221529006958	time	13.609179129600525	dev disc cost	21.508197784423828
iter 29799	train disc cost	-10.054765701293945	time	13.557163829803466	dev disc cost	20.360153198242188
iter 29999	train disc cost	-9.880021095275879	time	13.542314484119416	dev disc cost	11.002779006958008
iter 30199	train disc cost	-10.151540756225586	time	13.583049082756043	dev disc cost	16.991085052490234
iter 30399	train disc cost	-10.129510879516602	time	13.56745099902153	dev disc cost	17.967357635498047
iter 30599	train disc cost	-10.071817398071289	time	13.38386405467987	dev disc cost	19.906248092651367
iter 30799	train disc cost	-9.959033966064453	time	13.548900483846664	dev disc cost	12.890398025512695