2018-07-23 09:53:37.350186: I tensorflow/core/platform/cpu_feature_guard.cc:140] Your CPU supports instructions that this TensorFlow binary was not compiled to use: SSE4.1 SSE4.2
2018-07-23 09:53:38.523223: I tensorflow/stream_executor/cuda/cuda_gpu_executor.cc:898] successful NUMA node read from SysFS had negative value (-1), but there must be at least one NUMA node, so returning NUMA node zero
2018-07-23 09:53:38.524116: I tensorflow/core/common_runtime/gpu/gpu_device.cc:1356] Found device 0 with properties: 
name: GeForce GTX TITAN X major: 5 minor: 2 memoryClockRate(GHz): 1.076
pciBusID: 0000:05:00.0
totalMemory: 11.93GiB freeMemory: 11.81GiB
2018-07-23 09:53:38.693982: I tensorflow/stream_executor/cuda/cuda_gpu_executor.cc:898] successful NUMA node read from SysFS had negative value (-1), but there must be at least one NUMA node, so returning NUMA node zero
2018-07-23 09:53:38.694721: I tensorflow/core/common_runtime/gpu/gpu_device.cc:1356] Found device 1 with properties: 
name: GeForce GTX 980 Ti major: 5 minor: 2 memoryClockRate(GHz): 1.1395
pciBusID: 0000:07:00.0
totalMemory: 5.93GiB freeMemory: 5.83GiB
2018-07-23 09:53:38.695036: I tensorflow/core/common_runtime/gpu/gpu_device.cc:1435] Adding visible gpu devices: 0, 1
2018-07-23 09:53:39.240108: I tensorflow/core/common_runtime/gpu/gpu_device.cc:923] Device interconnect StreamExecutor with strength 1 edge matrix:
2018-07-23 09:53:39.240163: I tensorflow/core/common_runtime/gpu/gpu_device.cc:929]      0 1 
2018-07-23 09:53:39.240180: I tensorflow/core/common_runtime/gpu/gpu_device.cc:942] 0:   N Y 
2018-07-23 09:53:39.240191: I tensorflow/core/common_runtime/gpu/gpu_device.cc:942] 1:   Y N 
2018-07-23 09:53:39.240628: I tensorflow/core/common_runtime/gpu/gpu_device.cc:1053] Created TensorFlow device (/job:localhost/replica:0/task:0/device:GPU:0 with 11436 MB memory) -> physical GPU (device: 0, name: GeForce GTX TITAN X, pci bus id: 0000:05:00.0, compute capability: 5.2)
2018-07-23 09:53:39.407069: I tensorflow/core/common_runtime/gpu/gpu_device.cc:1053] Created TensorFlow device (/job:localhost/replica:0/task:0/device:GPU:1 with 5609 MB memory) -> physical GPU (device: 1, name: GeForce GTX 980 Ti, pci bus id: 0000:07:00.0, compute capability: 5.2)
Uppercase local vars:
	BATCH_SIZE: 64
	CRITIC_ITERS: 5
	DIM: 128
	ITERS: 200000
	LAMBDA: 10
	MODE: wgan-gp
	OUTPUT_DIM: 3072
Creating train generator with 101 samples.
v_ApplyEyeMakeup_g11_c03
v_ApplyEyeMakeup_g09_c03
v_ApplyEyeMakeup_g16_c02
v_ApplyEyeMakeup_g25_c01
v_ApplyEyeMakeup_g09_c01
v_ApplyEyeMakeup_g15_c01
v_ApplyEyeMakeup_g09_c03
v_ApplyEyeMakeup_g20_c04
v_ApplyEyeMakeup_g20_c06
v_ApplyEyeMakeup_g24_c07
v_ApplyEyeMakeup_g18_c02
v_ApplyEyeMakeup_g24_c06
v_ApplyEyeMakeup_g10_c04
v_ApplyEyeMakeup_g11_c04
v_ApplyEyeMakeup_g16_c03
v_ApplyEyeMakeup_g24_c01
v_ApplyEyeMakeup_g20_c03
v_ApplyEyeMakeup_g09_c07
v_ApplyEyeMakeup_g23_c02
v_ApplyEyeMakeup_g15_c07
v_ApplyEyeMakeup_g15_c07
v_ApplyEyeMakeup_g11_c04
v_ApplyEyeMakeup_g17_c03
v_ApplyEyeMakeup_g21_c02
v_ApplyEyeMakeup_g24_c04
v_ApplyEyeMakeup_g17_c01
v_ApplyEyeMakeup_g10_c04
v_ApplyEyeMakeup_g16_c03
v_ApplyEyeMakeup_g25_c07
v_ApplyEyeMakeup_g23_c06
v_ApplyEyeMakeup_g08_c03
v_ApplyEyeMakeup_g23_c02
v_ApplyEyeMakeup_g09_c05
v_ApplyEyeMakeup_g24_c05
v_ApplyEyeMakeup_g19_c03
v_ApplyEyeMakeup_g23_c01
v_ApplyEyeMakeup_g20_c02
v_ApplyEyeMakeup_g18_c01
v_ApplyEyeMakeup_g19_c03
v_ApplyEyeMakeup_g13_c04
v_ApplyEyeMakeup_g25_c05
v_ApplyEyeMakeup_g14_c03
v_ApplyEyeMakeup_g19_c01
v_ApplyEyeMakeup_g14_c04
v_ApplyEyeMakeup_g15_c05
v_ApplyEyeMakeup_g09_c04
v_ApplyEyeMakeup_g23_c03
v_ApplyEyeMakeup_g23_c04
v_ApplyEyeMakeup_g11_c01
v_ApplyEyeMakeup_g24_c01
v_ApplyEyeMakeup_g25_c04
v_ApplyEyeMakeup_g16_c03
v_ApplyEyeMakeup_g25_c04
v_ApplyEyeMakeup_g10_c01
v_ApplyEyeMakeup_g09_c01
v_ApplyEyeMakeup_g25_c04
v_ApplyEyeMakeup_g12_c03
v_ApplyEyeMakeup_g23_c02
v_ApplyEyeMakeup_g09_c05
v_ApplyEyeMakeup_g22_c02
v_ApplyEyeMakeup_g10_c04
v_ApplyEyeMakeup_g08_c05
v_ApplyEyeMakeup_g24_c01
v_ApplyEyeMakeup_g18_c01
(3072,)
v_ApplyEyeMakeup_g14_c05
v_ApplyEyeMakeup_g14_c01
v_ApplyEyeMakeup_g21_c02
v_ApplyEyeMakeup_g20_c05
v_ApplyEyeMakeup_g11_c04
v_ApplyEyeMakeup_g16_c03
v_ApplyEyeMakeup_g21_c03
v_ApplyEyeMakeup_g24_c02
v_ApplyEyeMakeup_g08_c02
v_ApplyEyeMakeup_g17_c03
v_ApplyEyeMakeup_g13_c02
v_ApplyEyeMakeup_g20_c06
v_ApplyEyeMakeup_g10_c03
v_ApplyEyeMakeup_g08_c04
v_ApplyEyeMakeup_g13_c06
v_ApplyEyeMakeup_g18_c02
v_ApplyEyeMakeup_g12_c03
v_ApplyEyeMakeup_g14_c01
v_ApplyEyeMakeup_g21_c03
v_ApplyEyeMakeup_g13_c05
v_ApplyEyeMakeup_g17_c01
v_ApplyEyeMakeup_g11_c04
v_ApplyEyeMakeup_g21_c01
v_ApplyEyeMakeup_g16_c02
v_ApplyEyeMakeup_g20_c01
v_ApplyEyeMakeup_g14_c02
v_ApplyEyeMakeup_g25_c01
v_ApplyEyeMakeup_g25_c07
v_ApplyEyeMakeup_g13_c02
v_ApplyEyeMakeup_g15_c02
v_ApplyEyeMakeup_g15_c04
v_ApplyEyeMakeup_g10_c03
v_ApplyEyeMakeup_g11_c03
v_ApplyEyeMakeup_g12_c01
v_ApplyEyeMakeup_g09_c04
v_ApplyEyeMakeup_g13_c03
v_ApplyEyeMakeup_g25_c02
v_ApplyEyeMakeup_g16_c01
v_ApplyEyeMakeup_g13_c06
v_ApplyEyeMakeup_g09_c04
v_ApplyEyeMakeup_g25_c01
v_ApplyEyeMakeup_g17_c05
v_ApplyEyeMakeup_g25_c02
v_ApplyEyeMakeup_g18_c04
v_ApplyEyeMakeup_g09_c05
v_ApplyEyeMakeup_g18_c02
v_ApplyEyeMakeup_g23_c03
v_ApplyEyeMakeup_g23_c04
v_ApplyEyeMakeup_g09_c05
v_ApplyEyeMakeup_g13_c03
v_ApplyEyeMakeup_g24_c07
v_ApplyEyeMakeup_g11_c01
v_ApplyEyeMakeup_g15_c01
v_ApplyEyeMakeup_g13_c03
v_ApplyEyeMakeup_g18_c05
v_ApplyEyeMakeup_g23_c01
v_ApplyEyeMakeup_g20_c06
v_ApplyEyeMakeup_g14_c02
v_ApplyEyeMakeup_g10_c05
v_ApplyEyeMakeup_g23_c04
v_ApplyEyeMakeup_g16_c04
v_ApplyEyeMakeup_g23_c06
v_ApplyEyeMakeup_g11_c01
v_ApplyEyeMakeup_g15_c02
(3072,)
v_ApplyEyeMakeup_g22_c01
v_ApplyEyeMakeup_g24_c07
v_ApplyEyeMakeup_g14_c03
v_ApplyEyeMakeup_g11_c04
v_ApplyEyeMakeup_g12_c03
v_ApplyEyeMakeup_g14_c01
v_ApplyEyeMakeup_g21_c03
v_ApplyEyeMakeup_g14_c05
v_ApplyEyeMakeup_g22_c04
v_ApplyEyeMakeup_g19_c02
v_ApplyEyeMakeup_g15_c03
v_ApplyEyeMakeup_g09_c04
v_ApplyEyeMakeup_g20_c02
v_ApplyEyeMakeup_g08_c02
v_ApplyEyeMakeup_g14_c04
v_ApplyEyeMakeup_g20_c06
v_ApplyEyeMakeup_g14_c04
v_ApplyEyeMakeup_g18_c02
v_ApplyEyeMakeup_g13_c02
v_ApplyEyeMakeup_g12_c01
v_ApplyEyeMakeup_g24_c04
v_ApplyEyeMakeup_g24_c02
v_ApplyEyeMakeup_g10_c02
v_ApplyEyeMakeup_g18_c03
v_ApplyEyeMakeup_g14_c04
v_ApplyEyeMakeup_g20_c02
v_ApplyEyeMakeup_g25_c02
v_ApplyEyeMakeup_g12_c01
v_ApplyEyeMakeup_g10_c04
v_ApplyEyeMakeup_g21_c02
v_ApplyEyeMakeup_g21_c02
v_ApplyEyeMakeup_g14_c02
v_ApplyEyeMakeup_g18_c01
v_ApplyEyeMakeup_g20_c02
v_ApplyEyeMakeup_g25_c02
v_ApplyEyeMakeup_g24_c07
v_ApplyEyeMakeup_g12_c04
v_ApplyEyeMakeup_g12_c04
v_ApplyEyeMakeup_g08_c01
v_ApplyEyeMakeup_g21_c02
v_ApplyEyeMakeup_g15_c05
v_ApplyEyeMakeup_g10_c01
v_ApplyEyeMakeup_g23_c04
v_ApplyEyeMakeup_g18_c05
v_ApplyEyeMakeup_g21_c02
v_ApplyEyeMakeup_g23_c03
v_ApplyEyeMakeup_g16_c01
v_ApplyEyeMakeup_g08_c05
v_ApplyEyeMakeup_g16_c02
v_ApplyEyeMakeup_g23_c02
v_ApplyEyeMakeup_g09_c05
v_ApplyEyeMakeup_g23_c04
v_ApplyEyeMakeup_g23_c05
v_ApplyEyeMakeup_g08_c02
v_ApplyEyeMakeup_g09_c07
v_ApplyEyeMakeup_g13_c01
v_ApplyEyeMakeup_g17_c05
v_ApplyEyeMakeup_g13_c03
v_ApplyEyeMakeup_g11_c05
v_ApplyEyeMakeup_g13_c01
v_ApplyEyeMakeup_g22_c05
v_ApplyEyeMakeup_g09_c03
v_ApplyEyeMakeup_g20_c02
v_ApplyEyeMakeup_g16_c02
(3072,)
v_ApplyEyeMakeup_g24_c01
v_ApplyEyeMakeup_g25_c06
v_ApplyEyeMakeup_g10_c03
v_ApplyEyeMakeup_g12_c03
v_ApplyEyeMakeup_g15_c06
v_ApplyEyeMakeup_g11_c01
v_ApplyEyeMakeup_g19_c03
v_ApplyEyeMakeup_g10_c04
v_ApplyEyeMakeup_g09_c01
v_ApplyEyeMakeup_g20_c03
v_ApplyEyeMakeup_g20_c03
v_ApplyEyeMakeup_g09_c03
v_ApplyEyeMakeup_g19_c03
v_ApplyEyeMakeup_g15_c03
v_ApplyEyeMakeup_g19_c01
v_ApplyEyeMakeup_g08_c05
v_ApplyEyeMakeup_g20_c02
v_ApplyEyeMakeup_g23_c02
v_ApplyEyeMakeup_g11_c04
v_ApplyEyeMakeup_g12_c05
v_ApplyEyeMakeup_g11_c03
v_ApplyEyeMakeup_g16_c01
v_ApplyEyeMakeup_g08_c04
v_ApplyEyeMakeup_g10_c01
v_ApplyEyeMakeup_g22_c01
v_ApplyEyeMakeup_g08_c02
v_ApplyEyeMakeup_g24_c04
v_ApplyEyeMakeup_g23_c01
v_ApplyEyeMakeup_g20_c06
v_ApplyEyeMakeup_g08_c01
v_ApplyEyeMakeup_g17_c05
v_ApplyEyeMakeup_g20_c04
v_ApplyEyeMakeup_g08_c01
v_ApplyEyeMakeup_g21_c05
v_ApplyEyeMakeup_g18_c02
v_ApplyEyeMakeup_g25_c06
v_ApplyEyeMakeup_g22_c03
v_ApplyEyeMakeup_g23_c04
v_ApplyEyeMakeup_g08_c01
v_ApplyEyeMakeup_g22_c01
v_ApplyEyeMakeup_g18_c03
v_ApplyEyeMakeup_g15_c02
v_ApplyEyeMakeup_g23_c01
v_ApplyEyeMakeup_g23_c01
v_ApplyEyeMakeup_g13_c05
v_ApplyEyeMakeup_g15_c07
v_ApplyEyeMakeup_g09_c02
v_ApplyEyeMakeup_g18_c04
v_ApplyEyeMakeup_g16_c04
v_ApplyEyeMakeup_g10_c02
v_ApplyEyeMakeup_g09_c03
v_ApplyEyeMakeup_g25_c03
v_ApplyEyeMakeup_g24_c07
v_ApplyEyeMakeup_g18_c05
v_ApplyEyeMakeup_g16_c04
v_ApplyEyeMakeup_g18_c03
v_ApplyEyeMakeup_g15_c04
v_ApplyEyeMakeup_g14_c02
v_ApplyEyeMakeup_g24_c03
v_ApplyEyeMakeup_g19_c04
v_ApplyEyeMakeup_g14_c01
v_ApplyEyeMakeup_g23_c06
v_ApplyEyeMakeup_g19_c02
v_ApplyEyeMakeup_g18_c05
(3072,)
v_ApplyEyeMakeup_g24_c03
v_ApplyEyeMakeup_g21_c01
v_ApplyEyeMakeup_g12_c06
v_ApplyEyeMakeup_g11_c03
v_ApplyEyeMakeup_g23_c01
v_ApplyEyeMakeup_g18_c03
v_ApplyEyeMakeup_g25_c01
v_ApplyEyeMakeup_g09_c01
v_ApplyEyeMakeup_g12_c03
v_ApplyEyeMakeup_g16_c05
v_ApplyEyeMakeup_g21_c03
v_ApplyEyeMakeup_g25_c01
v_ApplyEyeMakeup_g09_c05
v_ApplyEyeMakeup_g21_c03
v_ApplyEyeMakeup_g18_c04
v_ApplyEyeMakeup_g23_c01
v_ApplyEyeMakeup_g08_c03
v_ApplyEyeMakeup_g09_c06
v_ApplyEyeMakeup_g12_c04
v_ApplyEyeMakeup_g09_c04
v_ApplyEyeMakeup_g09_c05
v_ApplyEyeMakeup_g09_c04
v_ApplyEyeMakeup_g13_c04
v_ApplyEyeMakeup_g20_c05
v_ApplyEyeMakeup_g15_c05
v_ApplyEyeMakeup_g13_c05
v_ApplyEyeMakeup_g13_c06
v_ApplyEyeMakeup_g08_c03
v_ApplyEyeMakeup_g25_c06
v_ApplyEyeMakeup_g15_c07
v_ApplyEyeMakeup_g09_c04
v_ApplyEyeMakeup_g10_c05
v_ApplyEyeMakeup_g25_c02
v_ApplyEyeMakeup_g24_c07
v_ApplyEyeMakeup_g12_c06
v_ApplyEyeMakeup_g10_c04
v_ApplyEyeMakeup_g12_c04
v_ApplyEyeMakeup_g24_c06
v_ApplyEyeMakeup_g24_c02
v_ApplyEyeMakeup_g18_c03
v_ApplyEyeMakeup_g19_c03
v_ApplyEyeMakeup_g25_c01
v_ApplyEyeMakeup_g18_c03
v_ApplyEyeMakeup_g09_c02
v_ApplyEyeMakeup_g23_c03
v_ApplyEyeMakeup_g22_c04
v_ApplyEyeMakeup_g16_c01
v_ApplyEyeMakeup_g17_c01
v_ApplyEyeMakeup_g22_c01
v_ApplyEyeMakeup_g22_c02
v_ApplyEyeMakeup_g15_c06
v_ApplyEyeMakeup_g19_c01
v_ApplyEyeMakeup_g17_c05
v_ApplyEyeMakeup_g13_c04
v_ApplyEyeMakeup_g15_c07
v_ApplyEyeMakeup_g22_c02
v_ApplyEyeMakeup_g14_c02
v_ApplyEyeMakeup_g10_c02
v_ApplyEyeMakeup_g08_c02
v_ApplyEyeMakeup_g23_c01
v_ApplyEyeMakeup_g25_c05
v_ApplyEyeMakeup_g09_c06
v_ApplyEyeMakeup_g18_c04
v_ApplyEyeMakeup_g09_c02
(3072,)
iter 0	train disc cost	-19.36996841430664	time	8.433160305023193
v_ApplyEyeMakeup_g09_c06
v_ApplyEyeMakeup_g16_c03
v_ApplyEyeMakeup_g13_c03
v_ApplyEyeMakeup_g15_c03
v_ApplyEyeMakeup_g13_c02
v_ApplyEyeMakeup_g25_c05
v_ApplyEyeMakeup_g13_c06
v_ApplyEyeMakeup_g09_c04
v_ApplyEyeMakeup_g12_c02
v_ApplyEyeMakeup_g09_c05
v_ApplyEyeMakeup_g23_c02
v_ApplyEyeMakeup_g09_c07
v_ApplyEyeMakeup_g09_c03
v_ApplyEyeMakeup_g25_c05
v_ApplyEyeMakeup_g09_c05
v_ApplyEyeMakeup_g15_c02
v_ApplyEyeMakeup_g08_c04
v_ApplyEyeMakeup_g24_c04
v_ApplyEyeMakeup_g09_c06
v_ApplyEyeMakeup_g15_c01
v_ApplyEyeMakeup_g20_c04
v_ApplyEyeMakeup_g10_c01
v_ApplyEyeMakeup_g20_c06
v_ApplyEyeMakeup_g21_c05
v_ApplyEyeMakeup_g15_c03
v_ApplyEyeMakeup_g25_c05
v_ApplyEyeMakeup_g24_c04
v_ApplyEyeMakeup_g11_c04
v_ApplyEyeMakeup_g13_c02
v_ApplyEyeMakeup_g19_c04
v_ApplyEyeMakeup_g15_c07
v_ApplyEyeMakeup_g12_c05
v_ApplyEyeMakeup_g10_c01
v_ApplyEyeMakeup_g17_c04
v_ApplyEyeMakeup_g18_c04
v_ApplyEyeMakeup_g09_c06
v_ApplyEyeMakeup_g11_c04
v_ApplyEyeMakeup_g20_c03
v_ApplyEyeMakeup_g12_c04
v_ApplyEyeMakeup_g10_c01
v_ApplyEyeMakeup_g19_c04
v_ApplyEyeMakeup_g20_c01
v_ApplyEyeMakeup_g21_c02
v_ApplyEyeMakeup_g19_c02
v_ApplyEyeMakeup_g17_c05
v_ApplyEyeMakeup_g25_c01
v_ApplyEyeMakeup_g16_c02
v_ApplyEyeMakeup_g17_c05
v_ApplyEyeMakeup_g20_c04
v_ApplyEyeMakeup_g22_c01
v_ApplyEyeMakeup_g20_c06
v_ApplyEyeMakeup_g23_c05
v_ApplyEyeMakeup_g24_c07
v_ApplyEyeMakeup_g15_c03
v_ApplyEyeMakeup_g23_c04
v_ApplyEyeMakeup_g21_c02
v_ApplyEyeMakeup_g20_c04
v_ApplyEyeMakeup_g18_c02
v_ApplyEyeMakeup_g21_c03
v_ApplyEyeMakeup_g15_c03
v_ApplyEyeMakeup_g18_c02
v_ApplyEyeMakeup_g19_c03
v_ApplyEyeMakeup_g23_c01
v_ApplyEyeMakeup_g09_c03
(3072,)
v_ApplyEyeMakeup_g11_c02
v_ApplyEyeMakeup_g21_c02
v_ApplyEyeMakeup_g21_c01
v_ApplyEyeMakeup_g23_c06
v_ApplyEyeMakeup_g25_c06
v_ApplyEyeMakeup_g12_c05
v_ApplyEyeMakeup_g11_c03
v_ApplyEyeMakeup_g11_c04
v_ApplyEyeMakeup_g10_c02
v_ApplyEyeMakeup_g13_c03
v_ApplyEyeMakeup_g08_c05
v_ApplyEyeMakeup_g12_c06
v_ApplyEyeMakeup_g15_c05
v_ApplyEyeMakeup_g21_c01
v_ApplyEyeMakeup_g23_c03
v_ApplyEyeMakeup_g10_c05
v_ApplyEyeMakeup_g08_c03
v_ApplyEyeMakeup_g14_c01
v_ApplyEyeMakeup_g13_c01
v_ApplyEyeMakeup_g10_c01
v_ApplyEyeMakeup_g13_c03
v_ApplyEyeMakeup_g24_c02
v_ApplyEyeMakeup_g13_c01
v_ApplyEyeMakeup_g14_c03
v_ApplyEyeMakeup_g15_c01
v_ApplyEyeMakeup_g19_c03
v_ApplyEyeMakeup_g11_c04
v_ApplyEyeMakeup_g17_c04
v_ApplyEyeMakeup_g10_c04
v_ApplyEyeMakeup_g18_c05
v_ApplyEyeMakeup_g12_c05
v_ApplyEyeMakeup_g20_c04
v_ApplyEyeMakeup_g12_c05
v_ApplyEyeMakeup_g18_c02
v_ApplyEyeMakeup_g11_c02
v_ApplyEyeMakeup_g18_c03
v_ApplyEyeMakeup_g23_c04
v_ApplyEyeMakeup_g25_c07
v_ApplyEyeMakeup_g11_c01
v_ApplyEyeMakeup_g13_c01
v_ApplyEyeMakeup_g09_c05
v_ApplyEyeMakeup_g08_c05
v_ApplyEyeMakeup_g14_c03
v_ApplyEyeMakeup_g11_c02
v_ApplyEyeMakeup_g19_c02
v_ApplyEyeMakeup_g15_c04
v_ApplyEyeMakeup_g20_c01
v_ApplyEyeMakeup_g11_c01
v_ApplyEyeMakeup_g18_c01
v_ApplyEyeMakeup_g16_c04
v_ApplyEyeMakeup_g10_c04
v_ApplyEyeMakeup_g21_c01
v_ApplyEyeMakeup_g14_c01
v_ApplyEyeMakeup_g25_c03
v_ApplyEyeMakeup_g22_c04
v_ApplyEyeMakeup_g13_c02
v_ApplyEyeMakeup_g13_c06
v_ApplyEyeMakeup_g16_c01
v_ApplyEyeMakeup_g09_c01
v_ApplyEyeMakeup_g10_c03
v_ApplyEyeMakeup_g10_c03
v_ApplyEyeMakeup_g15_c04
v_ApplyEyeMakeup_g25_c02
v_ApplyEyeMakeup_g13_c06
(3072,)
v_ApplyEyeMakeup_g10_c02
v_ApplyEyeMakeup_g09_c03
v_ApplyEyeMakeup_g14_c05
v_ApplyEyeMakeup_g15_c02
v_ApplyEyeMakeup_g25_c05
v_ApplyEyeMakeup_g18_c04
v_ApplyEyeMakeup_g09_c07
v_ApplyEyeMakeup_g16_c02
v_ApplyEyeMakeup_g15_c06
v_ApplyEyeMakeup_g23_c04
v_ApplyEyeMakeup_g08_c01
v_ApplyEyeMakeup_g08_c04
v_ApplyEyeMakeup_g18_c01
v_ApplyEyeMakeup_g24_c06
v_ApplyEyeMakeup_g09_c06
v_ApplyEyeMakeup_g17_c04
v_ApplyEyeMakeup_g20_c01
v_ApplyEyeMakeup_g24_c06
v_ApplyEyeMakeup_g25_c02
v_ApplyEyeMakeup_g21_c05
v_ApplyEyeMakeup_g23_c01
v_ApplyEyeMakeup_g24_c01
v_ApplyEyeMakeup_g25_c03
v_ApplyEyeMakeup_g23_c01
v_ApplyEyeMakeup_g13_c01
v_ApplyEyeMakeup_g23_c03
v_ApplyEyeMakeup_g12_c03
v_ApplyEyeMakeup_g18_c05
v_ApplyEyeMakeup_g10_c01
v_ApplyEyeMakeup_g14_c04
v_ApplyEyeMakeup_g12_c04
v_ApplyEyeMakeup_g17_c02
v_ApplyEyeMakeup_g20_c04
v_ApplyEyeMakeup_g21_c05
v_ApplyEyeMakeup_g13_c04
v_ApplyEyeMakeup_g08_c03
v_ApplyEyeMakeup_g25_c07
v_ApplyEyeMakeup_g15_c07
v_ApplyEyeMakeup_g12_c03
v_ApplyEyeMakeup_g13_c01
v_ApplyEyeMakeup_g13_c03
v_ApplyEyeMakeup_g08_c04
v_ApplyEyeMakeup_g12_c01
v_ApplyEyeMakeup_g18_c01
v_ApplyEyeMakeup_g17_c04
v_ApplyEyeMakeup_g08_c01
v_ApplyEyeMakeup_g18_c03
v_ApplyEyeMakeup_g24_c05
v_ApplyEyeMakeup_g09_c07
v_ApplyEyeMakeup_g24_c03
v_ApplyEyeMakeup_g20_c01
v_ApplyEyeMakeup_g22_c04
v_ApplyEyeMakeup_g24_c06
v_ApplyEyeMakeup_g24_c05
v_ApplyEyeMakeup_g15_c05
v_ApplyEyeMakeup_g20_c02
v_ApplyEyeMakeup_g19_c02
v_ApplyEyeMakeup_g24_c06
v_ApplyEyeMakeup_g15_c04
v_ApplyEyeMakeup_g19_c04
v_ApplyEyeMakeup_g08_c03
v_ApplyEyeMakeup_g09_c03
v_ApplyEyeMakeup_g15_c06
v_ApplyEyeMakeup_g22_c01
(3072,)
v_ApplyEyeMakeup_g19_c02
v_ApplyEyeMakeup_g24_c06
v_ApplyEyeMakeup_g17_c04
v_ApplyEyeMakeup_g23_c01
v_ApplyEyeMakeup_g19_c04
v_ApplyEyeMakeup_g23_c04
v_ApplyEyeMakeup_g13_c04
v_ApplyEyeMakeup_g09_c04
v_ApplyEyeMakeup_g25_c03
v_ApplyEyeMakeup_g15_c06
v_ApplyEyeMakeup_g20_c03
v_ApplyEyeMakeup_g09_c03
v_ApplyEyeMakeup_g23_c02
v_ApplyEyeMakeup_g17_c05
v_ApplyEyeMakeup_g22_c03
v_ApplyEyeMakeup_g08_c03
v_ApplyEyeMakeup_g09_c02
v_ApplyEyeMakeup_g09_c02
v_ApplyEyeMakeup_g18_c03
v_ApplyEyeMakeup_g25_c05
v_ApplyEyeMakeup_g23_c06
v_ApplyEyeMakeup_g09_c04
v_ApplyEyeMakeup_g09_c02
v_ApplyEyeMakeup_g23_c04
v_ApplyEyeMakeup_g14_c02
v_ApplyEyeMakeup_g12_c02
v_ApplyEyeMakeup_g16_c01
v_ApplyEyeMakeup_g16_c03
v_ApplyEyeMakeup_g17_c02
v_ApplyEyeMakeup_g17_c05
v_ApplyEyeMakeup_g17_c04
v_ApplyEyeMakeup_g17_c05
v_ApplyEyeMakeup_g09_c04
v_ApplyEyeMakeup_g25_c04
v_ApplyEyeMakeup_g15_c02
v_ApplyEyeMakeup_g21_c05
v_ApplyEyeMakeup_g24_c03
v_ApplyEyeMakeup_g14_c03
v_ApplyEyeMakeup_g08_c01
v_ApplyEyeMakeup_g11_c01
v_ApplyEyeMakeup_g17_c04
v_ApplyEyeMakeup_g08_c02
v_ApplyEyeMakeup_g14_c04
v_ApplyEyeMakeup_g24_c07
v_ApplyEyeMakeup_g08_c05
v_ApplyEyeMakeup_g19_c02
v_ApplyEyeMakeup_g20_c05
v_ApplyEyeMakeup_g18_c02
v_ApplyEyeMakeup_g16_c04
v_ApplyEyeMakeup_g24_c03
v_ApplyEyeMakeup_g13_c04
v_ApplyEyeMakeup_g18_c03
v_ApplyEyeMakeup_g20_c02
v_ApplyEyeMakeup_g14_c05
v_ApplyEyeMakeup_g17_c02
v_ApplyEyeMakeup_g18_c04
v_ApplyEyeMakeup_g08_c02
v_ApplyEyeMakeup_g14_c04
v_ApplyEyeMakeup_g21_c03
v_ApplyEyeMakeup_g18_c05
v_ApplyEyeMakeup_g14_c04
v_ApplyEyeMakeup_g13_c04
v_ApplyEyeMakeup_g17_c02
v_ApplyEyeMakeup_g20_c05
(3072,)
v_ApplyEyeMakeup_g21_c02
v_ApplyEyeMakeup_g22_c04
v_ApplyEyeMakeup_g08_c02
v_ApplyEyeMakeup_g22_c05
v_ApplyEyeMakeup_g13_c01
v_ApplyEyeMakeup_g15_c06
v_ApplyEyeMakeup_g20_c03
v_ApplyEyeMakeup_g17_c03
v_ApplyEyeMakeup_g23_c02
v_ApplyEyeMakeup_g09_c06
v_ApplyEyeMakeup_g21_c03
v_ApplyEyeMakeup_g11_c02
v_ApplyEyeMakeup_g15_c01
v_ApplyEyeMakeup_g11_c05
v_ApplyEyeMakeup_g25_c05
v_ApplyEyeMakeup_g22_c05
v_ApplyEyeMakeup_g09_c03
v_ApplyEyeMakeup_g10_c05
v_ApplyEyeMakeup_g09_c02
v_ApplyEyeMakeup_g19_c02
v_ApplyEyeMakeup_g09_c01
v_ApplyEyeMakeup_g18_c02
v_ApplyEyeMakeup_g08_c01
v_ApplyEyeMakeup_g23_c05
v_ApplyEyeMakeup_g17_c03
v_ApplyEyeMakeup_g14_c05
v_ApplyEyeMakeup_g12_c03
v_ApplyEyeMakeup_g13_c05
v_ApplyEyeMakeup_g14_c03
v_ApplyEyeMakeup_g09_c06
v_ApplyEyeMakeup_g10_c04
v_ApplyEyeMakeup_g12_c05
v_ApplyEyeMakeup_g22_c01
v_ApplyEyeMakeup_g14_c01
v_ApplyEyeMakeup_g23_c05
v_ApplyEyeMakeup_g08_c01
v_ApplyEyeMakeup_g09_c01
v_ApplyEyeMakeup_g08_c03
v_ApplyEyeMakeup_g19_c04
v_ApplyEyeMakeup_g15_c03
v_ApplyEyeMakeup_g25_c04
v_ApplyEyeMakeup_g15_c07
v_ApplyEyeMakeup_g25_c03
v_ApplyEyeMakeup_g08_c03
v_ApplyEyeMakeup_g18_c02
v_ApplyEyeMakeup_g15_c01
v_ApplyEyeMakeup_g09_c04
v_ApplyEyeMakeup_g15_c05
v_ApplyEyeMakeup_g25_c03
v_ApplyEyeMakeup_g24_c04
v_ApplyEyeMakeup_g10_c04
v_ApplyEyeMakeup_g22_c01
v_ApplyEyeMakeup_g10_c05
v_ApplyEyeMakeup_g14_c04
v_ApplyEyeMakeup_g09_c07
v_ApplyEyeMakeup_g11_c05
v_ApplyEyeMakeup_g15_c06
v_ApplyEyeMakeup_g13_c03
v_ApplyEyeMakeup_g16_c01
v_ApplyEyeMakeup_g24_c02
v_ApplyEyeMakeup_g16_c05
v_ApplyEyeMakeup_g18_c05
v_ApplyEyeMakeup_g17_c01
v_ApplyEyeMakeup_g19_c02
(3072,)
iter 1	train disc cost	-64.8093032836914	time	7.502073287963867
v_ApplyEyeMakeup_g21_c05
v_ApplyEyeMakeup_g09_c05
v_ApplyEyeMakeup_g15_c01
v_ApplyEyeMakeup_g11_c03
v_ApplyEyeMakeup_g18_c01
v_ApplyEyeMakeup_g10_c04
v_ApplyEyeMakeup_g19_c02
v_ApplyEyeMakeup_g17_c01
v_ApplyEyeMakeup_g24_c07
v_ApplyEyeMakeup_g24_c02
v_ApplyEyeMakeup_g21_c04
v_ApplyEyeMakeup_g10_c01
v_ApplyEyeMakeup_g25_c01
v_ApplyEyeMakeup_g09_c07
v_ApplyEyeMakeup_g23_c02
v_ApplyEyeMakeup_g22_c03
v_ApplyEyeMakeup_g23_c03
v_ApplyEyeMakeup_g18_c03
v_ApplyEyeMakeup_g24_c05
v_ApplyEyeMakeup_g17_c04
v_ApplyEyeMakeup_g20_c06
v_ApplyEyeMakeup_g17_c05
v_ApplyEyeMakeup_g08_c05
v_ApplyEyeMakeup_g24_c03
v_ApplyEyeMakeup_g23_c02
v_ApplyEyeMakeup_g19_c01
v_ApplyEyeMakeup_g08_c02
v_ApplyEyeMakeup_g16_c04
v_ApplyEyeMakeup_g19_c04
v_ApplyEyeMakeup_g25_c07
v_ApplyEyeMakeup_g20_c03
v_ApplyEyeMakeup_g16_c05
v_ApplyEyeMakeup_g13_c05
v_ApplyEyeMakeup_g23_c06
v_ApplyEyeMakeup_g18_c03
v_ApplyEyeMakeup_g21_c04
v_ApplyEyeMakeup_g25_c07
v_ApplyEyeMakeup_g18_c02
v_ApplyEyeMakeup_g23_c05
v_ApplyEyeMakeup_g25_c04
v_ApplyEyeMakeup_g10_c03
v_ApplyEyeMakeup_g24_c06
v_ApplyEyeMakeup_g22_c05
v_ApplyEyeMakeup_g10_c02
v_ApplyEyeMakeup_g25_c04
v_ApplyEyeMakeup_g19_c03
v_ApplyEyeMakeup_g10_c05
v_ApplyEyeMakeup_g22_c05
v_ApplyEyeMakeup_g12_c01
v_ApplyEyeMakeup_g13_c06
v_ApplyEyeMakeup_g10_c03
v_ApplyEyeMakeup_g20_c02
v_ApplyEyeMakeup_g24_c05
v_ApplyEyeMakeup_g17_c01
v_ApplyEyeMakeup_g12_c06
v_ApplyEyeMakeup_g21_c03
v_ApplyEyeMakeup_g09_c05
v_ApplyEyeMakeup_g09_c05
v_ApplyEyeMakeup_g08_c05
v_ApplyEyeMakeup_g16_c01
v_ApplyEyeMakeup_g17_c02
v_ApplyEyeMakeup_g23_c06
v_ApplyEyeMakeup_g15_c04
v_ApplyEyeMakeup_g21_c03
(3072,)
v_ApplyEyeMakeup_g20_c03
v_ApplyEyeMakeup_g20_c02
v_ApplyEyeMakeup_g10_c02
v_ApplyEyeMakeup_g24_c07
v_ApplyEyeMakeup_g23_c06
v_ApplyEyeMakeup_g25_c07
v_ApplyEyeMakeup_g25_c06
v_ApplyEyeMakeup_g21_c02
v_ApplyEyeMakeup_g10_c05
v_ApplyEyeMakeup_g12_c03
v_ApplyEyeMakeup_g08_c03
v_ApplyEyeMakeup_g09_c07
v_ApplyEyeMakeup_g23_c05
v_ApplyEyeMakeup_g12_c04
v_ApplyEyeMakeup_g14_c05
v_ApplyEyeMakeup_g08_c02
v_ApplyEyeMakeup_g10_c01
v_ApplyEyeMakeup_g20_c03
v_ApplyEyeMakeup_g22_c03
v_ApplyEyeMakeup_g16_c05
v_ApplyEyeMakeup_g12_c06
v_ApplyEyeMakeup_g24_c02
v_ApplyEyeMakeup_g23_c04
v_ApplyEyeMakeup_g23_c01
v_ApplyEyeMakeup_g19_c01
v_ApplyEyeMakeup_g13_c04
v_ApplyEyeMakeup_g23_c03
v_ApplyEyeMakeup_g13_c06
v_ApplyEyeMakeup_g10_c03
v_ApplyEyeMakeup_g20_c01
v_ApplyEyeMakeup_g22_c05
v_ApplyEyeMakeup_g15_c03
v_ApplyEyeMakeup_g12_c03
v_ApplyEyeMakeup_g17_c03
v_ApplyEyeMakeup_g15_c04
v_ApplyEyeMakeup_g16_c04
v_ApplyEyeMakeup_g17_c05
v_ApplyEyeMakeup_g11_c01
v_ApplyEyeMakeup_g25_c07
v_ApplyEyeMakeup_g20_c03
v_ApplyEyeMakeup_g24_c02
v_ApplyEyeMakeup_g10_c01
v_ApplyEyeMakeup_g15_c01
v_ApplyEyeMakeup_g10_c01
v_ApplyEyeMakeup_g25_c01
v_ApplyEyeMakeup_g17_c01
v_ApplyEyeMakeup_g17_c02
v_ApplyEyeMakeup_g23_c06
v_ApplyEyeMakeup_g23_c02
v_ApplyEyeMakeup_g14_c03
v_ApplyEyeMakeup_g21_c01
v_ApplyEyeMakeup_g22_c05
v_ApplyEyeMakeup_g25_c07
v_ApplyEyeMakeup_g18_c02
v_ApplyEyeMakeup_g17_c01
v_ApplyEyeMakeup_g11_c04
v_ApplyEyeMakeup_g24_c07
v_ApplyEyeMakeup_g21_c05
v_ApplyEyeMakeup_g13_c06
v_ApplyEyeMakeup_g09_c01
v_ApplyEyeMakeup_g23_c05
v_ApplyEyeMakeup_g22_c02
v_ApplyEyeMakeup_g16_c02
v_ApplyEyeMakeup_g09_c04
(3072,)
v_ApplyEyeMakeup_g10_c02
v_ApplyEyeMakeup_g08_c02
v_ApplyEyeMakeup_g21_c05
v_ApplyEyeMakeup_g17_c05
v_ApplyEyeMakeup_g10_c01
v_ApplyEyeMakeup_g13_c05
v_ApplyEyeMakeup_g11_c05
v_ApplyEyeMakeup_g09_c07
v_ApplyEyeMakeup_g13_c02
v_ApplyEyeMakeup_g10_c01
v_ApplyEyeMakeup_g12_c01
v_ApplyEyeMakeup_g21_c05
v_ApplyEyeMakeup_g09_c04
v_ApplyEyeMakeup_g20_c05
v_ApplyEyeMakeup_g09_c05
v_ApplyEyeMakeup_g21_c01
v_ApplyEyeMakeup_g14_c01
v_ApplyEyeMakeup_g13_c02
v_ApplyEyeMakeup_g20_c02
v_ApplyEyeMakeup_g16_c01
v_ApplyEyeMakeup_g14_c05
v_ApplyEyeMakeup_g20_c03
v_ApplyEyeMakeup_g11_c02
v_ApplyEyeMakeup_g25_c02
v_ApplyEyeMakeup_g24_c05
v_ApplyEyeMakeup_g10_c03
v_ApplyEyeMakeup_g15_c02
v_ApplyEyeMakeup_g23_c05
v_ApplyEyeMakeup_g13_c06
v_ApplyEyeMakeup_g17_c04
v_ApplyEyeMakeup_g20_c03
v_ApplyEyeMakeup_g10_c02
v_ApplyEyeMakeup_g09_c05
v_ApplyEyeMakeup_g16_c03
v_ApplyEyeMakeup_g17_c02
v_ApplyEyeMakeup_g22_c02
v_ApplyEyeMakeup_g25_c01
v_ApplyEyeMakeup_g23_c06
v_ApplyEyeMakeup_g09_c05
v_ApplyEyeMakeup_g09_c01
v_ApplyEyeMakeup_g11_c04
v_ApplyEyeMakeup_g20_c05
v_ApplyEyeMakeup_g23_c02
v_ApplyEyeMakeup_g17_c03
v_ApplyEyeMakeup_g14_c04
v_ApplyEyeMakeup_g19_c04
v_ApplyEyeMakeup_g10_c01
v_ApplyEyeMakeup_g18_c03
v_ApplyEyeMakeup_g25_c07
v_ApplyEyeMakeup_g08_c04
v_ApplyEyeMakeup_g15_c05
v_ApplyEyeMakeup_g18_c01
v_ApplyEyeMakeup_g11_c01
v_ApplyEyeMakeup_g12_c01
v_ApplyEyeMakeup_g15_c06
v_ApplyEyeMakeup_g16_c05
v_ApplyEyeMakeup_g13_c06
v_ApplyEyeMakeup_g15_c02
v_ApplyEyeMakeup_g13_c02
v_ApplyEyeMakeup_g09_c05
v_ApplyEyeMakeup_g13_c04
v_ApplyEyeMakeup_g25_c06
v_ApplyEyeMakeup_g25_c04
v_ApplyEyeMakeup_g10_c05
(3072,)
v_ApplyEyeMakeup_g09_c06
v_ApplyEyeMakeup_g17_c03
v_ApplyEyeMakeup_g20_c05
v_ApplyEyeMakeup_g11_c04
v_ApplyEyeMakeup_g09_c06
v_ApplyEyeMakeup_g24_c02
v_ApplyEyeMakeup_g10_c03
v_ApplyEyeMakeup_g17_c03
v_ApplyEyeMakeup_g11_c04
v_ApplyEyeMakeup_g12_c06
v_ApplyEyeMakeup_g18_c01
v_ApplyEyeMakeup_g18_c01
v_ApplyEyeMakeup_g10_c04
v_ApplyEyeMakeup_g22_c01
v_ApplyEyeMakeup_g10_c03
v_ApplyEyeMakeup_g16_c04
v_ApplyEyeMakeup_g21_c04
v_ApplyEyeMakeup_g15_c04
v_ApplyEyeMakeup_g08_c01
v_ApplyEyeMakeup_g11_c01
v_ApplyEyeMakeup_g08_c04
v_ApplyEyeMakeup_g17_c01
v_ApplyEyeMakeup_g11_c05
v_ApplyEyeMakeup_g22_c02
v_ApplyEyeMakeup_g21_c03
v_ApplyEyeMakeup_g14_c01
v_ApplyEyeMakeup_g21_c03
v_ApplyEyeMakeup_g09_c05
v_ApplyEyeMakeup_g25_c01
v_ApplyEyeMakeup_g08_c02
v_ApplyEyeMakeup_g17_c04
v_ApplyEyeMakeup_g09_c01
v_ApplyEyeMakeup_g16_c02
v_ApplyEyeMakeup_g22_c04
v_ApplyEyeMakeup_g22_c02
v_ApplyEyeMakeup_g12_c06
v_ApplyEyeMakeup_g22_c05
v_ApplyEyeMakeup_g21_c04
v_ApplyEyeMakeup_g17_c05
v_ApplyEyeMakeup_g15_c02
v_ApplyEyeMakeup_g08_c03
v_ApplyEyeMakeup_g23_c05
v_ApplyEyeMakeup_g12_c02
v_ApplyEyeMakeup_g20_c04
v_ApplyEyeMakeup_g14_c04
v_ApplyEyeMakeup_g24_c02
v_ApplyEyeMakeup_g21_c02
v_ApplyEyeMakeup_g23_c05
v_ApplyEyeMakeup_g10_c03
v_ApplyEyeMakeup_g23_c01
v_ApplyEyeMakeup_g20_c05
v_ApplyEyeMakeup_g08_c04
v_ApplyEyeMakeup_g23_c05
v_ApplyEyeMakeup_g24_c03
v_ApplyEyeMakeup_g22_c03
v_ApplyEyeMakeup_g20_c02
v_ApplyEyeMakeup_g25_c01
v_ApplyEyeMakeup_g08_c03
v_ApplyEyeMakeup_g10_c01
v_ApplyEyeMakeup_g10_c01
v_ApplyEyeMakeup_g16_c01
v_ApplyEyeMakeup_g10_c02
v_ApplyEyeMakeup_g22_c04
v_ApplyEyeMakeup_g08_c04
(3072,)
v_ApplyEyeMakeup_g16_c04
v_ApplyEyeMakeup_g20_c06
v_ApplyEyeMakeup_g08_c02
v_ApplyEyeMakeup_g14_c05
v_ApplyEyeMakeup_g24_c04
v_ApplyEyeMakeup_g08_c05
v_ApplyEyeMakeup_g16_c02
v_ApplyEyeMakeup_g24_c01
v_ApplyEyeMakeup_g24_c04
v_ApplyEyeMakeup_g16_c05
v_ApplyEyeMakeup_g16_c04
v_ApplyEyeMakeup_g09_c04
v_ApplyEyeMakeup_g18_c01
v_ApplyEyeMakeup_g25_c07
v_ApplyEyeMakeup_g10_c01
v_ApplyEyeMakeup_g09_c06
v_ApplyEyeMakeup_g19_c02
v_ApplyEyeMakeup_g12_c06
v_ApplyEyeMakeup_g15_c04
v_ApplyEyeMakeup_g10_c04
v_ApplyEyeMakeup_g22_c04
v_ApplyEyeMakeup_g08_c05
v_ApplyEyeMakeup_g08_c02
v_ApplyEyeMakeup_g13_c04
v_ApplyEyeMakeup_g25_c06
v_ApplyEyeMakeup_g21_c03
v_ApplyEyeMakeup_g22_c04
v_ApplyEyeMakeup_g25_c06
v_ApplyEyeMakeup_g22_c05
v_ApplyEyeMakeup_g24_c04
v_ApplyEyeMakeup_g10_c02
v_ApplyEyeMakeup_g16_c05
v_ApplyEyeMakeup_g20_c04
v_ApplyEyeMakeup_g14_c02
v_ApplyEyeMakeup_g09_c01
v_ApplyEyeMakeup_g21_c05
v_ApplyEyeMakeup_g14_c03
v_ApplyEyeMakeup_g25_c01
v_ApplyEyeMakeup_g15_c04
v_ApplyEyeMakeup_g25_c07
v_ApplyEyeMakeup_g09_c06
v_ApplyEyeMakeup_g23_c02
v_ApplyEyeMakeup_g12_c04
v_ApplyEyeMakeup_g10_c04
v_ApplyEyeMakeup_g09_c06
v_ApplyEyeMakeup_g25_c02
v_ApplyEyeMakeup_g18_c03
v_ApplyEyeMakeup_g20_c05
v_ApplyEyeMakeup_g19_c01
v_ApplyEyeMakeup_g20_c01
v_ApplyEyeMakeup_g23_c06
v_ApplyEyeMakeup_g16_c04
v_ApplyEyeMakeup_g22_c02
v_ApplyEyeMakeup_g23_c01
v_ApplyEyeMakeup_g25_c03
v_ApplyEyeMakeup_g16_c04
v_ApplyEyeMakeup_g13_c03
v_ApplyEyeMakeup_g23_c01
v_ApplyEyeMakeup_g11_c01
v_ApplyEyeMakeup_g13_c03
v_ApplyEyeMakeup_g09_c05
v_ApplyEyeMakeup_g12_c04
v_ApplyEyeMakeup_g20_c06
v_ApplyEyeMakeup_g25_c07
(3072,)
iter 2	train disc cost	-108.67489624023438	time	7.146232843399048
v_ApplyEyeMakeup_g20_c01
v_ApplyEyeMakeup_g21_c01
v_ApplyEyeMakeup_g20_c02
v_ApplyEyeMakeup_g15_c02
v_ApplyEyeMakeup_g10_c02
v_ApplyEyeMakeup_g21_c05
v_ApplyEyeMakeup_g09_c03
v_ApplyEyeMakeup_g10_c01
v_ApplyEyeMakeup_g15_c01
v_ApplyEyeMakeup_g15_c01
v_ApplyEyeMakeup_g18_c03
v_ApplyEyeMakeup_g18_c05
v_ApplyEyeMakeup_g09_c05
v_ApplyEyeMakeup_g20_c04
v_ApplyEyeMakeup_g11_c02
v_ApplyEyeMakeup_g10_c02
v_ApplyEyeMakeup_g16_c03
v_ApplyEyeMakeup_g11_c01
v_ApplyEyeMakeup_g12_c02
v_ApplyEyeMakeup_g24_c01
v_ApplyEyeMakeup_g17_c03
v_ApplyEyeMakeup_g24_c01
v_ApplyEyeMakeup_g11_c04
v_ApplyEyeMakeup_g17_c04
v_ApplyEyeMakeup_g19_c02
v_ApplyEyeMakeup_g23_c02
v_ApplyEyeMakeup_g17_c03
v_ApplyEyeMakeup_g25_c06
v_ApplyEyeMakeup_g09_c05
v_ApplyEyeMakeup_g12_c05
v_ApplyEyeMakeup_g22_c01
v_ApplyEyeMakeup_g11_c05
v_ApplyEyeMakeup_g25_c01
v_ApplyEyeMakeup_g21_c01
v_ApplyEyeMakeup_g14_c04
v_ApplyEyeMakeup_g11_c02
v_ApplyEyeMakeup_g25_c04
v_ApplyEyeMakeup_g14_c05
v_ApplyEyeMakeup_g25_c06
v_ApplyEyeMakeup_g14_c01
v_ApplyEyeMakeup_g12_c02
v_ApplyEyeMakeup_g13_c06
v_ApplyEyeMakeup_g13_c03
v_ApplyEyeMakeup_g12_c02
v_ApplyEyeMakeup_g13_c06
v_ApplyEyeMakeup_g11_c03
v_ApplyEyeMakeup_g15_c05
v_ApplyEyeMakeup_g22_c02
v_ApplyEyeMakeup_g13_c06
v_ApplyEyeMakeup_g16_c04
v_ApplyEyeMakeup_g20_c06
v_ApplyEyeMakeup_g15_c04
v_ApplyEyeMakeup_g17_c03
v_ApplyEyeMakeup_g09_c03
v_ApplyEyeMakeup_g16_c04
v_ApplyEyeMakeup_g14_c05
v_ApplyEyeMakeup_g15_c06
v_ApplyEyeMakeup_g15_c04
v_ApplyEyeMakeup_g17_c01
v_ApplyEyeMakeup_g19_c04
v_ApplyEyeMakeup_g15_c01
v_ApplyEyeMakeup_g17_c05
v_ApplyEyeMakeup_g19_c04
v_ApplyEyeMakeup_g12_c06
(3072,)
v_ApplyEyeMakeup_g11_c05
v_ApplyEyeMakeup_g12_c04
v_ApplyEyeMakeup_g09_c07
v_ApplyEyeMakeup_g25_c07
v_ApplyEyeMakeup_g08_c01
v_ApplyEyeMakeup_g15_c05
v_ApplyEyeMakeup_g17_c03
v_ApplyEyeMakeup_g17_c04
v_ApplyEyeMakeup_g11_c03
v_ApplyEyeMakeup_g15_c01
v_ApplyEyeMakeup_g14_c03
v_ApplyEyeMakeup_g21_c04
v_ApplyEyeMakeup_g19_c01
v_ApplyEyeMakeup_g24_c04
v_ApplyEyeMakeup_g08_c01
v_ApplyEyeMakeup_g20_c05
v_ApplyEyeMakeup_g09_c05
v_ApplyEyeMakeup_g09_c02
v_ApplyEyeMakeup_g16_c04
v_ApplyEyeMakeup_g11_c01
v_ApplyEyeMakeup_g15_c06
v_ApplyEyeMakeup_g15_c02
v_ApplyEyeMakeup_g08_c03
v_ApplyEyeMakeup_g20_c06
v_ApplyEyeMakeup_g18_c02
v_ApplyEyeMakeup_g20_c03
v_ApplyEyeMakeup_g17_c05
v_ApplyEyeMakeup_g09_c07
v_ApplyEyeMakeup_g12_c02
v_ApplyEyeMakeup_g15_c07
v_ApplyEyeMakeup_g25_c05
v_ApplyEyeMakeup_g18_c02
v_ApplyEyeMakeup_g22_c05
v_ApplyEyeMakeup_g13_c06
v_ApplyEyeMakeup_g15_c07
v_ApplyEyeMakeup_g18_c02
v_ApplyEyeMakeup_g22_c05
v_ApplyEyeMakeup_g17_c01
v_ApplyEyeMakeup_g09_c03
v_ApplyEyeMakeup_g23_c06
v_ApplyEyeMakeup_g22_c04
v_ApplyEyeMakeup_g25_c01
v_ApplyEyeMakeup_g14_c02
v_ApplyEyeMakeup_g20_c05
v_ApplyEyeMakeup_g19_c03
v_ApplyEyeMakeup_g13_c02
v_ApplyEyeMakeup_g11_c03
v_ApplyEyeMakeup_g10_c05
v_ApplyEyeMakeup_g09_c07
v_ApplyEyeMakeup_g10_c05
v_ApplyEyeMakeup_g16_c05
v_ApplyEyeMakeup_g24_c02
v_ApplyEyeMakeup_g15_c02
v_ApplyEyeMakeup_g09_c04
v_ApplyEyeMakeup_g09_c04
v_ApplyEyeMakeup_g15_c04
v_ApplyEyeMakeup_g22_c04
v_ApplyEyeMakeup_g08_c04
v_ApplyEyeMakeup_g12_c03
v_ApplyEyeMakeup_g14_c05
v_ApplyEyeMakeup_g09_c02
v_ApplyEyeMakeup_g10_c05
v_ApplyEyeMakeup_g10_c03
v_ApplyEyeMakeup_g20_c02
(3072,)
v_ApplyEyeMakeup_g25_c06
v_ApplyEyeMakeup_g17_c05
v_ApplyEyeMakeup_g10_c02
v_ApplyEyeMakeup_g18_c03
v_ApplyEyeMakeup_g18_c01
v_ApplyEyeMakeup_g24_c01
v_ApplyEyeMakeup_g18_c03
v_ApplyEyeMakeup_g24_c05
v_ApplyEyeMakeup_g18_c01
v_ApplyEyeMakeup_g08_c04
v_ApplyEyeMakeup_g23_c02
v_ApplyEyeMakeup_g15_c06
v_ApplyEyeMakeup_g23_c04
v_ApplyEyeMakeup_g24_c07
v_ApplyEyeMakeup_g24_c03
v_ApplyEyeMakeup_g23_c01
v_ApplyEyeMakeup_g12_c02
v_ApplyEyeMakeup_g17_c04
v_ApplyEyeMakeup_g24_c02
v_ApplyEyeMakeup_g24_c05
v_ApplyEyeMakeup_g11_c02
v_ApplyEyeMakeup_g09_c02
v_ApplyEyeMakeup_g19_c01
v_ApplyEyeMakeup_g20_c06
v_ApplyEyeMakeup_g17_c05
v_ApplyEyeMakeup_g17_c01
v_ApplyEyeMakeup_g13_c02
v_ApplyEyeMakeup_g09_c03
v_ApplyEyeMakeup_g10_c01
v_ApplyEyeMakeup_g11_c01
v_ApplyEyeMakeup_g11_c01
v_ApplyEyeMakeup_g15_c02
v_ApplyEyeMakeup_g11_c04
v_ApplyEyeMakeup_g16_c01
v_ApplyEyeMakeup_g24_c01
v_ApplyEyeMakeup_g14_c03
v_ApplyEyeMakeup_g14_c01
v_ApplyEyeMakeup_g16_c02
v_ApplyEyeMakeup_g17_c04
v_ApplyEyeMakeup_g22_c04
v_ApplyEyeMakeup_g18_c03
v_ApplyEyeMakeup_g16_c03
v_ApplyEyeMakeup_g08_c04
v_ApplyEyeMakeup_g13_c05
v_ApplyEyeMakeup_g12_c02
v_ApplyEyeMakeup_g09_c02
v_ApplyEyeMakeup_g10_c03
v_ApplyEyeMakeup_g09_c04
v_ApplyEyeMakeup_g18_c05
v_ApplyEyeMakeup_g14_c05
v_ApplyEyeMakeup_g23_c03
v_ApplyEyeMakeup_g22_c01
v_ApplyEyeMakeup_g20_c04
v_ApplyEyeMakeup_g08_c05
v_ApplyEyeMakeup_g09_c01
v_ApplyEyeMakeup_g21_c01
v_ApplyEyeMakeup_g24_c06
v_ApplyEyeMakeup_g09_c06
v_ApplyEyeMakeup_g20_c03
v_ApplyEyeMakeup_g22_c03
v_ApplyEyeMakeup_g20_c04
v_ApplyEyeMakeup_g22_c03
v_ApplyEyeMakeup_g20_c04
v_ApplyEyeMakeup_g09_c04
(3072,)
v_ApplyEyeMakeup_g12_c02
v_ApplyEyeMakeup_g14_c02
v_ApplyEyeMakeup_g24_c01
v_ApplyEyeMakeup_g19_c01
v_ApplyEyeMakeup_g11_c03
v_ApplyEyeMakeup_g15_c07
v_ApplyEyeMakeup_g15_c04
v_ApplyEyeMakeup_g10_c05
v_ApplyEyeMakeup_g13_c02
v_ApplyEyeMakeup_g16_c02
v_ApplyEyeMakeup_g11_c04
v_ApplyEyeMakeup_g20_c01
v_ApplyEyeMakeup_g16_c04
v_ApplyEyeMakeup_g23_c03
v_ApplyEyeMakeup_g09_c06
v_ApplyEyeMakeup_g12_c02
v_ApplyEyeMakeup_g18_c01
v_ApplyEyeMakeup_g25_c04
v_ApplyEyeMakeup_g23_c01
v_ApplyEyeMakeup_g22_c01
v_ApplyEyeMakeup_g21_c02
v_ApplyEyeMakeup_g21_c02
v_ApplyEyeMakeup_g12_c04
v_ApplyEyeMakeup_g09_c05
v_ApplyEyeMakeup_g15_c05
v_ApplyEyeMakeup_g13_c06
v_ApplyEyeMakeup_g24_c03
v_ApplyEyeMakeup_g17_c01
v_ApplyEyeMakeup_g15_c07
v_ApplyEyeMakeup_g16_c03
v_ApplyEyeMakeup_g22_c05
v_ApplyEyeMakeup_g15_c04
v_ApplyEyeMakeup_g18_c04
v_ApplyEyeMakeup_g22_c05
v_ApplyEyeMakeup_g20_c02
v_ApplyEyeMakeup_g12_c04
v_ApplyEyeMakeup_g23_c05
v_ApplyEyeMakeup_g13_c05
v_ApplyEyeMakeup_g09_c07
v_ApplyEyeMakeup_g24_c01
v_ApplyEyeMakeup_g17_c04
v_ApplyEyeMakeup_g13_c06
v_ApplyEyeMakeup_g13_c05
v_ApplyEyeMakeup_g18_c05
v_ApplyEyeMakeup_g13_c01
v_ApplyEyeMakeup_g25_c02
v_ApplyEyeMakeup_g16_c01
v_ApplyEyeMakeup_g19_c01
v_ApplyEyeMakeup_g14_c02
v_ApplyEyeMakeup_g13_c05
v_ApplyEyeMakeup_g22_c01
v_ApplyEyeMakeup_g22_c03
v_ApplyEyeMakeup_g23_c04
v_ApplyEyeMakeup_g18_c05
v_ApplyEyeMakeup_g11_c05
v_ApplyEyeMakeup_g16_c04
v_ApplyEyeMakeup_g16_c05
v_ApplyEyeMakeup_g24_c05
v_ApplyEyeMakeup_g11_c03
v_ApplyEyeMakeup_g14_c02
v_ApplyEyeMakeup_g23_c01
v_ApplyEyeMakeup_g25_c05
v_ApplyEyeMakeup_g15_c07
v_ApplyEyeMakeup_g21_c01
(3072,)
v_ApplyEyeMakeup_g09_c06
v_ApplyEyeMakeup_g20_c02
v_ApplyEyeMakeup_g16_c02
v_ApplyEyeMakeup_g24_c07
v_ApplyEyeMakeup_g09_c03
v_ApplyEyeMakeup_g14_c02
v_ApplyEyeMakeup_g14_c03
v_ApplyEyeMakeup_g23_c06
v_ApplyEyeMakeup_g15_c06
v_ApplyEyeMakeup_g13_c02
v_ApplyEyeMakeup_g24_c05
v_ApplyEyeMakeup_g24_c01
v_ApplyEyeMakeup_g12_c02
v_ApplyEyeMakeup_g10_c01
v_ApplyEyeMakeup_g24_c06
v_ApplyEyeMakeup_g13_c04
v_ApplyEyeMakeup_g09_c07
v_ApplyEyeMakeup_g19_c02
v_ApplyEyeMakeup_g14_c02
v_ApplyEyeMakeup_g13_c06
v_ApplyEyeMakeup_g22_c02
v_ApplyEyeMakeup_g22_c05
v_ApplyEyeMakeup_g24_c03
v_ApplyEyeMakeup_g22_c05
v_ApplyEyeMakeup_g15_c04
v_ApplyEyeMakeup_g15_c04
v_ApplyEyeMakeup_g17_c01
v_ApplyEyeMakeup_g17_c03
v_ApplyEyeMakeup_g12_c03
v_ApplyEyeMakeup_g22_c05
v_ApplyEyeMakeup_g13_c04
v_ApplyEyeMakeup_g20_c01
v_ApplyEyeMakeup_g15_c03
v_ApplyEyeMakeup_g12_c02
v_ApplyEyeMakeup_g14_c01
v_ApplyEyeMakeup_g09_c06
v_ApplyEyeMakeup_g15_c05
v_ApplyEyeMakeup_g12_c06
v_ApplyEyeMakeup_g19_c01
v_ApplyEyeMakeup_g13_c02
v_ApplyEyeMakeup_g21_c05
v_ApplyEyeMakeup_g13_c01
v_ApplyEyeMakeup_g21_c02
v_ApplyEyeMakeup_g11_c05
v_ApplyEyeMakeup_g11_c03
v_ApplyEyeMakeup_g19_c04
v_ApplyEyeMakeup_g25_c02
v_ApplyEyeMakeup_g23_c04
v_ApplyEyeMakeup_g21_c04
v_ApplyEyeMakeup_g12_c05
v_ApplyEyeMakeup_g12_c04
v_ApplyEyeMakeup_g23_c03
v_ApplyEyeMakeup_g11_c02
v_ApplyEyeMakeup_g20_c03
v_ApplyEyeMakeup_g18_c03
v_ApplyEyeMakeup_g10_c02
v_ApplyEyeMakeup_g21_c01
v_ApplyEyeMakeup_g15_c04
v_ApplyEyeMakeup_g21_c05
v_ApplyEyeMakeup_g12_c03
v_ApplyEyeMakeup_g18_c03
v_ApplyEyeMakeup_g17_c03
v_ApplyEyeMakeup_g17_c03
v_ApplyEyeMakeup_g12_c03
(3072,)
iter 3	train disc cost	-129.86468505859375	time	7.141366004943848
v_ApplyEyeMakeup_g11_c04
v_ApplyEyeMakeup_g15_c05
v_ApplyEyeMakeup_g25_c06
v_ApplyEyeMakeup_g08_c01
v_ApplyEyeMakeup_g12_c01
v_ApplyEyeMakeup_g14_c05
v_ApplyEyeMakeup_g23_c06
v_ApplyEyeMakeup_g12_c04
v_ApplyEyeMakeup_g19_c04
v_ApplyEyeMakeup_g11_c01
v_ApplyEyeMakeup_g25_c07
v_ApplyEyeMakeup_g25_c05
v_ApplyEyeMakeup_g23_c06
v_ApplyEyeMakeup_g24_c03
v_ApplyEyeMakeup_g18_c02
v_ApplyEyeMakeup_g17_c03
v_ApplyEyeMakeup_g22_c02
v_ApplyEyeMakeup_g22_c01
v_ApplyEyeMakeup_g21_c04
v_ApplyEyeMakeup_g09_c03
v_ApplyEyeMakeup_g11_c03
v_ApplyEyeMakeup_g14_c05
v_ApplyEyeMakeup_g25_c05
v_ApplyEyeMakeup_g23_c03
v_ApplyEyeMakeup_g18_c05
v_ApplyEyeMakeup_g12_c03
v_ApplyEyeMakeup_g25_c04
v_ApplyEyeMakeup_g19_c03
v_ApplyEyeMakeup_g11_c04
v_ApplyEyeMakeup_g13_c05
v_ApplyEyeMakeup_g13_c06
v_ApplyEyeMakeup_g15_c03
v_ApplyEyeMakeup_g14_c05
v_ApplyEyeMakeup_g11_c02
v_ApplyEyeMakeup_g24_c06
v_ApplyEyeMakeup_g14_c02
v_ApplyEyeMakeup_g20_c05
v_ApplyEyeMakeup_g09_c04
v_ApplyEyeMakeup_g17_c01
v_ApplyEyeMakeup_g10_c05
v_ApplyEyeMakeup_g23_c02
v_ApplyEyeMakeup_g17_c01
v_ApplyEyeMakeup_g24_c05
v_ApplyEyeMakeup_g11_c02
v_ApplyEyeMakeup_g15_c07
v_ApplyEyeMakeup_g25_c04
v_ApplyEyeMakeup_g14_c01
v_ApplyEyeMakeup_g14_c01
v_ApplyEyeMakeup_g13_c06
v_ApplyEyeMakeup_g25_c02
v_ApplyEyeMakeup_g15_c05
v_ApplyEyeMakeup_g18_c05
v_ApplyEyeMakeup_g12_c01
v_ApplyEyeMakeup_g21_c04
v_ApplyEyeMakeup_g23_c05
v_ApplyEyeMakeup_g22_c03
v_ApplyEyeMakeup_g24_c05
v_ApplyEyeMakeup_g09_c06
v_ApplyEyeMakeup_g10_c03
v_ApplyEyeMakeup_g25_c07
v_ApplyEyeMakeup_g14_c04
v_ApplyEyeMakeup_g11_c03
v_ApplyEyeMakeup_g18_c03
v_ApplyEyeMakeup_g23_c05
(3072,)
v_ApplyEyeMakeup_g21_c05
v_ApplyEyeMakeup_g12_c04
v_ApplyEyeMakeup_g12_c05
v_ApplyEyeMakeup_g13_c06
v_ApplyEyeMakeup_g19_c02
v_ApplyEyeMakeup_g21_c04
v_ApplyEyeMakeup_g09_c02
v_ApplyEyeMakeup_g15_c04
v_ApplyEyeMakeup_g25_c03
v_ApplyEyeMakeup_g11_c02
v_ApplyEyeMakeup_g09_c07
v_ApplyEyeMakeup_g08_c03
v_ApplyEyeMakeup_g12_c05
v_ApplyEyeMakeup_g18_c01
v_ApplyEyeMakeup_g20_c04
v_ApplyEyeMakeup_g14_c01
v_ApplyEyeMakeup_g19_c04
v_ApplyEyeMakeup_g12_c06
v_ApplyEyeMakeup_g22_c05
v_ApplyEyeMakeup_g17_c03
v_ApplyEyeMakeup_g12_c04
v_ApplyEyeMakeup_g10_c04
v_ApplyEyeMakeup_g18_c03
v_ApplyEyeMakeup_g09_c01
v_ApplyEyeMakeup_g22_c03
v_ApplyEyeMakeup_g12_c03
v_ApplyEyeMakeup_g10_c01
v_ApplyEyeMakeup_g13_c05
v_ApplyEyeMakeup_g08_c05
v_ApplyEyeMakeup_g24_c01
v_ApplyEyeMakeup_g17_c01
v_ApplyEyeMakeup_g20_c05
v_ApplyEyeMakeup_g10_c05
v_ApplyEyeMakeup_g25_c06
v_ApplyEyeMakeup_g17_c02
v_ApplyEyeMakeup_g12_c03
v_ApplyEyeMakeup_g20_c06
v_ApplyEyeMakeup_g25_c04
v_ApplyEyeMakeup_g24_c05
v_ApplyEyeMakeup_g11_c03
v_ApplyEyeMakeup_g15_c07
v_ApplyEyeMakeup_g16_c04
v_ApplyEyeMakeup_g12_c06
v_ApplyEyeMakeup_g11_c04
v_ApplyEyeMakeup_g13_c04
v_ApplyEyeMakeup_g12_c05
v_ApplyEyeMakeup_g15_c04
v_ApplyEyeMakeup_g15_c05
v_ApplyEyeMakeup_g11_c02
v_ApplyEyeMakeup_g17_c03
v_ApplyEyeMakeup_g13_c06
v_ApplyEyeMakeup_g17_c03
v_ApplyEyeMakeup_g13_c03
v_ApplyEyeMakeup_g24_c02
v_ApplyEyeMakeup_g08_c03
v_ApplyEyeMakeup_g10_c03
v_ApplyEyeMakeup_g10_c01
v_ApplyEyeMakeup_g10_c04
v_ApplyEyeMakeup_g11_c01
v_ApplyEyeMakeup_g24_c03
v_ApplyEyeMakeup_g13_c03
v_ApplyEyeMakeup_g21_c01
v_ApplyEyeMakeup_g23_c05
v_ApplyEyeMakeup_g13_c06
(3072,)
v_ApplyEyeMakeup_g19_c02
v_ApplyEyeMakeup_g16_c04
v_ApplyEyeMakeup_g18_c04
v_ApplyEyeMakeup_g23_c02
v_ApplyEyeMakeup_g08_c01
v_ApplyEyeMakeup_g21_c02
v_ApplyEyeMakeup_g18_c03
v_ApplyEyeMakeup_g16_c01
v_ApplyEyeMakeup_g13_c01
v_ApplyEyeMakeup_g25_c04
v_ApplyEyeMakeup_g18_c04
v_ApplyEyeMakeup_g12_c04
v_ApplyEyeMakeup_g09_c06
v_ApplyEyeMakeup_g10_c05
v_ApplyEyeMakeup_g10_c02
v_ApplyEyeMakeup_g18_c01
v_ApplyEyeMakeup_g19_c03
v_ApplyEyeMakeup_g19_c04
v_ApplyEyeMakeup_g13_c03
v_ApplyEyeMakeup_g18_c05
v_ApplyEyeMakeup_g08_c03
v_ApplyEyeMakeup_g23_c05
v_ApplyEyeMakeup_g09_c03
v_ApplyEyeMakeup_g25_c01
v_ApplyEyeMakeup_g12_c03
v_ApplyEyeMakeup_g24_c02
v_ApplyEyeMakeup_g25_c01
v_ApplyEyeMakeup_g24_c03
v_ApplyEyeMakeup_g16_c02
v_ApplyEyeMakeup_g17_c01
v_ApplyEyeMakeup_g20_c01
v_ApplyEyeMakeup_g18_c05
v_ApplyEyeMakeup_g09_c04
v_ApplyEyeMakeup_g15_c06
v_ApplyEyeMakeup_g23_c04
v_ApplyEyeMakeup_g20_c05
v_ApplyEyeMakeup_g23_c02
v_ApplyEyeMakeup_g25_c03
v_ApplyEyeMakeup_g18_c05
v_ApplyEyeMakeup_g25_c07
v_ApplyEyeMakeup_g20_c01
v_ApplyEyeMakeup_g25_c07
v_ApplyEyeMakeup_g15_c07
v_ApplyEyeMakeup_g10_c03
v_ApplyEyeMakeup_g23_c04
v_ApplyEyeMakeup_g16_c03
v_ApplyEyeMakeup_g20_c04
v_ApplyEyeMakeup_g21_c04
v_ApplyEyeMakeup_g16_c03
v_ApplyEyeMakeup_g09_c02
v_ApplyEyeMakeup_g17_c05
v_ApplyEyeMakeup_g14_c05
v_ApplyEyeMakeup_g23_c04
v_ApplyEyeMakeup_g14_c03
v_ApplyEyeMakeup_g13_c04
v_ApplyEyeMakeup_g08_c03
v_ApplyEyeMakeup_g23_c06
v_ApplyEyeMakeup_g25_c03
v_ApplyEyeMakeup_g17_c01
v_ApplyEyeMakeup_g20_c01
v_ApplyEyeMakeup_g24_c06
v_ApplyEyeMakeup_g22_c05
v_ApplyEyeMakeup_g24_c02
v_ApplyEyeMakeup_g19_c04
(3072,)
v_ApplyEyeMakeup_g20_c01
v_ApplyEyeMakeup_g24_c07
v_ApplyEyeMakeup_g23_c04
v_ApplyEyeMakeup_g20_c02
v_ApplyEyeMakeup_g10_c01
v_ApplyEyeMakeup_g23_c04
v_ApplyEyeMakeup_g23_c03
v_ApplyEyeMakeup_g09_c06
v_ApplyEyeMakeup_g24_c04
v_ApplyEyeMakeup_g10_c03
v_ApplyEyeMakeup_g10_c03
v_ApplyEyeMakeup_g16_c04
v_ApplyEyeMakeup_g23_c01
v_ApplyEyeMakeup_g15_c07
v_ApplyEyeMakeup_g17_c05
v_ApplyEyeMakeup_g17_c02
v_ApplyEyeMakeup_g18_c02
v_ApplyEyeMakeup_g22_c02
v_ApplyEyeMakeup_g19_c01
v_ApplyEyeMakeup_g22_c05
v_ApplyEyeMakeup_g08_c03
v_ApplyEyeMakeup_g19_c02
v_ApplyEyeMakeup_g12_c03
v_ApplyEyeMakeup_g22_c01
v_ApplyEyeMakeup_g23_c06
v_ApplyEyeMakeup_g20_c05
v_ApplyEyeMakeup_g24_c03
v_ApplyEyeMakeup_g17_c03
v_ApplyEyeMakeup_g17_c01
v_ApplyEyeMakeup_g11_c04
v_ApplyEyeMakeup_g22_c02
v_ApplyEyeMakeup_g08_c01
v_ApplyEyeMakeup_g22_c03
v_ApplyEyeMakeup_g11_c05
v_ApplyEyeMakeup_g22_c04
v_ApplyEyeMakeup_g11_c03
v_ApplyEyeMakeup_g09_c07
v_ApplyEyeMakeup_g15_c06
v_ApplyEyeMakeup_g11_c03
v_ApplyEyeMakeup_g19_c03
v_ApplyEyeMakeup_g24_c04
v_ApplyEyeMakeup_g23_c06
v_ApplyEyeMakeup_g12_c01
v_ApplyEyeMakeup_g09_c02
v_ApplyEyeMakeup_g24_c06
v_ApplyEyeMakeup_g10_c03
v_ApplyEyeMakeup_g21_c03
v_ApplyEyeMakeup_g24_c06
v_ApplyEyeMakeup_g17_c03
v_ApplyEyeMakeup_g09_c04
v_ApplyEyeMakeup_g18_c01
v_ApplyEyeMakeup_g25_c05
v_ApplyEyeMakeup_g08_c04
v_ApplyEyeMakeup_g09_c07
v_ApplyEyeMakeup_g10_c02
v_ApplyEyeMakeup_g17_c03
v_ApplyEyeMakeup_g16_c02
v_ApplyEyeMakeup_g17_c04
v_ApplyEyeMakeup_g23_c06
v_ApplyEyeMakeup_g20_c02
v_ApplyEyeMakeup_g25_c06
v_ApplyEyeMakeup_g13_c01
v_ApplyEyeMakeup_g19_c04
v_ApplyEyeMakeup_g23_c03
(3072,)
v_ApplyEyeMakeup_g14_c05
v_ApplyEyeMakeup_g14_c03
v_ApplyEyeMakeup_g11_c01
v_ApplyEyeMakeup_g24_c04
v_ApplyEyeMakeup_g12_c04
v_ApplyEyeMakeup_g13_c04
v_ApplyEyeMakeup_g13_c03
v_ApplyEyeMakeup_g21_c04
v_ApplyEyeMakeup_g18_c02
v_ApplyEyeMakeup_g09_c07
v_ApplyEyeMakeup_g23_c04
v_ApplyEyeMakeup_g17_c05
v_ApplyEyeMakeup_g21_c03
v_ApplyEyeMakeup_g24_c01
v_ApplyEyeMakeup_g09_c06
v_ApplyEyeMakeup_g16_c01
v_ApplyEyeMakeup_g21_c02
v_ApplyEyeMakeup_g23_c02
v_ApplyEyeMakeup_g20_c05
v_ApplyEyeMakeup_g22_c01
v_ApplyEyeMakeup_g20_c06
v_ApplyEyeMakeup_g17_c02
v_ApplyEyeMakeup_g09_c01
v_ApplyEyeMakeup_g18_c02
v_ApplyEyeMakeup_g11_c04
v_ApplyEyeMakeup_g09_c05
v_ApplyEyeMakeup_g09_c05
v_ApplyEyeMakeup_g24_c03
v_ApplyEyeMakeup_g16_c03
v_ApplyEyeMakeup_g15_c03
v_ApplyEyeMakeup_g08_c05
v_ApplyEyeMakeup_g21_c01
v_ApplyEyeMakeup_g08_c01
v_ApplyEyeMakeup_g25_c07
v_ApplyEyeMakeup_g16_c01
v_ApplyEyeMakeup_g21_c04
v_ApplyEyeMakeup_g25_c03
v_ApplyEyeMakeup_g11_c03
v_ApplyEyeMakeup_g09_c06
v_ApplyEyeMakeup_g23_c04
v_ApplyEyeMakeup_g18_c03
v_ApplyEyeMakeup_g09_c07
v_ApplyEyeMakeup_g16_c04
v_ApplyEyeMakeup_g22_c03
v_ApplyEyeMakeup_g08_c05
v_ApplyEyeMakeup_g12_c06
v_ApplyEyeMakeup_g15_c07
v_ApplyEyeMakeup_g16_c01
v_ApplyEyeMakeup_g13_c02
v_ApplyEyeMakeup_g15_c06
v_ApplyEyeMakeup_g21_c05
v_ApplyEyeMakeup_g24_c07
v_ApplyEyeMakeup_g24_c03
v_ApplyEyeMakeup_g10_c03
v_ApplyEyeMakeup_g09_c02
v_ApplyEyeMakeup_g18_c03
v_ApplyEyeMakeup_g08_c03
v_ApplyEyeMakeup_g21_c03
v_ApplyEyeMakeup_g17_c05
v_ApplyEyeMakeup_g24_c01
v_ApplyEyeMakeup_g09_c03
v_ApplyEyeMakeup_g14_c04
v_ApplyEyeMakeup_g19_c01
v_ApplyEyeMakeup_g09_c04
(3072,)
iter 4	train disc cost	-134.59873962402344	time	7.089292764663696
v_ApplyEyeMakeup_g19_c01
v_ApplyEyeMakeup_g08_c01
v_ApplyEyeMakeup_g21_c01
v_ApplyEyeMakeup_g12_c05
v_ApplyEyeMakeup_g08_c05
v_ApplyEyeMakeup_g23_c02
v_ApplyEyeMakeup_g09_c07
v_ApplyEyeMakeup_g15_c06
v_ApplyEyeMakeup_g24_c03
v_ApplyEyeMakeup_g10_c01
v_ApplyEyeMakeup_g18_c04
v_ApplyEyeMakeup_g24_c01
v_ApplyEyeMakeup_g18_c03
v_ApplyEyeMakeup_g20_c03
v_ApplyEyeMakeup_g20_c05
v_ApplyEyeMakeup_g11_c01
v_ApplyEyeMakeup_g24_c05
v_ApplyEyeMakeup_g15_c03
v_ApplyEyeMakeup_g08_c03
v_ApplyEyeMakeup_g21_c04
v_ApplyEyeMakeup_g22_c04
v_ApplyEyeMakeup_g20_c06
v_ApplyEyeMakeup_g14_c04
v_ApplyEyeMakeup_g24_c03
v_ApplyEyeMakeup_g24_c01
v_ApplyEyeMakeup_g14_c04
v_ApplyEyeMakeup_g24_c02
v_ApplyEyeMakeup_g09_c06
v_ApplyEyeMakeup_g25_c01
v_ApplyEyeMakeup_g25_c01
v_ApplyEyeMakeup_g15_c01
v_ApplyEyeMakeup_g15_c02
v_ApplyEyeMakeup_g20_c05
v_ApplyEyeMakeup_g23_c04
v_ApplyEyeMakeup_g11_c05
v_ApplyEyeMakeup_g14_c03
v_ApplyEyeMakeup_g18_c03
v_ApplyEyeMakeup_g10_c01
v_ApplyEyeMakeup_g21_c01
v_ApplyEyeMakeup_g24_c06
v_ApplyEyeMakeup_g15_c06
v_ApplyEyeMakeup_g15_c04
v_ApplyEyeMakeup_g18_c03
v_ApplyEyeMakeup_g24_c05
v_ApplyEyeMakeup_g14_c03
v_ApplyEyeMakeup_g20_c05
v_ApplyEyeMakeup_g16_c02
v_ApplyEyeMakeup_g24_c07
v_ApplyEyeMakeup_g17_c02
v_ApplyEyeMakeup_g20_c01
v_ApplyEyeMakeup_g14_c02
v_ApplyEyeMakeup_g09_c04
v_ApplyEyeMakeup_g13_c04
v_ApplyEyeMakeup_g08_c03
v_ApplyEyeMakeup_g25_c02
v_ApplyEyeMakeup_g10_c02
v_ApplyEyeMakeup_g25_c03
v_ApplyEyeMakeup_g23_c05
v_ApplyEyeMakeup_g15_c01
v_ApplyEyeMakeup_g18_c03
v_ApplyEyeMakeup_g24_c02
v_ApplyEyeMakeup_g21_c03
v_ApplyEyeMakeup_g19_c02
v_ApplyEyeMakeup_g17_c01
(3072,)
v_ApplyEyeMakeup_g24_c04
v_ApplyEyeMakeup_g10_c02
v_ApplyEyeMakeup_g17_c04
v_ApplyEyeMakeup_g13_c02
v_ApplyEyeMakeup_g12_c02
v_ApplyEyeMakeup_g13_c04
v_ApplyEyeMakeup_g10_c05
v_ApplyEyeMakeup_g08_c04
v_ApplyEyeMakeup_g23_c02
v_ApplyEyeMakeup_g23_c04
v_ApplyEyeMakeup_g11_c05
v_ApplyEyeMakeup_g09_c06
v_ApplyEyeMakeup_g21_c01
v_ApplyEyeMakeup_g21_c02
v_ApplyEyeMakeup_g23_c04
v_ApplyEyeMakeup_g22_c04
v_ApplyEyeMakeup_g21_c01
v_ApplyEyeMakeup_g19_c01
v_ApplyEyeMakeup_g21_c03
v_ApplyEyeMakeup_g18_c02
v_ApplyEyeMakeup_g13_c05
v_ApplyEyeMakeup_g16_c03
v_ApplyEyeMakeup_g20_c01
v_ApplyEyeMakeup_g15_c04
v_ApplyEyeMakeup_g25_c02
v_ApplyEyeMakeup_g25_c01
v_ApplyEyeMakeup_g15_c01
v_ApplyEyeMakeup_g11_c05
v_ApplyEyeMakeup_g21_c05
v_ApplyEyeMakeup_g21_c03
v_ApplyEyeMakeup_g23_c02
v_ApplyEyeMakeup_g25_c07
v_ApplyEyeMakeup_g23_c04
v_ApplyEyeMakeup_g25_c05
v_ApplyEyeMakeup_g17_c02
v_ApplyEyeMakeup_g20_c01
v_ApplyEyeMakeup_g23_c01
v_ApplyEyeMakeup_g13_c04
v_ApplyEyeMakeup_g15_c06
v_ApplyEyeMakeup_g14_c04
v_ApplyEyeMakeup_g08_c02
v_ApplyEyeMakeup_g11_c05
v_ApplyEyeMakeup_g10_c05
v_ApplyEyeMakeup_g17_c02
v_ApplyEyeMakeup_g15_c01
v_ApplyEyeMakeup_g24_c03
v_ApplyEyeMakeup_g23_c01
v_ApplyEyeMakeup_g15_c02
v_ApplyEyeMakeup_g14_c05
v_ApplyEyeMakeup_g13_c03
v_ApplyEyeMakeup_g15_c04
v_ApplyEyeMakeup_g08_c02
v_ApplyEyeMakeup_g21_c04
v_ApplyEyeMakeup_g08_c03
v_ApplyEyeMakeup_g19_c02
v_ApplyEyeMakeup_g23_c01
v_ApplyEyeMakeup_g25_c06
v_ApplyEyeMakeup_g09_c05
v_ApplyEyeMakeup_g11_c01
v_ApplyEyeMakeup_g10_c02
v_ApplyEyeMakeup_g19_c02
v_ApplyEyeMakeup_g10_c01
v_ApplyEyeMakeup_g25_c02
v_ApplyEyeMakeup_g13_c01
(3072,)
v_ApplyEyeMakeup_g18_c01
v_ApplyEyeMakeup_g11_c04
v_ApplyEyeMakeup_g09_c02
v_ApplyEyeMakeup_g18_c04
v_ApplyEyeMakeup_g14_c01
v_ApplyEyeMakeup_g11_c02
v_ApplyEyeMakeup_g14_c03
v_ApplyEyeMakeup_g25_c01
v_ApplyEyeMakeup_g10_c03
v_ApplyEyeMakeup_g10_c04
v_ApplyEyeMakeup_g21_c05
v_ApplyEyeMakeup_g13_c06
v_ApplyEyeMakeup_g15_c03
v_ApplyEyeMakeup_g12_c04
v_ApplyEyeMakeup_g24_c07
v_ApplyEyeMakeup_g20_c05
v_ApplyEyeMakeup_g23_c05
v_ApplyEyeMakeup_g16_c01
v_ApplyEyeMakeup_g21_c03
v_ApplyEyeMakeup_g14_c05
v_ApplyEyeMakeup_g13_c05
v_ApplyEyeMakeup_g15_c02
v_ApplyEyeMakeup_g22_c03
v_ApplyEyeMakeup_g20_c05
v_ApplyEyeMakeup_g11_c02
v_ApplyEyeMakeup_g18_c02
v_ApplyEyeMakeup_g09_c03
v_ApplyEyeMakeup_g18_c05
v_ApplyEyeMakeup_g23_c01
v_ApplyEyeMakeup_g22_c01
v_ApplyEyeMakeup_g20_c04
v_ApplyEyeMakeup_g12_c03
v_ApplyEyeMakeup_g09_c07
v_ApplyEyeMakeup_g15_c06
v_ApplyEyeMakeup_g23_c01
v_ApplyEyeMakeup_g11_c03
v_ApplyEyeMakeup_g24_c05
v_ApplyEyeMakeup_g15_c06
v_ApplyEyeMakeup_g16_c03
v_ApplyEyeMakeup_g21_c01
v_ApplyEyeMakeup_g22_c03
v_ApplyEyeMakeup_g24_c04
v_ApplyEyeMakeup_g08_c04
v_ApplyEyeMakeup_g20_c06
v_ApplyEyeMakeup_g15_c05
v_ApplyEyeMakeup_g24_c02
v_ApplyEyeMakeup_g24_c01
v_ApplyEyeMakeup_g25_c01
v_ApplyEyeMakeup_g15_c04
v_ApplyEyeMakeup_g23_c06
v_ApplyEyeMakeup_g22_c02
v_ApplyEyeMakeup_g14_c01
v_ApplyEyeMakeup_g13_c06
v_ApplyEyeMakeup_g17_c03
v_ApplyEyeMakeup_g11_c05
v_ApplyEyeMakeup_g14_c04
v_ApplyEyeMakeup_g09_c04
v_ApplyEyeMakeup_g23_c02
v_ApplyEyeMakeup_g10_c03
v_ApplyEyeMakeup_g25_c02
v_ApplyEyeMakeup_g18_c02
v_ApplyEyeMakeup_g16_c02
v_ApplyEyeMakeup_g16_c03
v_ApplyEyeMakeup_g20_c06
(3072,)
v_ApplyEyeMakeup_g10_c04
v_ApplyEyeMakeup_g16_c05
v_ApplyEyeMakeup_g11_c01
v_ApplyEyeMakeup_g10_c04
v_ApplyEyeMakeup_g08_c01
v_ApplyEyeMakeup_g20_c05
v_ApplyEyeMakeup_g14_c05
v_ApplyEyeMakeup_g25_c02
v_ApplyEyeMakeup_g19_c02
v_ApplyEyeMakeup_g13_c02
v_ApplyEyeMakeup_g17_c02
v_ApplyEyeMakeup_g13_c05
v_ApplyEyeMakeup_g18_c04
v_ApplyEyeMakeup_g08_c05
v_ApplyEyeMakeup_g16_c05
v_ApplyEyeMakeup_g10_c05
v_ApplyEyeMakeup_g16_c05
v_ApplyEyeMakeup_g11_c02
v_ApplyEyeMakeup_g11_c01
v_ApplyEyeMakeup_g17_c03
v_ApplyEyeMakeup_g24_c01
v_ApplyEyeMakeup_g11_c05
v_ApplyEyeMakeup_g25_c02
v_ApplyEyeMakeup_g20_c04
v_ApplyEyeMakeup_g08_c04
v_ApplyEyeMakeup_g10_c04
v_ApplyEyeMakeup_g16_c05
v_ApplyEyeMakeup_g16_c05
v_ApplyEyeMakeup_g24_c06
v_ApplyEyeMakeup_g13_c04
v_ApplyEyeMakeup_g20_c06
v_ApplyEyeMakeup_g25_c01
v_ApplyEyeMakeup_g25_c02
v_ApplyEyeMakeup_g09_c02
v_ApplyEyeMakeup_g15_c06
v_ApplyEyeMakeup_g24_c03
v_ApplyEyeMakeup_g25_c06
v_ApplyEyeMakeup_g11_c04
v_ApplyEyeMakeup_g20_c05
v_ApplyEyeMakeup_g25_c06
v_ApplyEyeMakeup_g09_c06
v_ApplyEyeMakeup_g19_c02
v_ApplyEyeMakeup_g10_c04
v_ApplyEyeMakeup_g15_c07
v_ApplyEyeMakeup_g09_c06
v_ApplyEyeMakeup_g25_c05
v_ApplyEyeMakeup_g16_c03
v_ApplyEyeMakeup_g09_c04
v_ApplyEyeMakeup_g16_c05
v_ApplyEyeMakeup_g12_c03
v_ApplyEyeMakeup_g24_c07
v_ApplyEyeMakeup_g15_c04
v_ApplyEyeMakeup_g09_c03
v_ApplyEyeMakeup_g22_c01
v_ApplyEyeMakeup_g14_c05
v_ApplyEyeMakeup_g18_c04
v_ApplyEyeMakeup_g15_c07
v_ApplyEyeMakeup_g23_c03
v_ApplyEyeMakeup_g11_c03
v_ApplyEyeMakeup_g14_c01
v_ApplyEyeMakeup_g25_c05
v_ApplyEyeMakeup_g21_c01
v_ApplyEyeMakeup_g25_c01
v_ApplyEyeMakeup_g24_c02
(3072,)
v_ApplyEyeMakeup_g20_c04
v_ApplyEyeMakeup_g09_c03
v_ApplyEyeMakeup_g14_c03
v_ApplyEyeMakeup_g17_c02
v_ApplyEyeMakeup_g17_c03
v_ApplyEyeMakeup_g24_c05
v_ApplyEyeMakeup_g10_c03
v_ApplyEyeMakeup_g20_c02
v_ApplyEyeMakeup_g14_c01
v_ApplyEyeMakeup_g24_c07
v_ApplyEyeMakeup_g25_c02
v_ApplyEyeMakeup_g20_c01
v_ApplyEyeMakeup_g10_c03
v_ApplyEyeMakeup_g23_c05
v_ApplyEyeMakeup_g24_c07
v_ApplyEyeMakeup_g18_c01
v_ApplyEyeMakeup_g13_c02
v_ApplyEyeMakeup_g09_c02
v_ApplyEyeMakeup_g18_c05
v_ApplyEyeMakeup_g12_c01
v_ApplyEyeMakeup_g13_c04
v_ApplyEyeMakeup_g17_c02
v_ApplyEyeMakeup_g21_c04
v_ApplyEyeMakeup_g21_c03
v_ApplyEyeMakeup_g11_c01
v_ApplyEyeMakeup_g11_c01
v_ApplyEyeMakeup_g20_c05
v_ApplyEyeMakeup_g25_c04
v_ApplyEyeMakeup_g25_c01
v_ApplyEyeMakeup_g23_c02
v_ApplyEyeMakeup_g09_c02
v_ApplyEyeMakeup_g24_c05
v_ApplyEyeMakeup_g13_c03
v_ApplyEyeMakeup_g14_c04
v_ApplyEyeMakeup_g13_c05
v_ApplyEyeMakeup_g16_c02
v_ApplyEyeMakeup_g12_c02
v_ApplyEyeMakeup_g12_c02
v_ApplyEyeMakeup_g25_c02
v_ApplyEyeMakeup_g21_c05
v_ApplyEyeMakeup_g21_c02
v_ApplyEyeMakeup_g15_c02
v_ApplyEyeMakeup_g13_c01
v_ApplyEyeMakeup_g14_c03
v_ApplyEyeMakeup_g14_c02
v_ApplyEyeMakeup_g15_c07
v_ApplyEyeMakeup_g09_c07
v_ApplyEyeMakeup_g24_c04
v_ApplyEyeMakeup_g13_c06
v_ApplyEyeMakeup_g14_c04
v_ApplyEyeMakeup_g19_c03
v_ApplyEyeMakeup_g22_c04
v_ApplyEyeMakeup_g22_c02
v_ApplyEyeMakeup_g14_c01
v_ApplyEyeMakeup_g17_c05
v_ApplyEyeMakeup_g20_c02
v_ApplyEyeMakeup_g16_c01
v_ApplyEyeMakeup_g25_c07
v_ApplyEyeMakeup_g24_c03
v_ApplyEyeMakeup_g13_c02
v_ApplyEyeMakeup_g10_c01
v_ApplyEyeMakeup_g13_c01
v_ApplyEyeMakeup_g25_c06
v_ApplyEyeMakeup_g16_c04
(3072,)
v_ApplyEyeMakeup_g20_c06
v_ApplyEyeMakeup_g16_c03
v_ApplyEyeMakeup_g14_c04
v_ApplyEyeMakeup_g20_c05
v_ApplyEyeMakeup_g09_c06
v_ApplyEyeMakeup_g25_c01
v_ApplyEyeMakeup_g09_c05
v_ApplyEyeMakeup_g09_c06
v_ApplyEyeMakeup_g17_c01
v_ApplyEyeMakeup_g14_c03
v_ApplyEyeMakeup_g12_c02
v_ApplyEyeMakeup_g09_c04
v_ApplyEyeMakeup_g17_c01
v_ApplyEyeMakeup_g08_c05
v_ApplyEyeMakeup_g09_c03
v_ApplyEyeMakeup_g24_c05
v_ApplyEyeMakeup_g10_c04
v_ApplyEyeMakeup_g13_c01
v_ApplyEyeMakeup_g18_c05
v_ApplyEyeMakeup_g25_c07