2018-08-24 13:32:03.449944: I tensorflow/stream_executor/cuda/cuda_gpu_executor.cc:897] successful NUMA node read from SysFS had negative value (-1), but there must be at least one NUMA node, so returning NUMA node zero
2018-08-24 13:32:03.450378: I tensorflow/core/common_runtime/gpu/gpu_device.cc:1405] Found device 0 with properties: 
name: GeForce GTX 960 major: 5 minor: 2 memoryClockRate(GHz): 1.228
pciBusID: 0000:01:00.0
totalMemory: 1,95GiB freeMemory: 1,64GiB
2018-08-24 13:32:03.450405: I tensorflow/core/common_runtime/gpu/gpu_device.cc:1484] Adding visible gpu devices: 0
2018-08-24 13:32:03.680783: I tensorflow/core/common_runtime/gpu/gpu_device.cc:965] Device interconnect StreamExecutor with strength 1 edge matrix:
2018-08-24 13:32:03.680833: I tensorflow/core/common_runtime/gpu/gpu_device.cc:971]      0 
2018-08-24 13:32:03.680843: I tensorflow/core/common_runtime/gpu/gpu_device.cc:984] 0:   N 
2018-08-24 13:32:03.680994: I tensorflow/core/common_runtime/gpu/gpu_device.cc:1097] Created TensorFlow device (/job:localhost/replica:0/task:0/device:GPU:0 with 1395 MB memory) -> physical GPU (device: 0, name: GeForce GTX 960, pci bus id: 0000:01:00.0, compute capability: 5.2)
Uppercase local vars:
	BATCH_SIZE: 64
	CRITIC_ITERS: 5
	DIM: 64
	ITERS: 100000
	LAMBDA: 10
	MODE: wgan-gp
	OUTPUT_DIM: 3072
Creating train generator with 139 samples.
iter 0	train disc cost	-3.8669633865356445	time	11.412932634353638
iter 1	train disc cost	-12.934639930725098	time	12.582382202148438
iter 2	train disc cost	-29.022798538208008	time	11.413822889328003
iter 3	train disc cost	-53.993675231933594	time	11.346934080123901
iter 4	train disc cost	-79.2603530883789	time	12.031023502349854
iter 99	dev disc cost	-34.023189544677734	train disc cost	-68.84144592285156	time	9.870586924803884
iter 199	dev disc cost	-28.006729125976562	train disc cost	-30.427417755126953	time	8.788653120994567
iter 299	dev disc cost	-32.975433349609375	train disc cost	-29.251220703125	time	8.479414129257203
iter 399	dev disc cost	-28.008380889892578	train disc cost	-29.92794418334961	time	8.357744517326354
iter 499	dev disc cost	-36.71473693847656	train disc cost	-29.877819061279297	time	8.396773989200591
iter 599	dev disc cost	-35.25453567504883	train disc cost	-30.667686462402344	time	8.396403264999389
iter 699	dev disc cost	-28.79531478881836	train disc cost	-31.163349151611328	time	8.407213320732117
iter 799	dev disc cost	-34.17446517944336	train disc cost	-31.575876235961914	time	8.388573517799378
iter 899	dev disc cost	-32.33053207397461	train disc cost	-31.398256301879883	time	8.453609099388123
iter 999	dev disc cost	-34.967777252197266	train disc cost	-31.25729751586914	time	8.433699831962585
iter 1099	dev disc cost	-27.58901596069336	train disc cost	-32.06111526489258	time	8.428155455589295
iter 1199	dev disc cost	-36.559627532958984	train disc cost	-32.090518951416016	time	8.4420294880867
iter 1299	dev disc cost	-33.87007141113281	train disc cost	-32.717262268066406	time	8.485756115913391
iter 1399	dev disc cost	-37.85535430908203	train disc cost	-32.72859191894531	time	8.483825623989105
iter 1499	dev disc cost	-30.8067626953125	train disc cost	-32.705902099609375	time	8.492095930576324
iter 1599	dev disc cost	-38.12565612792969	train disc cost	-32.7618522644043	time	8.470089809894562
iter 1699	dev disc cost	-36.22710037231445	train disc cost	-33.18681716918945	time	8.4534055352211
iter 1799	dev disc cost	-32.327552795410156	train disc cost	-33.677669525146484	time	8.486878294944763
iter 1899	dev disc cost	-30.99884605407715	train disc cost	-33.93119812011719	time	8.423894493579864
iter 1999	dev disc cost	-36.4127082824707	train disc cost	-33.47914123535156	time	8.427288494110108
iter 2099	dev disc cost	-33.93104553222656	train disc cost	-33.2390251159668	time	8.485388436317443
iter 2199	dev disc cost	-41.82726287841797	train disc cost	-34.160221099853516	time	8.544518673419953
iter 2299	dev disc cost	-32.68816375732422	train disc cost	-34.054298400878906	time	8.504663641452789
iter 2399	dev disc cost	-28.810972213745117	train disc cost	-34.25263214111328	time	8.495093727111817
iter 2499	dev disc cost	-33.90264129638672	train disc cost	-34.59107971191406	time	8.396951017379761
iter 2599	dev disc cost	-34.6671142578125	train disc cost	-34.26057052612305	time	8.442689454555511
iter 2699	dev disc cost	-35.75598907470703	train disc cost	-34.56923294067383	time	8.388870630264282
iter 2799	dev disc cost	-30.840517044067383	train disc cost	-34.61955261230469	time	8.36261881351471
iter 2899	dev disc cost	-33.89056396484375	train disc cost	-35.577110290527344	time	8.393146600723266
iter 2999	dev disc cost	-30.602994918823242	train disc cost	-34.75447082519531	time	8.425187392234802
iter 3099	dev disc cost	-33.69414520263672	train disc cost	-34.890785217285156	time	8.43131172657013
iter 3199	dev disc cost	-37.049774169921875	train disc cost	-34.68586349487305	time	8.345015931129456
iter 3299	dev disc cost	-31.072772979736328	train disc cost	-34.98625564575195	time	8.444182941913605
iter 3399	dev disc cost	-36.735565185546875	train disc cost	-35.071128845214844	time	8.407449810504913
iter 3499	dev disc cost	-38.395713806152344	train disc cost	-35.61174011230469	time	8.46272034406662
iter 3599	dev disc cost	-38.7171630859375	train disc cost	-35.321754455566406	time	8.395987112522125
iter 3699	dev disc cost	-31.885372161865234	train disc cost	-35.58157730102539	time	8.413458495140075
iter 3799	dev disc cost	-33.38121795654297	train disc cost	-35.568538665771484	time	8.281568319797517
iter 3899	dev disc cost	-34.28559494018555	train disc cost	-34.96250534057617	time	8.403047208786012
iter 3999	dev disc cost	-34.62055969238281	train disc cost	-35.62226104736328	time	8.372090275287627
iter 4099	dev disc cost	-33.641082763671875	train disc cost	-35.99540710449219	time	8.507422664165496
iter 4199	dev disc cost	-40.27098083496094	train disc cost	-36.496307373046875	time	8.439830207824707
iter 4299	dev disc cost	-45.24018859863281	train disc cost	-35.53008270263672	time	8.230060276985169
iter 4399	dev disc cost	-36.04701232910156	train disc cost	-36.03057098388672	time	8.41231428861618
iter 4499	dev disc cost	-32.673118591308594	train disc cost	-36.06154251098633	time	8.45752718448639
iter 4599	dev disc cost	-31.061737060546875	train disc cost	-36.3254508972168	time	8.453018290996551
iter 4699	dev disc cost	-38.04173278808594	train disc cost	-36.37617492675781	time	8.313972942829132
iter 4799	dev disc cost	-33.75927734375	train disc cost	-36.72969055175781	time	8.489360013008117
iter 4899	dev disc cost	-31.275508880615234	train disc cost	-36.184993743896484	time	8.45379971265793
iter 4999	dev disc cost	-34.40400695800781	train disc cost	-36.52959060668945	time	8.310943081378937
iter 5099	dev disc cost	-32.98217010498047	train disc cost	-36.48698425292969	time	8.307244129180908
iter 5199	dev disc cost	-33.589420318603516	train disc cost	-36.45451736450195	time	8.512627608776093
iter 5299	dev disc cost	-39.03965377807617	train disc cost	-36.75194549560547	time	8.399927325248719
iter 5399	dev disc cost	-43.17334747314453	train disc cost	-36.4805793762207	time	8.448410818576813
iter 5499	dev disc cost	-33.03410339355469	train disc cost	-36.12678146362305	time	8.433708908557891
iter 5599	dev disc cost	-32.11238479614258	train disc cost	-36.967735290527344	time	8.408592081069946
iter 5699	dev disc cost	-36.64333724975586	train disc cost	-36.964698791503906	time	8.4530641746521
iter 5799	dev disc cost	-32.6107292175293	train disc cost	-37.274444580078125	time	8.31129147052765
iter 5899	dev disc cost	-37.11659240722656	train disc cost	-37.42869186401367	time	8.47311150789261
iter 5999	dev disc cost	-35.88178253173828	train disc cost	-36.839744567871094	time	8.35119515657425
iter 6099	dev disc cost	-39.830841064453125	train disc cost	-36.55984878540039	time	8.472722420692444
iter 6199	dev disc cost	-39.918739318847656	train disc cost	-36.854103088378906	time	8.430230348110198
iter 6299	dev disc cost	-34.401466369628906	train disc cost	-36.99370193481445	time	8.482846395969391
iter 6399	dev disc cost	-39.74687194824219	train disc cost	-37.168392181396484	time	8.272208335399627
iter 6499	dev disc cost	-39.45488739013672	train disc cost	-37.20051193237305	time	8.402832589149476
iter 6599	dev disc cost	-37.45400619506836	train disc cost	-37.15180969238281	time	8.254645116329193
iter 6699	dev disc cost	-38.350372314453125	train disc cost	-37.549957275390625	time	8.402605247497558
iter 6799	dev disc cost	-34.9155158996582	train disc cost	-37.09620666503906	time	8.255218114852905
iter 6899	dev disc cost	-38.99747848510742	train disc cost	-37.291324615478516	time	8.265310370922089
iter 6999	dev disc cost	-34.16809844970703	train disc cost	-37.14018630981445	time	8.435012927055359
iter 7099	dev disc cost	-29.541893005371094	train disc cost	-37.07701110839844	time	8.25616488456726
iter 7199	dev disc cost	-32.416908264160156	train disc cost	-36.68486022949219	time	8.41686900138855
iter 7299	dev disc cost	-29.06927490234375	train disc cost	-37.9394416809082	time	8.467905030250549
iter 7399	dev disc cost	-37.917877197265625	train disc cost	-36.81855392456055	time	8.463308503627777
iter 7499	dev disc cost	-33.73595428466797	train disc cost	-37.446861267089844	time	8.36057980298996
iter 7599	dev disc cost	-33.88933563232422	train disc cost	-37.882347106933594	time	8.472997188568115
iter 7699	dev disc cost	-39.276283264160156	train disc cost	-37.597957611083984	time	8.479361536502838
iter 7799	dev disc cost	-32.673179626464844	train disc cost	-37.490379333496094	time	8.338784353733063
iter 7899	dev disc cost	-37.176109313964844	train disc cost	-37.561588287353516	time	8.423804850578309
iter 7999	dev disc cost	-34.42559814453125	train disc cost	-37.19225311279297	time	8.498811752796174
iter 8099	dev disc cost	-37.12236022949219	train disc cost	-38.257911682128906	time	8.454985229969024
iter 8199	dev disc cost	-37.540260314941406	train disc cost	-37.71836471557617	time	8.420403964519501
iter 8299	dev disc cost	-36.57860565185547	train disc cost	-37.151214599609375	time	8.311251587867737
iter 8399	dev disc cost	-40.383392333984375	train disc cost	-37.39620590209961	time	8.305135366916657
iter 8499	dev disc cost	-31.407176971435547	train disc cost	-37.85097885131836	time	8.46989721775055
iter 8599	dev disc cost	-38.431034088134766	train disc cost	-37.596282958984375	time	8.41161806344986
iter 8699	dev disc cost	-36.59465789794922	train disc cost	-37.644020080566406	time	8.54755678653717
iter 8799	dev disc cost	-34.26580810546875	train disc cost	-37.4942512512207	time	8.505518991947174
iter 8899	dev disc cost	-33.92287826538086	train disc cost	-37.688941955566406	time	8.473288085460663
iter 8999	dev disc cost	-37.91423797607422	train disc cost	-37.640323638916016	time	8.445475196838379
iter 9099	dev disc cost	-36.631752014160156	train disc cost	-37.842529296875	time	8.493894765377044
iter 9199	dev disc cost	-36.595218658447266	train disc cost	-38.116703033447266	time	8.475011134147644
iter 9299	dev disc cost	-38.99523162841797	train disc cost	-38.26408386230469	time	8.476963167190553
iter 9399	dev disc cost	-37.361328125	train disc cost	-37.4443473815918	time	8.401390736103059
iter 9499	dev disc cost	-34.94384002685547	train disc cost	-38.030513763427734	time	8.414400169849396
iter 9599	dev disc cost	-38.275184631347656	train disc cost	-37.235774993896484	time	8.29575980424881
iter 9699	dev disc cost	-35.05780792236328	train disc cost	-37.997169494628906	time	8.369518761634827
iter 9799	dev disc cost	-37.94868469238281	train disc cost	-38.4344482421875	time	8.529504749774933
iter 9899	dev disc cost	-42.4582405090332	train disc cost	-37.68913650512695	time	8.535467460155488
iter 9999	dev disc cost	-37.1525764465332	train disc cost	-37.663597106933594	time	8.613225538730621
iter 10099	dev disc cost	-41.00178527832031	train disc cost	-37.42637634277344	time	8.461387214660645
iter 10199	dev disc cost	-40.143070220947266	train disc cost	-37.88604736328125	time	8.523997268676759
iter 10299	dev disc cost	-49.207847595214844	train disc cost	-36.85446548461914	time	8.461557581424714
iter 10399	dev disc cost	-35.79779815673828	train disc cost	-37.61955261230469	time	8.462781307697297
iter 10499	dev disc cost	-35.82527542114258	train disc cost	-38.3584098815918	time	8.444603674411773
iter 10599	dev disc cost	-37.86602020263672	train disc cost	-38.38262939453125	time	8.447934675216676
iter 10699	dev disc cost	-33.0318603515625	train disc cost	-37.910648345947266	time	8.423734884262085
iter 10799	dev disc cost	-32.18296432495117	train disc cost	-37.819915771484375	time	8.255340976715088
iter 10899	dev disc cost	-40.82258605957031	train disc cost	-38.24773406982422	time	8.396581344604492
iter 10999	dev disc cost	-37.00990295410156	train disc cost	-38.32978439331055	time	8.334701867103577
iter 11099	dev disc cost	-44.84042739868164	train disc cost	-37.84415054321289	time	8.470268981456757
iter 11199	dev disc cost	-36.310394287109375	train disc cost	-37.53424072265625	time	8.508522548675536
iter 11299	dev disc cost	-35.41054153442383	train disc cost	-38.552772521972656	time	8.473329713344574
iter 11399	dev disc cost	-34.832420349121094	train disc cost	-37.648860931396484	time	8.518196671009063
iter 11499	dev disc cost	-37.27875518798828	train disc cost	-38.192481994628906	time	8.513343222141266
iter 11599	dev disc cost	-33.22358322143555	train disc cost	-38.23802185058594	time	8.288330142498017
iter 11699	dev disc cost	-38.520729064941406	train disc cost	-37.61393737792969	time	8.400803229808808
iter 11799	dev disc cost	-35.97099304199219	train disc cost	-38.03831100463867	time	8.287033710479736
iter 11899	dev disc cost	-38.85236358642578	train disc cost	-37.43277359008789	time	8.40806434392929
iter 11999	dev disc cost	-40.0848503112793	train disc cost	-38.07439041137695	time	8.42196047782898
iter 12099	dev disc cost	-44.903953552246094	train disc cost	-37.8272819519043	time	8.695426940917969
iter 12199	dev disc cost	-36.757389068603516	train disc cost	-37.69157791137695	time	8.664489316940308
iter 12299	dev disc cost	-42.51441192626953	train disc cost	-38.40964889526367	time	8.385503804683685
iter 12399	dev disc cost	-41.80625915527344	train disc cost	-38.607452392578125	time	8.466546304225922
iter 12499	dev disc cost	-42.751625061035156	train disc cost	-38.422611236572266	time	8.416305713653564
iter 12599	dev disc cost	-40.52882385253906	train disc cost	-38.608184814453125	time	8.348900339603425
iter 12699	dev disc cost	-50.5583610534668	train disc cost	-38.13465881347656	time	8.27127981185913
iter 12799	dev disc cost	-38.039058685302734	train disc cost	-37.84131622314453	time	8.412113721370696
iter 12899	dev disc cost	-40.31532287597656	train disc cost	-38.52156448364258	time	8.40065416574478
iter 12999	dev disc cost	-36.61418151855469	train disc cost	-38.656288146972656	time	8.218775537014007
iter 13099	dev disc cost	-37.98546600341797	train disc cost	-38.56547546386719	time	8.332167711257934
iter 13199	dev disc cost	-32.40594482421875	train disc cost	-37.97898864746094	time	8.460967140197754
iter 13299	dev disc cost	-44.40201950073242	train disc cost	-37.7984733581543	time	8.413434398174285
iter 13399	dev disc cost	-41.846336364746094	train disc cost	-38.93232345581055	time	8.483580462932586
iter 13499	dev disc cost	-41.33782196044922	train disc cost	-38.438575744628906	time	8.452998394966125
iter 13599	dev disc cost	-40.66911697387695	train disc cost	-37.76580047607422	time	8.286542747020722
iter 13699	dev disc cost	-44.64278793334961	train disc cost	-38.41905212402344	time	8.401964156627654
iter 13799	dev disc cost	-37.251190185546875	train disc cost	-38.323280334472656	time	8.291506488323211
iter 13899	dev disc cost	-33.75083923339844	train disc cost	-38.8277473449707	time	8.433952105045318
iter 13999	dev disc cost	-36.50587844848633	train disc cost	-38.85371017456055	time	8.37561193227768
iter 14099	dev disc cost	-37.75284957885742	train disc cost	-38.0550422668457	time	8.268826987743378
iter 14199	dev disc cost	-38.339111328125	train disc cost	-38.39112854003906	time	8.343403680324554
iter 14299	dev disc cost	-36.214115142822266	train disc cost	-38.70700454711914	time	8.464587881565095
iter 14399	dev disc cost	-36.78331756591797	train disc cost	-38.333126068115234	time	8.499859960079194
iter 14499	dev disc cost	-36.40959548950195	train disc cost	-38.46845245361328	time	8.308546044826507
iter 14599	dev disc cost	-35.012996673583984	train disc cost	-38.566707611083984	time	8.531644313335418
iter 14699	dev disc cost	-36.979122161865234	train disc cost	-38.898677825927734	time	8.385588123798371
iter 14799	dev disc cost	-38.946102142333984	train disc cost	-38.5667839050293	time	8.434780683517456
iter 14899	dev disc cost	-33.16367721557617	train disc cost	-38.47237777709961	time	8.438864736557006
iter 14999	dev disc cost	-39.980247497558594	train disc cost	-38.677879333496094	time	8.40071480512619
iter 15099	dev disc cost	-41.85456848144531	train disc cost	-38.738868713378906	time	8.448928167819977
iter 15199	dev disc cost	-38.60344696044922	train disc cost	-38.916343688964844	time	8.386796803474427
iter 15299	dev disc cost	-41.95198059082031	train disc cost	-38.759342193603516	time	8.509556186199188
iter 15399	dev disc cost	-38.34778594970703	train disc cost	-38.28599548339844	time	8.476807026863098
iter 15499	dev disc cost	-39.44357681274414	train disc cost	-38.59441375732422	time	8.511473073959351
iter 15599	dev disc cost	-32.66901397705078	train disc cost	-38.53261947631836	time	8.51984783411026
iter 15699	dev disc cost	-49.5526123046875	train disc cost	-38.52886962890625	time	8.447699253559113
iter 15799	dev disc cost	-41.27132034301758	train disc cost	-38.5802116394043	time	8.428336050510406